2024-12-13 23:52:27,732 [INFO] Activator:176 - 


2024-12-13 23:52:27,735 [INFO] Activator:177 - !SESSION log4j initialized
2024-12-13 23:52:32,650 [INFO] LogOutputStream:77 - [STDOUT_REDIRECT] 
2024-12-13 23:52:33,952 [INFO] ApplicationProperties:184 - Using Application install path: C:\ST\STM32CubeIDE_1.13.2\STM32CubeIDE\plugins\com.st.stm32cube.common.mx_6.11.1.202404110753
2024-12-13 23:52:33,968 [INFO] DbMcusXml:78 - Set database path to: C:\ST\STM32CubeIDE_1.13.2\STM32CubeIDE\plugins\com.st.stm32cube.common.mx_6.11.1.202404110753\\db\/mcu/
2024-12-13 23:52:33,969 [INFO] ApiDb:274 - Set plugin database path to: C:\ST\STM32CubeIDE_1.13.2\STM32CubeIDE\plugins\com.st.stm32cube.common.mx_6.11.1.202404110753\\db\/plugins/boardmanager/
2024-12-13 23:52:33,969 [WARN] ApiDb:259 - Overriding images path with different value:  => C:\ST\STM32CubeIDE_1.13.2\STM32CubeIDE\plugins\com.st.stm32cube.common.mx_6.11.1.202404110753\\db\/plugins/mcufinder/images/
2024-12-13 23:52:33,975 [INFO] ApiDb:250 - Set database path to: C:\Users\user\.stmcufinder\plugins\mcufinder//mcu/
2024-12-13 23:52:33,976 [INFO] DbMcusAds:125 - Set database path to: C:\Users\user\.stmcufinder\plugins\mcufinder//mcu/
2024-12-13 23:52:33,977 [INFO] CrossReferenceDbSqlite:203 - Set database path to: C:\Users\user\.stmcufinder\plugins\mcufinder//mcu/cs/
2024-12-13 23:52:34,083 [INFO] RulesReader:64 - Compatibility file has been processed (297 Rules)
2024-12-13 23:52:34,160 [INFO] DbMcusXml:78 - Set database path to: C:\ST\STM32CubeIDE_1.13.2\STM32CubeIDE\plugins\com.st.stm32cube.common.mx_6.11.1.202404110753\\db\/mcu/
2024-12-13 23:52:34,161 [INFO] ApiDb:274 - Set plugin database path to: C:\ST\STM32CubeIDE_1.13.2\STM32CubeIDE\plugins\com.st.stm32cube.common.mx_6.11.1.202404110753\\db\/plugins/boardmanager/
2024-12-13 23:52:34,161 [INFO] ApiDb:261 - Set plugin images path to: C:\ST\STM32CubeIDE_1.13.2\STM32CubeIDE\plugins\com.st.stm32cube.common.mx_6.11.1.202404110753\\db\/plugins/mcufinder/images/
2024-12-13 23:52:34,161 [WARN] DbFile:41 - Overriding database path with different value: C:\Users\user\.stmcufinder\plugins\mcufinder/ => C:\Users\user\.stmcufinder\plugins\mcufinder
2024-12-13 23:52:34,161 [INFO] ApiDb:250 - Set database path to: C:\Users\user\.stmcufinder\plugins\mcufinder//mcu/
2024-12-13 23:52:34,161 [WARN] DbFile:41 - Overriding database path with different value: C:\Users\user\.stmcufinder\plugins\mcufinder/ => C:\Users\user\.stmcufinder\plugins\mcufinder
2024-12-13 23:52:34,161 [INFO] DbMcusAds:125 - Set database path to: C:\Users\user\.stmcufinder\plugins\mcufinder//mcu/
2024-12-13 23:52:34,161 [WARN] DbFile:41 - Overriding database path with different value: C:\Users\user\.stmcufinder\plugins\mcufinder/ => C:\Users\user\.stmcufinder\plugins\mcufinder
2024-12-13 23:52:34,161 [WARN] DbFile:41 - Overriding database path with different value: C:\Users\user\.stmcufinder\plugins\mcufinder/ => C:\Users\user\.stmcufinder\plugins\mcufinder
2024-12-13 23:52:34,161 [INFO] CrossReferenceDbSqlite:203 - Set database path to: C:\Users\user\.stmcufinder\plugins\mcufinder//mcu/cs/
2024-12-13 23:52:34,227 [INFO] MainPanel:264 - HeapMemory: 268435456
2024-12-13 23:52:34,305 [INFO] DbMcusXml:78 - Set database path to: C:\ST\STM32CubeIDE_1.13.2\STM32CubeIDE\plugins\com.st.stm32cube.common.mx_6.11.1.202404110753\\db\/mcu/
2024-12-13 23:52:34,305 [INFO] ApiDb:274 - Set plugin database path to: C:\ST\STM32CubeIDE_1.13.2\STM32CubeIDE\plugins\com.st.stm32cube.common.mx_6.11.1.202404110753\\db\/plugins/boardmanager/
2024-12-13 23:52:34,305 [INFO] ApiDb:261 - Set plugin images path to: C:\ST\STM32CubeIDE_1.13.2\STM32CubeIDE\plugins\com.st.stm32cube.common.mx_6.11.1.202404110753\\db\/plugins/mcufinder/images/
2024-12-13 23:52:34,306 [WARN] DbFile:41 - Overriding database path with different value: C:\Users\user\.stmcufinder\plugins\mcufinder/ => C:\Users\user\.stmcufinder\plugins\mcufinder
2024-12-13 23:52:34,306 [INFO] ApiDb:250 - Set database path to: C:\Users\user\.stmcufinder\plugins\mcufinder//mcu/
2024-12-13 23:52:34,306 [WARN] DbFile:41 - Overriding database path with different value: C:\Users\user\.stmcufinder\plugins\mcufinder/ => C:\Users\user\.stmcufinder\plugins\mcufinder
2024-12-13 23:52:34,306 [INFO] DbMcusAds:125 - Set database path to: C:\Users\user\.stmcufinder\plugins\mcufinder//mcu/
2024-12-13 23:52:34,306 [WARN] DbFile:41 - Overriding database path with different value: C:\Users\user\.stmcufinder\plugins\mcufinder/ => C:\Users\user\.stmcufinder\plugins\mcufinder
2024-12-13 23:52:34,306 [WARN] DbFile:41 - Overriding database path with different value: C:\Users\user\.stmcufinder\plugins\mcufinder/ => C:\Users\user\.stmcufinder\plugins\mcufinder
2024-12-13 23:52:34,306 [INFO] CrossReferenceDbSqlite:203 - Set database path to: C:\Users\user\.stmcufinder\plugins\mcufinder//mcu/cs/
2024-12-13 23:52:34,324 [INFO] ApplicationProperties:184 - Using Application install path: C:\ST\STM32CubeIDE_1.13.2\STM32CubeIDE\plugins\com.st.stm32cube.common.mx_6.11.1.202404110753
2024-12-13 23:52:34,326 [INFO] PluginManage:196 - Search for loadable plugins [exclusion list=, ]
2024-12-13 23:52:34,327 [INFO] PluginManage:310 - Check plugin analytics
2024-12-13 23:52:34,455 [INFO] AnalyticsPlugin:253 - Accepted Software Licenses: 
2024-12-13 23:52:34,455 [INFO] AnalyticsPlugin:255 - Accepted CMSIS Pack Licenses: 
2024-12-13 23:52:34,455 [INFO] AnalyticsPlugin:257 - Accepted Firmware Licenses: FW.F4.1.27.0,FW.F4.1.28.0
2024-12-13 23:52:34,458 [INFO] PluginManage:359 - Loaded plugin analytics (category:tool,tabindex:-1)
2024-12-13 23:52:34,458 [INFO] PluginManage:310 - Check plugin cadmodel
2024-12-13 23:52:34,476 [INFO] CADModel:105 - Init CAD model plugin
2024-12-13 23:52:34,476 [INFO] PluginManage:359 - Loaded plugin cadmodel (category:power,tabindex:5)
2024-12-13 23:52:34,476 [INFO] PluginManage:310 - Check plugin clock
2024-12-13 23:52:34,494 [INFO] PluginManage:359 - Loaded plugin clock (category:base,tabindex:2)
2024-12-13 23:52:34,495 [INFO] PluginManage:310 - Check plugin ddr
2024-12-13 23:52:34,496 [INFO] PluginManage:359 - Loaded plugin ddr (category:tool,tabindex:6)
2024-12-13 23:52:34,496 [INFO] PluginManage:310 - Check plugin filemanager
2024-12-13 23:52:34,602 [INFO] PluginManage:359 - Loaded plugin filemanager (category:base,tabindex:10)
2024-12-13 23:52:34,602 [INFO] PluginManage:310 - Check plugin ipmanager
2024-12-13 23:52:34,608 [INFO] PluginManage:359 - Loaded plugin ipmanager (category:base,tabindex:5)
2024-12-13 23:52:34,608 [INFO] PluginManage:310 - Check plugin lpbam
2024-12-13 23:52:34,625 [INFO] PluginManage:359 - Loaded plugin lpbam (category:base,tabindex:0)
2024-12-13 23:52:34,626 [INFO] PluginManage:310 - Check plugin memorymap
2024-12-13 23:52:34,646 [INFO] PluginManage:359 - Loaded plugin memorymap (category:base,tabindex:4)
2024-12-13 23:52:34,646 [INFO] PluginManage:310 - Check plugin pinoutandconfiguration
2024-12-13 23:52:34,661 [INFO] PluginManage:359 - Loaded plugin pinoutandconfiguration (category:base,tabindex:1)
2024-12-13 23:52:34,661 [INFO] PluginManage:310 - Check plugin pinoutconfig
2024-12-13 23:52:34,737 [WARN] SupportedApi:132 - Cannot load RTOS API schema: s4s-elt-must-match.1: The content of 'definitions' must match (annotation?, (simpleType | complexType)?, (unique | key | keyref)*)). A problem was found starting at: attribute.
2024-12-13 23:52:34,836 [INFO] PluginManage:359 - Loaded plugin pinoutconfig (category:base,tabindex:0)
2024-12-13 23:52:34,836 [INFO] PluginManage:310 - Check plugin power
2024-12-13 23:52:34,854 [INFO] PluginManage:359 - Loaded plugin power (category:power,tabindex:4)
2024-12-13 23:52:34,854 [INFO] PluginManage:310 - Check plugin projectmanager
2024-12-13 23:52:34,866 [INFO] PluginManage:359 - Loaded plugin projectmanager (category:projectmanager,tabindex:3)
2024-12-13 23:52:34,866 [INFO] PluginManage:310 - Check plugin thirdparty
2024-12-13 23:52:35,082 [INFO] PluginManage:359 - Loaded plugin thirdparty (category:base,tabindex:-1)
2024-12-13 23:52:35,083 [INFO] PluginManage:310 - Check plugin tools
2024-12-13 23:52:35,082 [WARN] IntegrityCheckThread:84 - waiting for thirdparty lock release [integrity check]
2024-12-13 23:52:35,083 [INFO] IntegrityCheckThread:86 - entering critical section [integrity check]
2024-12-13 23:52:35,083 [INFO] ThirdPartyUpdaterWithRetryManager:70 - Updater plugin not ready yet. [1/15]
2024-12-13 23:52:35,124 [INFO] PluginManage:359 - Loaded plugin tools (category:base,tabindex:7)
2024-12-13 23:52:35,125 [INFO] PluginManage:310 - Check plugin tutovideos
2024-12-13 23:52:35,287 [INFO] PluginManage:359 - Loaded plugin tutovideos (category:base,tabindex:-1)
2024-12-13 23:52:35,287 [INFO] PluginManage:310 - Check plugin updater
2024-12-13 23:52:35,296 [INFO] PluginManage:359 - Loaded plugin updater (category:base,tabindex:12)
2024-12-13 23:52:35,296 [INFO] PluginManage:310 - Check plugin userauth
2024-12-13 23:52:35,301 [INFO] UserAuth:114 - Init User Auth plugin
2024-12-13 23:52:35,301 [INFO] PluginManage:359 - Loaded plugin userauth (category:base,tabindex:14)
2024-12-13 23:52:35,301 [INFO] PluginManage:283 - PluginManage : Loaded plugins [17]
2024-12-13 23:52:35,470 [INFO] PinOutPanel:1561 - setPackage(No Configuration,No Configuration)
2024-12-13 23:52:35,536 [INFO] CADModel:165 - CPN selected for project level
2024-12-13 23:52:35,536 [INFO] CADModel:114 - Register for checkConnection events
2024-12-13 23:52:35,562 [INFO] IPUIPlugin:80 - create IPUIPlugin
2024-12-13 23:52:35,562 [INFO] PluginManager:220 - loadIPPluginJar : add adc
2024-12-13 23:52:35,595 [INFO] IPUIPlugin:80 - create IPUIPlugin
2024-12-13 23:52:35,595 [INFO] PluginManager:220 - loadIPPluginJar : add aes
2024-12-13 23:52:35,634 [INFO] IPUIPlugin:80 - create IPUIPlugin
2024-12-13 23:52:35,634 [INFO] PluginManager:220 - loadIPPluginJar : add can
2024-12-13 23:52:35,656 [INFO] IPUIPlugin:80 - create IPUIPlugin
2024-12-13 23:52:35,656 [INFO] PluginManager:220 - loadIPPluginJar : add comp
2024-12-13 23:52:35,684 [INFO] IPUIPlugin:80 - create IPUIPlugin
2024-12-13 23:52:35,685 [INFO] PluginManager:220 - loadIPPluginJar : add cryp
2024-12-13 23:52:35,709 [INFO] IPUIPlugin:80 - create IPUIPlugin
2024-12-13 23:52:35,709 [INFO] PluginManager:220 - loadIPPluginJar : add dfsdm
2024-12-13 23:52:35,723 [INFO] IPUIPlugin:80 - create IPUIPlugin
2024-12-13 23:52:35,724 [INFO] PluginManager:220 - loadIPPluginJar : add dma
2024-12-13 23:52:35,758 [INFO] IPUIPlugin:80 - create IPUIPlugin
2024-12-13 23:52:35,758 [INFO] PluginManager:220 - loadIPPluginJar : add dma3
2024-12-13 23:52:35,791 [INFO] IPUIPlugin:80 - create IPUIPlugin
2024-12-13 23:52:35,791 [INFO] PluginManager:220 - loadIPPluginJar : add extmemmanager
2024-12-13 23:52:35,805 [INFO] IPUIPlugin:80 - create IPUIPlugin
2024-12-13 23:52:35,805 [INFO] PluginManager:220 - loadIPPluginJar : add fatfs
2024-12-13 23:52:35,840 [INFO] IPUIPlugin:80 - create IPUIPlugin
2024-12-13 23:52:35,840 [INFO] PluginManager:220 - loadIPPluginJar : add fmc
2024-12-13 23:52:35,852 [INFO] IPUIPlugin:80 - create IPUIPlugin
2024-12-13 23:52:35,852 [INFO] PluginManager:220 - loadIPPluginJar : add freertos
2024-12-13 23:52:35,868 [INFO] IPUIPlugin:80 - create IPUIPlugin
2024-12-13 23:52:35,869 [INFO] PluginManager:220 - loadIPPluginJar : add genericplugin
2024-12-13 23:52:35,928 [INFO] IPUIPlugin:80 - create IPUIPlugin
2024-12-13 23:52:35,928 [INFO] PluginManager:220 - loadIPPluginJar : add gfxmmu
2024-12-13 23:52:36,028 [INFO] IPUIPlugin:80 - create IPUIPlugin
2024-12-13 23:52:36,028 [INFO] PluginManager:220 - loadIPPluginJar : add gic
2024-12-13 23:52:36,038 [INFO] IPUIPlugin:80 - create IPUIPlugin
2024-12-13 23:52:36,038 [INFO] PluginManager:220 - loadIPPluginJar : add gpio
2024-12-13 23:52:36,108 [INFO] IPUIPlugin:80 - create IPUIPlugin
2024-12-13 23:52:36,108 [INFO] PluginManager:220 - loadIPPluginJar : add gtzc
2024-12-13 23:52:36,128 [INFO] IPUIPlugin:80 - create IPUIPlugin
2024-12-13 23:52:36,128 [INFO] PluginManager:220 - loadIPPluginJar : add hash
2024-12-13 23:52:36,168 [INFO] IPUIPlugin:80 - create IPUIPlugin
2024-12-13 23:52:36,168 [INFO] PluginManager:220 - loadIPPluginJar : add i2c
2024-12-13 23:52:36,198 [INFO] IPUIPlugin:80 - create IPUIPlugin
2024-12-13 23:52:36,198 [INFO] PluginManager:220 - loadIPPluginJar : add i2s
2024-12-13 23:52:36,228 [INFO] IPUIPlugin:80 - create IPUIPlugin
2024-12-13 23:52:36,228 [INFO] PluginManager:220 - loadIPPluginJar : add i3c
2024-12-13 23:52:36,298 [INFO] IPUIPlugin:80 - create IPUIPlugin
2024-12-13 23:52:36,298 [INFO] PluginManager:220 - loadIPPluginJar : add ipddr
2024-12-13 23:52:36,368 [INFO] IPUIPlugin:80 - create IPUIPlugin
2024-12-13 23:52:36,368 [INFO] PluginManager:220 - loadIPPluginJar : add linkedlist
2024-12-13 23:52:36,398 [INFO] IPUIPlugin:80 - create IPUIPlugin
2024-12-13 23:52:36,398 [INFO] PluginManager:220 - loadIPPluginJar : add lorawan
2024-12-13 23:52:36,428 [INFO] IPUIPlugin:80 - create IPUIPlugin
2024-12-13 23:52:36,428 [INFO] PluginManager:220 - loadIPPluginJar : add ltdc
2024-12-13 23:52:36,438 [INFO] IPUIPlugin:80 - create IPUIPlugin
2024-12-13 23:52:36,438 [INFO] PluginManager:220 - loadIPPluginJar : add mdma
2024-12-13 23:52:36,448 [INFO] IPUIPlugin:80 - create IPUIPlugin
2024-12-13 23:52:36,448 [INFO] PluginManager:220 - loadIPPluginJar : add nvic
2024-12-13 23:52:36,478 [INFO] IPUIPlugin:80 - create IPUIPlugin
2024-12-13 23:52:36,478 [INFO] PluginManager:220 - loadIPPluginJar : add opamp
2024-12-13 23:52:36,518 [INFO] IPUIPlugin:80 - create IPUIPlugin
2024-12-13 23:52:36,518 [INFO] PluginManager:220 - loadIPPluginJar : add openamp
2024-12-13 23:52:36,548 [INFO] IPUIPlugin:80 - create IPUIPlugin
2024-12-13 23:52:36,548 [INFO] PluginManager:220 - loadIPPluginJar : add pdm2pcm
2024-12-13 23:52:36,558 [INFO] IPUIPlugin:80 - create IPUIPlugin
2024-12-13 23:52:36,568 [INFO] PluginManager:220 - loadIPPluginJar : add plateformsettings
2024-12-13 23:52:36,578 [INFO] IPUIPlugin:80 - create IPUIPlugin
2024-12-13 23:52:36,578 [INFO] PluginManager:220 - loadIPPluginJar : add quadspi
2024-12-13 23:52:36,588 [INFO] IPUIPlugin:80 - create IPUIPlugin
2024-12-13 23:52:36,588 [INFO] PluginManager:220 - loadIPPluginJar : add resmgrutility
2024-12-13 23:52:36,628 [INFO] IPUIPlugin:80 - create IPUIPlugin
2024-12-13 23:52:36,628 [INFO] PluginManager:220 - loadIPPluginJar : add sai
2024-12-13 23:52:36,658 [INFO] IPUIPlugin:80 - create IPUIPlugin
2024-12-13 23:52:36,658 [INFO] PluginManager:220 - loadIPPluginJar : add spi
2024-12-13 23:52:36,708 [INFO] IPUIPlugin:80 - create IPUIPlugin
2024-12-13 23:52:36,708 [INFO] PluginManager:220 - loadIPPluginJar : add stm32_wpan
2024-12-13 23:52:36,728 [INFO] IPUIPlugin:80 - create IPUIPlugin
2024-12-13 23:52:36,728 [INFO] PluginManager:220 - loadIPPluginJar : add tim
2024-12-13 23:52:36,768 [INFO] IPUIPlugin:80 - create IPUIPlugin
2024-12-13 23:52:36,768 [INFO] PluginManager:220 - loadIPPluginJar : add touchsensing
2024-12-13 23:52:36,788 [INFO] IPUIPlugin:80 - create IPUIPlugin
2024-12-13 23:52:36,788 [INFO] PluginManager:220 - loadIPPluginJar : add tracer_emb
2024-12-13 23:52:36,808 [INFO] IPUIPlugin:80 - create IPUIPlugin
2024-12-13 23:52:36,808 [INFO] PluginManager:220 - loadIPPluginJar : add ts
2024-12-13 23:52:36,828 [INFO] IPUIPlugin:80 - create IPUIPlugin
2024-12-13 23:52:36,828 [INFO] PluginManager:220 - loadIPPluginJar : add tsc
2024-12-13 23:52:36,838 [INFO] IPUIPlugin:80 - create IPUIPlugin
2024-12-13 23:52:36,838 [INFO] PluginManager:220 - loadIPPluginJar : add ucpd
2024-12-13 23:52:36,878 [INFO] IPUIPlugin:80 - create IPUIPlugin
2024-12-13 23:52:36,878 [INFO] PluginManager:220 - loadIPPluginJar : add usart
2024-12-13 23:52:36,908 [INFO] IPUIPlugin:80 - create IPUIPlugin
2024-12-13 23:52:36,908 [INFO] PluginManager:220 - loadIPPluginJar : add usbx
2024-12-13 23:52:37,028 [INFO] CADModel:165 - CPN selected for project level
2024-12-13 23:52:37,028 [INFO] CADModel:114 - Register for checkConnection events
2024-12-13 23:52:37,028 [FATAL] Updater:308 - Updater called before beeing initialized
2024-12-13 23:52:37,028 [ERROR] CADModel:125 - Updater not yet initialized, retry later 
2024-12-13 23:52:37,128 [INFO] CADModel:165 - CPN selected for project level
2024-12-13 23:52:37,128 [INFO] CADModel:114 - Register for checkConnection events
2024-12-13 23:52:37,128 [FATAL] Updater:308 - Updater called before beeing initialized
2024-12-13 23:52:37,128 [ERROR] CADModel:125 - Updater not yet initialized, retry later 
2024-12-13 23:52:37,128 [FATAL] Updater:308 - Updater called before beeing initialized
2024-12-13 23:52:37,187 [FATAL] Updater:308 - Updater called before beeing initialized
2024-12-13 23:52:37,197 [INFO] DbMcusAds:53 - JSON generation date=Thu May 16 11:22:00 CEST 2024 (1715851320667)
2024-12-13 23:52:37,197 [FATAL] Updater:308 - Updater called before beeing initialized
2024-12-13 23:52:37,267 [WARN] DetailPanel:346 - Failed to get advertising image, set to default
2024-12-13 23:52:37,327 [FATAL] Updater:308 - Updater called before beeing initialized
2024-12-13 23:52:37,327 [FATAL] Updater:308 - Updater called before beeing initialized
2024-12-13 23:52:37,327 [FATAL] Updater:308 - Updater called before beeing initialized
2024-12-13 23:52:37,327 [WARN] DetailPanel:346 - Failed to get advertising image, set to default
2024-12-13 23:52:37,327 [FATAL] Updater:308 - Updater called before beeing initialized
2024-12-13 23:52:37,371 [ERROR] Updater:1120 - MainUpdater not yet initialized. External WinMGr cannot be set.
2024-12-13 23:52:37,381 [INFO] Updater:1056 - Updater Version found : 6.11.1
2024-12-13 23:52:37,391 [INFO] ApplicationProperties:184 - Using Application install path: C:\ST\STM32CubeIDE_1.13.2\STM32CubeIDE\plugins\com.st.stm32cube.common.mx_6.11.1.202404110753
2024-12-13 23:52:38,084 [INFO] ThirdPartyUpdaterWithRetryManager:70 - Updater plugin not ready yet. [2/15]
2024-12-13 23:52:38,981 [ERROR] LogOutputStream:75 - [STDERR_REDIRECT] Dec 13, 2024 11:52:38 PM java.util.prefs.WindowsPreferences <init>
2024-12-13 23:52:38,982 [ERROR] LogOutputStream:75 - [STDERR_REDIRECT] WARNING: Could not open/create prefs root node Software\JavaSoft\Prefs at root 0xffffffff80000002. Windows RegCreateKeyEx(...) returned error code 5.
2024-12-13 23:52:38,982 [ERROR] LogOutputStream:75 - [STDERR_REDIRECT] 
2024-12-13 23:52:39,278 [INFO] MainUpdater:2873 - connection check result : 10
2024-12-13 23:52:39,278 [INFO] MainUpdater:3567 - Updater definition file requires update
2024-12-13 23:52:39,279 [INFO] MainUpdater:290 - Updater Check For Update Now.
2024-12-13 23:52:39,279 [INFO] MicroXplorer:498 - Change Database Version : DB.6.0.111
2024-12-13 23:52:39,292 [INFO] McuFinderGlobals:63 - Set McuFinder mode to 2 (CubeIDE integrated)
2024-12-13 23:52:39,300 [INFO] UserAuth:415 - Internet connection configuration mode: 1
2024-12-13 23:52:39,319 [INFO] JxBrowserEngine:152 - Initiate JxBrowser Engine with user profile folder
2024-12-13 23:52:39,345 [INFO] ServerAccessManage:473 - Download File updaters.zip
2024-12-13 23:52:39,422 [INFO] FileExtend:240 - Unzip File : updaters.zip
2024-12-13 23:52:39,422 [INFO] FileExtend:255 - Standard Zip Deflate
2024-12-13 23:52:39,802 [INFO] ServerAccessManage:473 - Download File PacksControlFlags.xml
2024-12-13 23:52:39,902 [INFO] ServerAccessManage:473 - Download File cubemx.pidx
2024-12-13 23:52:40,079 [INFO] ServerAccessManage:473 - Download File STMicroelectronics.FP-ATR-ASTRA1.pdsc
2024-12-13 23:52:40,700 [INFO] ServerAccessManage:473 - Download File STMicroelectronics.X-CUBE-BLEMGR.pdsc
2024-12-13 23:52:40,888 [ERROR] ServerAccessManage:1089 - Problem, file not found on Server
2024-12-13 23:52:41,085 [WARN] MainUpdater:1194 - Updater busy. Cannot search thirdparties
2024-12-13 23:52:41,085 [INFO] ThirdPartyUpdaterWithRetryManager:96 - Updater plugin is busy. [1/15]
2024-12-13 23:52:42,428 [INFO] ServerAccessManage:473 - Download File STMicroelectronics.X-CUBE-FREERTOS.pdsc
2024-12-13 23:52:42,929 [INFO] ServerAccessManage:473 - Download File STMicroelectronics.X-CUBE-TCPP.pdsc
2024-12-13 23:52:44,008 [INFO] ServerAccessManage:473 - Download File quantropi.X-CUBE-qispace-sdk-base.pdsc
2024-12-13 23:52:44,086 [WARN] MainUpdater:1194 - Updater busy. Cannot search thirdparties
2024-12-13 23:52:44,086 [INFO] ThirdPartyUpdaterWithRetryManager:96 - Updater plugin is busy. [2/15]
2024-12-13 23:52:44,242 [WARN] PackLoader:240 - Cannot read IP mode file for STMicroelectronics.FP-ATR-ASTRA1.2.0.1
2024-12-13 23:52:44,274 [WARN] PackLoader:240 - Cannot read IP mode file for STMicroelectronics.X-CUBE-BLEMGR.4.0.0
2024-12-13 23:52:44,293 [WARN] PackLoader:240 - Cannot read IP mode file for STMicroelectronics.X-CUBE-FREERTOS.1.3.0
2024-12-13 23:52:44,310 [WARN] PopulateThirdPartyThread:106 - Error when creating pack: C:/Users/user/.stm32cubemx/thirdparties/pdsc/STMicroelectronics.X-CUBE-TCPP.pdsc
2024-12-13 23:52:44,315 [WARN] ConditionMgr:438 - getConditionDescription Invalid condition id : Cortex-A Device cause : null
2024-12-13 23:52:44,339 [WARN] ConditionMgr:1039 - genDependencies : Invalid condition id : Cortex-A Device cause : null
2024-12-13 23:52:44,339 [WARN] ConditionMgr:1039 - genDependencies : Invalid condition id : Cortex-A Device cause : null
2024-12-13 23:52:44,339 [WARN] ConditionMgr:1039 - genDependencies : Invalid condition id : Cortex-A Device cause : null
2024-12-13 23:52:44,340 [INFO] PopulateThirdPartyThread:66 - Ending populate Thread
2024-12-13 23:52:44,341 [INFO] ThirdParty:1030 - CMSIS Pack Vendor :STMicroelectronics X-CUBE-BLEMGR 4.0.0
2024-12-13 23:52:44,341 [INFO] ThirdParty:1030 - CMSIS Pack Vendor :STMicroelectronics X-CUBE-FREERTOS 1.3.0
2024-12-13 23:52:44,342 [INFO] ThirdParty:1030 - CMSIS Pack Vendor :STMicroelectronics FP-ATR-ASTRA1 2.0.1
2024-12-13 23:52:44,342 [INFO] ThirdParty:1030 - CMSIS Pack Vendor :quantropi X-CUBE-qispace-sdk-base 1.9.3
2024-12-13 23:52:44,342 [INFO] LoadServerUpdatesThread:375 - End of LoadServerUpdate Thread
2024-12-13 23:52:44,382 [INFO] CheckServerUpdateThread:120 - End of CheckServer Thread
2024-12-13 23:52:45,395 [INFO] WebApp:161 - Instantiating new browser for Auth
2024-12-13 23:52:45,818 [INFO] WebApp:779 - Register for checkConnection events
2024-12-13 23:52:45,818 [INFO] WebApp:414 - Apply proxy settings
2024-12-13 23:52:45,818 [INFO] WebApp:499 - Chromium requires no authentication
2024-12-13 23:52:45,819 [INFO] WebApp:442 - Direct internet connection detected
2024-12-13 23:52:45,951 [INFO] WebApp:192 - Starting web application
2024-12-13 23:52:45,951 [INFO] WebApp:544 - Web application path used C:\ST\STM32CubeIDE_1.13.2\STM32CubeIDE\plugins\com.st.stm32cube.common.mx_6.11.1.202404110753\db\plugins\mcufinder\reactClient1\index.html
2024-12-13 23:52:47,214 [WARN] PackLoader:240 - Cannot read IP mode file for STMicroelectronics.FP-SNS-MOTENVWB1.1.4.0
2024-12-13 23:52:47,217 [WARN] PackLoader:240 - Cannot read IP mode file for STMicroelectronics.FP-ATR-ASTRA1.2.0.1
2024-12-13 23:52:47,228 [WARN] PackLoader:240 - Cannot read IP mode file for STMicroelectronics.X-CUBE-SMBUS.2.1.0
2024-12-13 23:52:47,241 [WARN] PackLoader:240 - Cannot read IP mode file for STMicroelectronics.X-CUBE-WB05N.1.1.0
2024-12-13 23:52:47,252 [WARN] PackLoader:240 - Cannot read IP mode file for STMicroelectronics.X-CUBE-TOUCHGFX.4.23.0
2024-12-13 23:52:47,262 [WARN] PackLoader:240 - Cannot read IP mode file for STMicroelectronics.X-CUBE-TOUCHGFX.4.23.2
2024-12-13 23:52:47,286 [WARN] PackLoader:240 - Cannot read IP mode file for STMicroelectronics.X-CUBE-AZRTOS-F7.1.1.0
2024-12-13 23:52:47,301 [WARN] PackLoader:240 - Cannot read IP mode file for STMicroelectronics.FP-SNS-MOTENV1.4.3.2
2024-12-13 23:52:47,349 [WARN] PackLoader:240 - Cannot read IP mode file for STMicroelectronics.X-CUBE-MEMS1.11.0.0
2024-12-13 23:52:47,437 [WARN] PackLoader:240 - Cannot read IP mode file for STMicroelectronics.FP-SNS-FLIGHT1.5.0.2
2024-12-13 23:52:47,454 [WARN] PackLoader:240 - Cannot read IP mode file for STMicroelectronics.X-CUBE-DISPLAY.3.0.0
2024-12-13 23:52:47,469 [WARN] PackLoader:240 - Cannot read IP mode file for STMicroelectronics.X-CUBE-BLE1.7.0.0
2024-12-13 23:52:47,482 [WARN] PackLoader:240 - Cannot read IP mode file for STMicroelectronics.X-CUBE-NFC10.1.0.0
2024-12-13 23:52:47,489 [WARN] PackLoader:240 - Cannot read IP mode file for STMicroelectronics.X-CUBE-BLEMGR.4.0.0
2024-12-13 23:52:47,508 [WARN] PackLoader:240 - Cannot read IP mode file for emotas.I-CUBE-CANOPEN.1.3.0
2024-12-13 23:52:47,524 [WARN] PackLoader:240 - Cannot read IP mode file for STMicroelectronics.X-CUBE-TOUCHGFX.4.22.1
2024-12-13 23:52:47,541 [WARN] PackLoader:240 - Cannot read IP mode file for STMicroelectronics.X-CUBE-BLEMGR.3.1.0
2024-12-13 23:52:47,559 [WARN] PackLoader:240 - Cannot read IP mode file for STMicroelectronics.FP-SNS-SMARTAG2.1.2.0
2024-12-13 23:52:47,582 [INFO] LogOutputStream:77 - [STDOUT_REDIRECT] 1 : Invalid condition id : UX_CORESTACK_Condition cause : null
2024-12-13 23:52:47,582 [INFO] LogOutputStream:77 - [STDOUT_REDIRECT] 1 : Invalid condition id : UX_CORESTACK_Condition cause : null
2024-12-13 23:52:47,583 [INFO] LogOutputStream:77 - [STDOUT_REDIRECT] 1 : Invalid condition id : UX_CORESTACK_Condition cause : null
2024-12-13 23:52:47,584 [INFO] LogOutputStream:77 - [STDOUT_REDIRECT] 1 : Invalid condition id : UX_CORESTACK_Condition cause : null
2024-12-13 23:52:47,585 [INFO] LogOutputStream:77 - [STDOUT_REDIRECT] 1 : Invalid condition id : UX_CORESTACK_Condition cause : null
2024-12-13 23:52:47,587 [WARN] PackLoader:240 - Cannot read IP mode file for STMicroelectronics.X-CUBE-AZRTOS-WL.2.0.0
2024-12-13 23:52:47,605 [WARN] PackLoader:240 - Cannot read IP mode file for STMicroelectronics.FP-SNS-MOTENV1.5.0.0
2024-12-13 23:52:47,610 [WARN] PackLoader:240 - Cannot read IP mode file for wolfSSL.I-CUBE-wolfMQTT.1.19.0
2024-12-13 23:52:47,627 [WARN] PackLoader:240 - Cannot read IP mode file for WES.I-CUBE-Cesium.1.3.0
2024-12-13 23:52:47,642 [WARN] PackLoader:240 - Cannot read IP mode file for STMicroelectronics.X-CUBE-BLE2.3.3.0
2024-12-13 23:52:47,659 [WARN] PackLoader:240 - Cannot read IP mode file for STMicroelectronics.X-CUBE-NFC9.1.0.0
2024-12-13 23:52:47,676 [WARN] PackLoader:240 - Cannot read IP mode file for STMicroelectronics.X-CUBE-TCPP.4.1.0
2024-12-13 23:52:47,693 [WARN] PackLoader:240 - Cannot read IP mode file for STMicroelectronics.X-CUBE-ALGOBUILD.1.3.0
2024-12-13 23:52:47,715 [WARN] PackLoader:240 - Cannot read IP mode file for STMicroelectronics.X-CUBE-AZRTOS-G0.1.1.0
2024-12-13 23:52:47,738 [WARN] PackLoader:240 - Cannot read IP mode file for STMicroelectronics.X-CUBE-SAFEA1.1.2.2
2024-12-13 23:52:47,756 [WARN] PackLoader:240 - Cannot read IP mode file for STMicroelectronics.X-CUBE-NFC4.3.0.0
2024-12-13 23:52:47,768 [WARN] PackLoader:240 - Cannot read IP mode file for wolfSSL.I-CUBE-wolfMQTT.1.18.0
2024-12-13 23:52:47,785 [WARN] PackLoader:240 - Cannot read IP mode file for EmbeddedOffice.I-CUBE-FS-RTOS.1.0.1
2024-12-13 23:52:47,785 [ERROR] ConditionMgr:805 - Attr not supported : Dmpu
2024-12-13 23:52:47,785 [ERROR] ConditionMgr:805 - Attr not supported : Dmpu
2024-12-13 23:52:47,785 [ERROR] ConditionMgr:805 - Attr not supported : Dmpu
2024-12-13 23:52:47,785 [ERROR] ConditionMgr:805 - Attr not supported : Dmpu
2024-12-13 23:52:47,785 [ERROR] ConditionMgr:805 - Attr not supported : Dmpu
2024-12-13 23:52:47,786 [ERROR] ConditionMgr:805 - Attr not supported : Dmpu
2024-12-13 23:52:47,786 [ERROR] ConditionMgr:805 - Attr not supported : Dmpu
2024-12-13 23:52:47,786 [ERROR] ConditionMgr:805 - Attr not supported : Dmpu
2024-12-13 23:52:47,786 [ERROR] ConditionMgr:805 - Attr not supported : Dmpu
2024-12-13 23:52:47,786 [ERROR] ConditionMgr:805 - Attr not supported : Dmpu
2024-12-13 23:52:47,786 [ERROR] ConditionMgr:805 - Attr not supported : Dmpu
2024-12-13 23:52:47,786 [ERROR] ConditionMgr:805 - Attr not supported : Dmpu
2024-12-13 23:52:47,786 [ERROR] ConditionMgr:805 - Attr not supported : Dmpu
2024-12-13 23:52:47,786 [ERROR] ConditionMgr:805 - Attr not supported : Dmpu
2024-12-13 23:52:47,786 [ERROR] ConditionMgr:805 - Attr not supported : Dmpu
2024-12-13 23:52:47,786 [ERROR] ConditionMgr:805 - Attr not supported : Dmpu
2024-12-13 23:52:47,786 [ERROR] ConditionMgr:805 - Attr not supported : Dmpu
2024-12-13 23:52:47,786 [ERROR] ConditionMgr:805 - Attr not supported : Dmpu
2024-12-13 23:52:47,786 [ERROR] ConditionMgr:805 - Attr not supported : Dmpu
2024-12-13 23:52:47,786 [ERROR] ConditionMgr:805 - Attr not supported : Dmpu
2024-12-13 23:52:47,786 [ERROR] ConditionMgr:805 - Attr not supported : Dmpu
2024-12-13 23:52:47,786 [ERROR] ConditionMgr:805 - Attr not supported : Dmpu
2024-12-13 23:52:47,786 [ERROR] ConditionMgr:805 - Attr not supported : Dmpu
2024-12-13 23:52:47,786 [ERROR] ConditionMgr:805 - Attr not supported : Dmpu
2024-12-13 23:52:47,786 [ERROR] ConditionMgr:805 - Attr not supported : Dmpu
2024-12-13 23:52:47,786 [ERROR] ConditionMgr:805 - Attr not supported : Dmpu
2024-12-13 23:52:47,786 [ERROR] ConditionMgr:805 - Attr not supported : Dmpu
2024-12-13 23:52:47,786 [ERROR] ConditionMgr:805 - Attr not supported : Dmpu
2024-12-13 23:52:47,786 [ERROR] ConditionMgr:805 - Attr not supported : Dmpu
2024-12-13 23:52:47,786 [ERROR] ConditionMgr:805 - Attr not supported : Dmpu
2024-12-13 23:52:47,786 [ERROR] ConditionMgr:805 - Attr not supported : Dmpu
2024-12-13 23:52:47,786 [ERROR] ConditionMgr:805 - Attr not supported : Dmpu
2024-12-13 23:52:47,786 [ERROR] ConditionMgr:805 - Attr not supported : Dmpu
2024-12-13 23:52:47,786 [ERROR] ConditionMgr:805 - Attr not supported : Dmpu
2024-12-13 23:52:47,786 [ERROR] ConditionMgr:805 - Attr not supported : Dmpu
2024-12-13 23:52:47,786 [ERROR] ConditionMgr:805 - Attr not supported : Dmpu
2024-12-13 23:52:47,786 [ERROR] ConditionMgr:805 - Attr not supported : Dmpu
2024-12-13 23:52:47,786 [ERROR] ConditionMgr:805 - Attr not supported : Dmpu
2024-12-13 23:52:47,786 [ERROR] ConditionMgr:805 - Attr not supported : Dmpu
2024-12-13 23:52:47,786 [ERROR] ConditionMgr:805 - Attr not supported : Dmpu
2024-12-13 23:52:47,787 [ERROR] ConditionMgr:805 - Attr not supported : Dmpu
2024-12-13 23:52:47,787 [ERROR] ConditionMgr:805 - Attr not supported : Dmpu
2024-12-13 23:52:47,787 [ERROR] ConditionMgr:805 - Attr not supported : Dmpu
2024-12-13 23:52:47,787 [ERROR] ConditionMgr:805 - Attr not supported : Dmpu
2024-12-13 23:52:47,787 [ERROR] ConditionMgr:805 - Attr not supported : Dmpu
2024-12-13 23:52:47,787 [ERROR] ConditionMgr:805 - Attr not supported : Dmpu
2024-12-13 23:52:47,787 [ERROR] ConditionMgr:805 - Attr not supported : Dmpu
2024-12-13 23:52:47,787 [ERROR] ConditionMgr:805 - Attr not supported : Dmpu
2024-12-13 23:52:47,787 [ERROR] ConditionMgr:805 - Attr not supported : Dmpu
2024-12-13 23:52:47,787 [ERROR] ConditionMgr:805 - Attr not supported : Dmpu
2024-12-13 23:52:47,787 [ERROR] ConditionMgr:805 - Attr not supported : Dmpu
2024-12-13 23:52:47,787 [ERROR] ConditionMgr:805 - Attr not supported : Dmpu
2024-12-13 23:52:47,787 [ERROR] ConditionMgr:805 - Attr not supported : Dmpu
2024-12-13 23:52:47,787 [ERROR] ConditionMgr:805 - Attr not supported : Dmpu
2024-12-13 23:52:47,787 [ERROR] ConditionMgr:805 - Attr not supported : Dmpu
2024-12-13 23:52:47,787 [ERROR] ConditionMgr:805 - Attr not supported : Dmpu
2024-12-13 23:52:47,787 [ERROR] ConditionMgr:805 - Attr not supported : Dmpu
2024-12-13 23:52:47,787 [ERROR] ConditionMgr:805 - Attr not supported : Dmpu
2024-12-13 23:52:47,787 [ERROR] ConditionMgr:805 - Attr not supported : Dmpu
2024-12-13 23:52:47,787 [ERROR] ConditionMgr:805 - Attr not supported : Dmpu
2024-12-13 23:52:47,787 [ERROR] ConditionMgr:805 - Attr not supported : Dmpu
2024-12-13 23:52:47,787 [ERROR] ConditionMgr:805 - Attr not supported : Dmpu
2024-12-13 23:52:47,787 [ERROR] ConditionMgr:805 - Attr not supported : Dmpu
2024-12-13 23:52:47,787 [ERROR] ConditionMgr:805 - Attr not supported : Dmpu
2024-12-13 23:52:47,803 [WARN] PackLoader:240 - Cannot read IP mode file for STMicroelectronics.X-CUBE-BLEMGR.3.0.0
2024-12-13 23:52:47,807 [ERROR] Engine:466 - C:\Users\user\.stm32cubemx\thirdparties\pdsc\STMicroelectronics.X-CUBE-TCPP.4.2.0.pdsc: PDSC version is not supported
2024-12-13 23:52:47,820 [WARN] PackLoader:240 - Cannot read IP mode file for RealThread.X-CUBE-RT-Thread_Nano.4.1.1
2024-12-13 23:52:47,825 [WARN] PackLoader:240 - Cannot read IP mode file for STMicroelectronics.FP-ATR-SIGFOX1.3.2.0
2024-12-13 23:52:47,828 [WARN] ConditionMgr:438 - getConditionDescription Invalid condition id : Cortex-A Device cause : null
2024-12-13 23:52:47,834 [WARN] ConditionMgr:1039 - genDependencies : Invalid condition id : Cortex-A Device cause : null
2024-12-13 23:52:47,835 [WARN] ConditionMgr:1039 - genDependencies : Invalid condition id : Cortex-A Device cause : null
2024-12-13 23:52:47,835 [WARN] ConditionMgr:1039 - genDependencies : Invalid condition id : Cortex-A Device cause : null
2024-12-13 23:52:47,848 [WARN] PackLoader:240 - Cannot read IP mode file for STMicroelectronics.X-CUBE-EEPRMA1.5.1.0
2024-12-13 23:52:47,884 [WARN] PackLoader:240 - Cannot read IP mode file for SEGGER.I-CUBE-embOS.1.3.1
2024-12-13 23:52:47,921 [WARN] PackLoader:240 - Cannot read IP mode file for STMicroelectronics.X-CUBE-ALGOBUILD.1.4.0
2024-12-13 23:52:47,937 [WARN] PackLoader:240 - Cannot read IP mode file for STMicroelectronics.X-CUBE-AI.9.1.0
2024-12-13 23:52:47,950 [WARN] PackLoader:240 - Cannot read IP mode file for STMicroelectronics.X-CUBE-GNSS1.6.0.0
2024-12-13 23:52:47,971 [WARN] PackLoader:240 - Cannot read IP mode file for STMicroelectronics.X-CUBE-AZRTOS-F4.1.1.0
2024-12-13 23:52:47,984 [WARN] PackLoader:240 - Cannot read IP mode file for wolfSSL.I-CUBE-wolfSSL.5.6.3
2024-12-13 23:52:47,998 [WARN] PackLoader:240 - Cannot read IP mode file for STMicroelectronics.X-CUBE-ISPU.2.1.0
2024-12-13 23:52:48,014 [WARN] PackLoader:240 - Cannot read IP mode file for STMicroelectronics.X-CUBE-FREERTOS.1.2.0
2024-12-13 23:52:48,040 [WARN] PackLoader:240 - Cannot read IP mode file for STMicroelectronics.X-CUBE-AZRTOS-L5.2.0.0
2024-12-13 23:52:48,091 [WARN] PackLoader:240 - Cannot read IP mode file for STMicroelectronics.X-CUBE-MEMS1.9.6.0
2024-12-13 23:52:48,186 [WARN] PackLoader:240 - Cannot read IP mode file for STMicroelectronics.X-CUBE-EEPRMA1.4.2.0
2024-12-13 23:52:48,202 [WARN] PackLoader:240 - Cannot read IP mode file for STMicroelectronics.X-CUBE-NFC6.3.1.0
2024-12-13 23:52:48,216 [WARN] PackLoader:240 - Cannot read IP mode file for ITTIA_DB.I-CUBE-ITTIADB.8.8.0
2024-12-13 23:52:48,228 [WARN] PackLoader:240 - Cannot read IP mode file for STMicroelectronics.X-CUBE-BLEMGR.2.0.0
2024-12-13 23:52:48,241 [WARN] PackLoader:240 - Cannot read IP mode file for STMicroelectronics.X-CUBE-DPower.1.2.0
2024-12-13 23:52:48,253 [WARN] PackLoader:240 - Cannot read IP mode file for STMicroelectronics.X-CUBE-AI.9.0.0
2024-12-13 23:52:48,273 [WARN] ConditionMgr:438 - getConditionDescription Invalid condition id : UX DEVICE CLASS RTOS Condition cause : null
2024-12-13 23:52:48,273 [WARN] ConditionMgr:438 - getConditionDescription Invalid condition id : UX DEVICE CLASS RTOS Condition cause : null
2024-12-13 23:52:48,275 [WARN] PackLoader:240 - Cannot read IP mode file for STMicroelectronics.X-CUBE-AZRTOS-H7.3.1.0
2024-12-13 23:52:48,275 [WARN] ConditionMgr:1039 - genDependencies : Invalid condition id : UX DEVICE CLASS RTOS Condition cause : null
2024-12-13 23:52:48,275 [WARN] ConditionMgr:1039 - genDependencies : Invalid condition id : UX DEVICE CLASS RTOS Condition cause : null
2024-12-13 23:52:48,276 [WARN] ConditionMgr:1039 - genDependencies : Invalid condition id : UX DEVICE CLASS RTOS Condition cause : null
2024-12-13 23:52:48,276 [WARN] ConditionMgr:1039 - genDependencies : Invalid condition id : UX DEVICE CLASS RTOS Condition cause : null
2024-12-13 23:52:48,276 [WARN] ConditionMgr:1039 - genDependencies : Invalid condition id : UX DEVICE CLASS RTOS Condition cause : null
2024-12-13 23:52:48,280 [WARN] PackLoader:240 - Cannot read IP mode file for STMicroelectronics.X-CUBE-FREERTOS.1.3.0
2024-12-13 23:52:48,294 [WARN] PackLoader:240 - Cannot read IP mode file for STMicroelectronics.X-CUBE-NFC7.1.0.1
2024-12-13 23:52:48,298 [WARN] PackLoader:240 - Cannot read IP mode file for wolfSSL.I-CUBE-wolfTPM.3.2.0
2024-12-13 23:52:48,312 [WARN] PackLoader:240 - Cannot read IP mode file for STMicroelectronics.X-CUBE-NFC6.3.0.0
2024-12-13 23:52:48,326 [WARN] PackLoader:240 - Cannot read IP mode file for STMicroelectronics.X-CUBE-EEPRMA1.4.1.0
2024-12-13 23:52:48,338 [WARN] PackLoader:240 - Cannot read IP mode file for STMicroelectronics.X-CUBE-AI.8.1.0
2024-12-13 23:52:48,366 [WARN] ConditionMgr:438 - getConditionDescription Invalid condition id : LAN8742 Phy interface Condition cause : null
2024-12-13 23:52:48,367 [WARN] PackLoader:240 - Cannot read IP mode file for STMicroelectronics.X-CUBE-AZRTOS-L4.2.0.0
2024-12-13 23:52:48,367 [WARN] ConditionMgr:1039 - genDependencies : Invalid condition id : LAN8742 Phy interface Condition cause : null
2024-12-13 23:52:48,367 [WARN] ConditionMgr:1039 - genDependencies : Invalid condition id : LAN8742 Phy interface Condition cause : null
2024-12-13 23:52:48,368 [WARN] ConditionMgr:1039 - genDependencies : Invalid condition id : LAN8742 Phy interface Condition cause : null
2024-12-13 23:52:48,382 [WARN] PackLoader:240 - Cannot read IP mode file for STMicroelectronics.X-CUBE-SFXS2LP1.4.0.0
2024-12-13 23:52:48,395 [WARN] PackLoader:240 - Cannot read IP mode file for STMicroelectronics.X-CUBE-ISPU.1.1.0
2024-12-13 23:52:48,422 [WARN] PackLoader:240 - Cannot read IP mode file for STMicroelectronics.X-CUBE-AZRTOS-H7.3.3.0
2024-12-13 23:52:48,440 [WARN] PackLoader:240 - Cannot read IP mode file for STMicroelectronics.X-CUBE-IPS.3.0.0
2024-12-13 23:52:48,462 [WARN] ConditionMgr:438 - getConditionDescription Invalid condition id : UX DEVICE CLASS RTOS Condition cause : null
2024-12-13 23:52:48,462 [WARN] ConditionMgr:438 - getConditionDescription Invalid condition id : UX DEVICE CLASS RTOS Condition cause : null
2024-12-13 23:52:48,463 [WARN] PackLoader:240 - Cannot read IP mode file for STMicroelectronics.X-CUBE-AZRTOS-WB.2.0.0
2024-12-13 23:52:48,463 [WARN] ConditionMgr:1039 - genDependencies : Invalid condition id : UX DEVICE CLASS RTOS Condition cause : null
2024-12-13 23:52:48,464 [WARN] ConditionMgr:1039 - genDependencies : Invalid condition id : UX DEVICE CLASS RTOS Condition cause : null
2024-12-13 23:52:48,464 [WARN] ConditionMgr:1039 - genDependencies : Invalid condition id : UX DEVICE CLASS RTOS Condition cause : null
2024-12-13 23:52:48,464 [WARN] ConditionMgr:1039 - genDependencies : Invalid condition id : UX DEVICE CLASS RTOS Condition cause : null
2024-12-13 23:52:48,464 [WARN] ConditionMgr:1039 - genDependencies : Invalid condition id : UX DEVICE CLASS RTOS Condition cause : null
2024-12-13 23:52:48,477 [WARN] PackLoader:240 - Cannot read IP mode file for STMicroelectronics.X-CUBE-GNSS1.7.0.0
2024-12-13 23:52:48,492 [WARN] PackLoader:240 - Cannot read IP mode file for STMicroelectronics.FP-SNS-STBOX1.2.0.0
2024-12-13 23:52:48,510 [WARN] PackLoader:240 - Cannot read IP mode file for STMicroelectronics.X-CUBE-SUBG2.5.0.0
2024-12-13 23:52:48,517 [WARN] PackLoader:240 - Cannot read IP mode file for Cesanta.I-CUBE-Mongoose.7.13.0
2024-12-13 23:52:48,539 [WARN] PackLoader:240 - Cannot read IP mode file for STMicroelectronics.X-CUBE-TOF1.3.3.1
2024-12-13 23:52:48,570 [WARN] PackLoader:240 - Cannot read IP mode file for STMicroelectronics.X-CUBE-AZRTOS-G4.2.0.0
2024-12-13 23:52:48,604 [WARN] PackLoader:240 - Cannot read IP mode file for Infineon.AIROC-Wi-Fi-Bluetooth-STM32.1.5.1
2024-12-13 23:52:48,623 [WARN] PackLoader:240 - Cannot read IP mode file for STMicroelectronics.FP-SNS-MOTENVWB1.1.3.0
2024-12-13 23:52:48,638 [WARN] PackLoader:240 - Cannot read IP mode file for STMicroelectronics.FP-SNS-MOTENVWB1.1.3.1
2024-12-13 23:52:48,653 [WARN] PackLoader:240 - Cannot read IP mode file for STMicroelectronics.X-CUBE-ISPU.2.0.0
2024-12-13 23:52:48,670 [WARN] PackLoader:240 - Cannot read IP mode file for STMicroelectronics.X-CUBE-ALS.1.0.2
2024-12-13 23:52:48,714 [WARN] PackLoader:240 - Cannot read IP mode file for STMicroelectronics.X-CUBE-MEMS1.10.0.0
2024-12-13 23:52:48,786 [WARN] PackLoader:240 - Cannot read IP mode file for STMicroelectronics.X-CUBE-FREERTOS.1.1.0
2024-12-13 23:52:48,801 [WARN] PackLoader:240 - Cannot read IP mode file for STMicroelectronics.X-CUBE-TOUCHGFX.4.24.0
2024-12-13 23:52:48,818 [WARN] PackLoader:240 - Cannot read IP mode file for STMicroelectronics.X-CUBE-TOUCHGFX.4.24.1
2024-12-13 23:52:48,835 [WARN] PackLoader:240 - Cannot read IP mode file for portGmbH.I-Cube-SoM-uGOAL.1.1.0
2024-12-13 23:52:48,849 [WARN] PackLoader:240 - Cannot read IP mode file for STMicroelectronics.X-CUBE-ALS.1.0.1
2024-12-13 23:52:48,876 [WARN] PackLoader:240 - Cannot read IP mode file for STMicroelectronics.X-CUBE-AZRTOS-H7RS.1.0.0
2024-12-13 23:52:48,882 [WARN] PackLoader:240 - Cannot read IP mode file for STMicroelectronics.FP-ATR-ASTRA1.2.0.0
2024-12-13 23:52:48,899 [WARN] PackLoader:240 - Cannot read IP mode file for STMicroelectronics.X-CUBE-TOF1.3.4.2
2024-12-13 23:52:48,920 [WARN] PackLoader:240 - Cannot read IP mode file for STMicroelectronics.X-CUBE-TOF1.3.4.0
2024-12-13 23:52:48,941 [WARN] PackLoader:240 - Cannot read IP mode file for STMicroelectronics.X-CUBE-TOF1.3.4.1
2024-12-13 23:52:48,966 [WARN] PackLoader:240 - Cannot read IP mode file for STMicroelectronics.X-CUBE-AZRTOS-H7.3.2.0
2024-12-13 23:52:48,971 [WARN] PackLoader:240 - Cannot read IP mode file for wolfSSL.I-CUBE-wolfSSH.1.4.17
2024-12-13 23:52:48,971 [INFO] ThirdParty:978 - Integrity check success = true
2024-12-13 23:52:48,971 [INFO] IntegrityCheckThread:100 - exiting critical section [integrity check]
2024-12-13 23:52:48,971 [INFO] IntegrityCheckThread:103 - End integrity checks thread
