2024-10-05 18:22:57,704 [INFO] Activator:176 - 


2024-10-05 18:22:57,707 [INFO] Activator:177 - !SESSION log4j initialized
2024-10-05 18:23:01,890 [INFO] LogOutputStream:77 - [STDOUT_REDIRECT] 
2024-10-05 18:23:03,375 [INFO] ApplicationProperties:184 - Using Application install path: C:\ST\STM32CubeIDE_1.13.2\STM32CubeIDE\plugins\com.st.stm32cube.common.mx_6.11.1.202404110753
2024-10-05 18:23:03,391 [INFO] DbMcusXml:78 - Set database path to: C:\ST\STM32CubeIDE_1.13.2\STM32CubeIDE\plugins\com.st.stm32cube.common.mx_6.11.1.202404110753\\db\/mcu/
2024-10-05 18:23:03,391 [INFO] ApiDb:274 - Set plugin database path to: C:\ST\STM32CubeIDE_1.13.2\STM32CubeIDE\plugins\com.st.stm32cube.common.mx_6.11.1.202404110753\\db\/plugins/boardmanager/
2024-10-05 18:23:03,392 [WARN] ApiDb:259 - Overriding images path with different value:  => C:\ST\STM32CubeIDE_1.13.2\STM32CubeIDE\plugins\com.st.stm32cube.common.mx_6.11.1.202404110753\\db\/plugins/mcufinder/images/
2024-10-05 18:23:03,398 [INFO] ApiDb:250 - Set database path to: C:\Users\user\.stmcufinder\plugins\mcufinder//mcu/
2024-10-05 18:23:03,399 [INFO] DbMcusAds:125 - Set database path to: C:\Users\user\.stmcufinder\plugins\mcufinder//mcu/
2024-10-05 18:23:03,400 [INFO] CrossReferenceDbSqlite:203 - Set database path to: C:\Users\user\.stmcufinder\plugins\mcufinder//mcu/cs/
2024-10-05 18:23:03,490 [INFO] RulesReader:64 - Compatibility file has been processed (297 Rules)
2024-10-05 18:23:03,555 [INFO] DbMcusXml:78 - Set database path to: C:\ST\STM32CubeIDE_1.13.2\STM32CubeIDE\plugins\com.st.stm32cube.common.mx_6.11.1.202404110753\\db\/mcu/
2024-10-05 18:23:03,555 [INFO] ApiDb:274 - Set plugin database path to: C:\ST\STM32CubeIDE_1.13.2\STM32CubeIDE\plugins\com.st.stm32cube.common.mx_6.11.1.202404110753\\db\/plugins/boardmanager/
2024-10-05 18:23:03,555 [INFO] ApiDb:261 - Set plugin images path to: C:\ST\STM32CubeIDE_1.13.2\STM32CubeIDE\plugins\com.st.stm32cube.common.mx_6.11.1.202404110753\\db\/plugins/mcufinder/images/
2024-10-05 18:23:03,556 [WARN] DbFile:41 - Overriding database path with different value: C:\Users\user\.stmcufinder\plugins\mcufinder/ => C:\Users\user\.stmcufinder\plugins\mcufinder
2024-10-05 18:23:03,556 [INFO] ApiDb:250 - Set database path to: C:\Users\user\.stmcufinder\plugins\mcufinder//mcu/
2024-10-05 18:23:03,556 [WARN] DbFile:41 - Overriding database path with different value: C:\Users\user\.stmcufinder\plugins\mcufinder/ => C:\Users\user\.stmcufinder\plugins\mcufinder
2024-10-05 18:23:03,556 [INFO] DbMcusAds:125 - Set database path to: C:\Users\user\.stmcufinder\plugins\mcufinder//mcu/
2024-10-05 18:23:03,556 [WARN] DbFile:41 - Overriding database path with different value: C:\Users\user\.stmcufinder\plugins\mcufinder/ => C:\Users\user\.stmcufinder\plugins\mcufinder
2024-10-05 18:23:03,556 [WARN] DbFile:41 - Overriding database path with different value: C:\Users\user\.stmcufinder\plugins\mcufinder/ => C:\Users\user\.stmcufinder\plugins\mcufinder
2024-10-05 18:23:03,556 [INFO] CrossReferenceDbSqlite:203 - Set database path to: C:\Users\user\.stmcufinder\plugins\mcufinder//mcu/cs/
2024-10-05 18:23:03,614 [INFO] MainPanel:264 - HeapMemory: 268435456
2024-10-05 18:23:03,688 [INFO] DbMcusXml:78 - Set database path to: C:\ST\STM32CubeIDE_1.13.2\STM32CubeIDE\plugins\com.st.stm32cube.common.mx_6.11.1.202404110753\\db\/mcu/
2024-10-05 18:23:03,688 [INFO] ApiDb:274 - Set plugin database path to: C:\ST\STM32CubeIDE_1.13.2\STM32CubeIDE\plugins\com.st.stm32cube.common.mx_6.11.1.202404110753\\db\/plugins/boardmanager/
2024-10-05 18:23:03,688 [INFO] ApiDb:261 - Set plugin images path to: C:\ST\STM32CubeIDE_1.13.2\STM32CubeIDE\plugins\com.st.stm32cube.common.mx_6.11.1.202404110753\\db\/plugins/mcufinder/images/
2024-10-05 18:23:03,688 [WARN] DbFile:41 - Overriding database path with different value: C:\Users\user\.stmcufinder\plugins\mcufinder/ => C:\Users\user\.stmcufinder\plugins\mcufinder
2024-10-05 18:23:03,688 [INFO] ApiDb:250 - Set database path to: C:\Users\user\.stmcufinder\plugins\mcufinder//mcu/
2024-10-05 18:23:03,688 [WARN] DbFile:41 - Overriding database path with different value: C:\Users\user\.stmcufinder\plugins\mcufinder/ => C:\Users\user\.stmcufinder\plugins\mcufinder
2024-10-05 18:23:03,688 [INFO] DbMcusAds:125 - Set database path to: C:\Users\user\.stmcufinder\plugins\mcufinder//mcu/
2024-10-05 18:23:03,688 [WARN] DbFile:41 - Overriding database path with different value: C:\Users\user\.stmcufinder\plugins\mcufinder/ => C:\Users\user\.stmcufinder\plugins\mcufinder
2024-10-05 18:23:03,688 [WARN] DbFile:41 - Overriding database path with different value: C:\Users\user\.stmcufinder\plugins\mcufinder/ => C:\Users\user\.stmcufinder\plugins\mcufinder
2024-10-05 18:23:03,688 [INFO] CrossReferenceDbSqlite:203 - Set database path to: C:\Users\user\.stmcufinder\plugins\mcufinder//mcu/cs/
2024-10-05 18:23:03,703 [INFO] ApplicationProperties:184 - Using Application install path: C:\ST\STM32CubeIDE_1.13.2\STM32CubeIDE\plugins\com.st.stm32cube.common.mx_6.11.1.202404110753
2024-10-05 18:23:03,705 [INFO] PluginManage:196 - Search for loadable plugins [exclusion list=, ]
2024-10-05 18:23:03,706 [INFO] PluginManage:310 - Check plugin analytics
2024-10-05 18:23:03,840 [INFO] AnalyticsPlugin:253 - Accepted Software Licenses: 
2024-10-05 18:23:03,841 [INFO] AnalyticsPlugin:255 - Accepted CMSIS Pack Licenses: 
2024-10-05 18:23:03,841 [INFO] AnalyticsPlugin:257 - Accepted Firmware Licenses: FW.F4.1.27.0,FW.F4.1.28.0
2024-10-05 18:23:03,843 [INFO] PluginManage:359 - Loaded plugin analytics (category:tool,tabindex:-1)
2024-10-05 18:23:03,844 [INFO] PluginManage:310 - Check plugin cadmodel
2024-10-05 18:23:03,856 [INFO] CADModel:105 - Init CAD model plugin
2024-10-05 18:23:03,856 [INFO] PluginManage:359 - Loaded plugin cadmodel (category:power,tabindex:5)
2024-10-05 18:23:03,856 [INFO] PluginManage:310 - Check plugin clock
2024-10-05 18:23:03,873 [INFO] PluginManage:359 - Loaded plugin clock (category:base,tabindex:2)
2024-10-05 18:23:03,874 [INFO] PluginManage:310 - Check plugin ddr
2024-10-05 18:23:03,876 [INFO] PluginManage:359 - Loaded plugin ddr (category:tool,tabindex:6)
2024-10-05 18:23:03,876 [INFO] PluginManage:310 - Check plugin filemanager
2024-10-05 18:23:03,985 [INFO] PluginManage:359 - Loaded plugin filemanager (category:base,tabindex:10)
2024-10-05 18:23:03,985 [INFO] PluginManage:310 - Check plugin ipmanager
2024-10-05 18:23:03,991 [INFO] PluginManage:359 - Loaded plugin ipmanager (category:base,tabindex:5)
2024-10-05 18:23:03,991 [INFO] PluginManage:310 - Check plugin lpbam
2024-10-05 18:23:04,007 [INFO] PluginManage:359 - Loaded plugin lpbam (category:base,tabindex:0)
2024-10-05 18:23:04,007 [INFO] PluginManage:310 - Check plugin memorymap
2024-10-05 18:23:04,026 [INFO] PluginManage:359 - Loaded plugin memorymap (category:base,tabindex:4)
2024-10-05 18:23:04,027 [INFO] PluginManage:310 - Check plugin pinoutandconfiguration
2024-10-05 18:23:04,041 [INFO] PluginManage:359 - Loaded plugin pinoutandconfiguration (category:base,tabindex:1)
2024-10-05 18:23:04,041 [INFO] PluginManage:310 - Check plugin pinoutconfig
2024-10-05 18:23:04,120 [WARN] SupportedApi:132 - Cannot load RTOS API schema: s4s-elt-must-match.1: The content of 'definitions' must match (annotation?, (simpleType | complexType)?, (unique | key | keyref)*)). A problem was found starting at: attribute.
2024-10-05 18:23:04,234 [INFO] PluginManage:359 - Loaded plugin pinoutconfig (category:base,tabindex:0)
2024-10-05 18:23:04,234 [INFO] PluginManage:310 - Check plugin power
2024-10-05 18:23:04,250 [INFO] PluginManage:359 - Loaded plugin power (category:power,tabindex:4)
2024-10-05 18:23:04,250 [INFO] PluginManage:310 - Check plugin projectmanager
2024-10-05 18:23:04,262 [INFO] PluginManage:359 - Loaded plugin projectmanager (category:projectmanager,tabindex:3)
2024-10-05 18:23:04,262 [INFO] PluginManage:310 - Check plugin thirdparty
2024-10-05 18:23:04,486 [INFO] PluginManage:359 - Loaded plugin thirdparty (category:base,tabindex:-1)
2024-10-05 18:23:04,487 [INFO] PluginManage:310 - Check plugin tools
2024-10-05 18:23:04,486 [WARN] IntegrityCheckThread:84 - waiting for thirdparty lock release [integrity check]
2024-10-05 18:23:04,487 [INFO] IntegrityCheckThread:86 - entering critical section [integrity check]
2024-10-05 18:23:04,487 [INFO] ThirdPartyUpdaterWithRetryManager:70 - Updater plugin not ready yet. [1/15]
2024-10-05 18:23:04,512 [INFO] PluginManage:359 - Loaded plugin tools (category:base,tabindex:7)
2024-10-05 18:23:04,512 [INFO] PluginManage:310 - Check plugin tutovideos
2024-10-05 18:23:04,657 [INFO] PluginManage:359 - Loaded plugin tutovideos (category:base,tabindex:-1)
2024-10-05 18:23:04,657 [INFO] PluginManage:310 - Check plugin updater
2024-10-05 18:23:04,665 [INFO] PluginManage:359 - Loaded plugin updater (category:base,tabindex:12)
2024-10-05 18:23:04,665 [INFO] PluginManage:310 - Check plugin userauth
2024-10-05 18:23:04,669 [INFO] UserAuth:114 - Init User Auth plugin
2024-10-05 18:23:04,669 [INFO] PluginManage:359 - Loaded plugin userauth (category:base,tabindex:14)
2024-10-05 18:23:04,670 [INFO] PluginManage:283 - PluginManage : Loaded plugins [17]
2024-10-05 18:23:04,826 [INFO] PinOutPanel:1561 - setPackage(No Configuration,No Configuration)
2024-10-05 18:23:04,881 [INFO] CADModel:165 - CPN selected for project level
2024-10-05 18:23:04,881 [INFO] CADModel:114 - Register for checkConnection events
2024-10-05 18:23:04,902 [INFO] IPUIPlugin:80 - create IPUIPlugin
2024-10-05 18:23:04,902 [INFO] PluginManager:220 - loadIPPluginJar : add adc
2024-10-05 18:23:04,930 [INFO] IPUIPlugin:80 - create IPUIPlugin
2024-10-05 18:23:04,930 [INFO] PluginManager:220 - loadIPPluginJar : add aes
2024-10-05 18:23:04,960 [INFO] IPUIPlugin:80 - create IPUIPlugin
2024-10-05 18:23:04,960 [INFO] PluginManager:220 - loadIPPluginJar : add can
2024-10-05 18:23:04,978 [INFO] IPUIPlugin:80 - create IPUIPlugin
2024-10-05 18:23:04,978 [INFO] PluginManager:220 - loadIPPluginJar : add comp
2024-10-05 18:23:05,002 [INFO] IPUIPlugin:80 - create IPUIPlugin
2024-10-05 18:23:05,002 [INFO] PluginManager:220 - loadIPPluginJar : add cryp
2024-10-05 18:23:05,025 [INFO] IPUIPlugin:80 - create IPUIPlugin
2024-10-05 18:23:05,025 [INFO] PluginManager:220 - loadIPPluginJar : add dfsdm
2024-10-05 18:23:05,036 [INFO] IPUIPlugin:80 - create IPUIPlugin
2024-10-05 18:23:05,036 [INFO] PluginManager:220 - loadIPPluginJar : add dma
2024-10-05 18:23:05,067 [INFO] IPUIPlugin:80 - create IPUIPlugin
2024-10-05 18:23:05,067 [INFO] PluginManager:220 - loadIPPluginJar : add dma3
2024-10-05 18:23:05,099 [INFO] IPUIPlugin:80 - create IPUIPlugin
2024-10-05 18:23:05,099 [INFO] PluginManager:220 - loadIPPluginJar : add extmemmanager
2024-10-05 18:23:05,114 [INFO] IPUIPlugin:80 - create IPUIPlugin
2024-10-05 18:23:05,114 [INFO] PluginManager:220 - loadIPPluginJar : add fatfs
2024-10-05 18:23:05,147 [INFO] IPUIPlugin:80 - create IPUIPlugin
2024-10-05 18:23:05,148 [INFO] PluginManager:220 - loadIPPluginJar : add fmc
2024-10-05 18:23:05,158 [INFO] IPUIPlugin:80 - create IPUIPlugin
2024-10-05 18:23:05,158 [INFO] PluginManager:220 - loadIPPluginJar : add freertos
2024-10-05 18:23:05,175 [INFO] IPUIPlugin:80 - create IPUIPlugin
2024-10-05 18:23:05,175 [INFO] PluginManager:220 - loadIPPluginJar : add genericplugin
2024-10-05 18:23:05,238 [INFO] IPUIPlugin:80 - create IPUIPlugin
2024-10-05 18:23:05,238 [INFO] PluginManager:220 - loadIPPluginJar : add gfxmmu
2024-10-05 18:23:05,327 [INFO] IPUIPlugin:80 - create IPUIPlugin
2024-10-05 18:23:05,328 [INFO] PluginManager:220 - loadIPPluginJar : add gic
2024-10-05 18:23:05,336 [INFO] IPUIPlugin:80 - create IPUIPlugin
2024-10-05 18:23:05,336 [INFO] PluginManager:220 - loadIPPluginJar : add gpio
2024-10-05 18:23:05,401 [INFO] IPUIPlugin:80 - create IPUIPlugin
2024-10-05 18:23:05,401 [INFO] PluginManager:220 - loadIPPluginJar : add gtzc
2024-10-05 18:23:05,425 [INFO] IPUIPlugin:80 - create IPUIPlugin
2024-10-05 18:23:05,425 [INFO] PluginManager:220 - loadIPPluginJar : add hash
2024-10-05 18:23:05,465 [INFO] IPUIPlugin:80 - create IPUIPlugin
2024-10-05 18:23:05,465 [INFO] PluginManager:220 - loadIPPluginJar : add i2c
2024-10-05 18:23:05,494 [INFO] IPUIPlugin:80 - create IPUIPlugin
2024-10-05 18:23:05,494 [INFO] PluginManager:220 - loadIPPluginJar : add i2s
2024-10-05 18:23:05,524 [INFO] IPUIPlugin:80 - create IPUIPlugin
2024-10-05 18:23:05,525 [INFO] PluginManager:220 - loadIPPluginJar : add i3c
2024-10-05 18:23:05,601 [INFO] IPUIPlugin:80 - create IPUIPlugin
2024-10-05 18:23:05,601 [INFO] PluginManager:220 - loadIPPluginJar : add ipddr
2024-10-05 18:23:05,666 [INFO] IPUIPlugin:80 - create IPUIPlugin
2024-10-05 18:23:05,666 [INFO] PluginManager:220 - loadIPPluginJar : add linkedlist
2024-10-05 18:23:05,693 [INFO] IPUIPlugin:80 - create IPUIPlugin
2024-10-05 18:23:05,693 [INFO] PluginManager:220 - loadIPPluginJar : add lorawan
2024-10-05 18:23:05,718 [INFO] IPUIPlugin:80 - create IPUIPlugin
2024-10-05 18:23:05,719 [INFO] PluginManager:220 - loadIPPluginJar : add ltdc
2024-10-05 18:23:05,729 [INFO] IPUIPlugin:80 - create IPUIPlugin
2024-10-05 18:23:05,729 [INFO] PluginManager:220 - loadIPPluginJar : add mdma
2024-10-05 18:23:05,738 [INFO] IPUIPlugin:80 - create IPUIPlugin
2024-10-05 18:23:05,738 [INFO] PluginManager:220 - loadIPPluginJar : add nvic
2024-10-05 18:23:05,765 [INFO] IPUIPlugin:80 - create IPUIPlugin
2024-10-05 18:23:05,765 [INFO] PluginManager:220 - loadIPPluginJar : add opamp
2024-10-05 18:23:05,807 [INFO] IPUIPlugin:80 - create IPUIPlugin
2024-10-05 18:23:05,807 [INFO] PluginManager:220 - loadIPPluginJar : add openamp
2024-10-05 18:23:05,838 [INFO] IPUIPlugin:80 - create IPUIPlugin
2024-10-05 18:23:05,838 [INFO] PluginManager:220 - loadIPPluginJar : add pdm2pcm
2024-10-05 18:23:05,848 [INFO] IPUIPlugin:80 - create IPUIPlugin
2024-10-05 18:23:05,850 [INFO] PluginManager:220 - loadIPPluginJar : add plateformsettings
2024-10-05 18:23:05,866 [INFO] IPUIPlugin:80 - create IPUIPlugin
2024-10-05 18:23:05,866 [INFO] PluginManager:220 - loadIPPluginJar : add quadspi
2024-10-05 18:23:05,874 [INFO] IPUIPlugin:80 - create IPUIPlugin
2024-10-05 18:23:05,874 [INFO] PluginManager:220 - loadIPPluginJar : add resmgrutility
2024-10-05 18:23:05,907 [INFO] IPUIPlugin:80 - create IPUIPlugin
2024-10-05 18:23:05,907 [INFO] PluginManager:220 - loadIPPluginJar : add sai
2024-10-05 18:23:05,933 [INFO] IPUIPlugin:80 - create IPUIPlugin
2024-10-05 18:23:05,933 [INFO] PluginManager:220 - loadIPPluginJar : add spi
2024-10-05 18:23:05,981 [INFO] IPUIPlugin:80 - create IPUIPlugin
2024-10-05 18:23:05,981 [INFO] PluginManager:220 - loadIPPluginJar : add stm32_wpan
2024-10-05 18:23:05,998 [INFO] IPUIPlugin:80 - create IPUIPlugin
2024-10-05 18:23:05,999 [INFO] PluginManager:220 - loadIPPluginJar : add tim
2024-10-05 18:23:06,040 [INFO] IPUIPlugin:80 - create IPUIPlugin
2024-10-05 18:23:06,041 [INFO] PluginManager:220 - loadIPPluginJar : add touchsensing
2024-10-05 18:23:06,057 [INFO] IPUIPlugin:80 - create IPUIPlugin
2024-10-05 18:23:06,057 [INFO] PluginManager:220 - loadIPPluginJar : add tracer_emb
2024-10-05 18:23:06,073 [INFO] IPUIPlugin:80 - create IPUIPlugin
2024-10-05 18:23:06,073 [INFO] PluginManager:220 - loadIPPluginJar : add ts
2024-10-05 18:23:06,088 [INFO] IPUIPlugin:80 - create IPUIPlugin
2024-10-05 18:23:06,088 [INFO] PluginManager:220 - loadIPPluginJar : add tsc
2024-10-05 18:23:06,102 [INFO] IPUIPlugin:80 - create IPUIPlugin
2024-10-05 18:23:06,103 [INFO] PluginManager:220 - loadIPPluginJar : add ucpd
2024-10-05 18:23:06,134 [INFO] IPUIPlugin:80 - create IPUIPlugin
2024-10-05 18:23:06,134 [INFO] PluginManager:220 - loadIPPluginJar : add usart
2024-10-05 18:23:06,165 [INFO] IPUIPlugin:80 - create IPUIPlugin
2024-10-05 18:23:06,165 [INFO] PluginManager:220 - loadIPPluginJar : add usbx
2024-10-05 18:23:06,277 [INFO] CADModel:165 - CPN selected for project level
2024-10-05 18:23:06,277 [INFO] CADModel:114 - Register for checkConnection events
2024-10-05 18:23:06,277 [FATAL] Updater:308 - Updater called before beeing initialized
2024-10-05 18:23:06,277 [ERROR] CADModel:125 - Updater not yet initialized, retry later 
2024-10-05 18:23:06,375 [INFO] CADModel:165 - CPN selected for project level
2024-10-05 18:23:06,375 [INFO] CADModel:114 - Register for checkConnection events
2024-10-05 18:23:06,375 [FATAL] Updater:308 - Updater called before beeing initialized
2024-10-05 18:23:06,375 [ERROR] CADModel:125 - Updater not yet initialized, retry later 
2024-10-05 18:23:06,378 [FATAL] Updater:308 - Updater called before beeing initialized
2024-10-05 18:23:06,443 [FATAL] Updater:308 - Updater called before beeing initialized
2024-10-05 18:23:06,452 [INFO] DbMcusAds:53 - JSON generation date=Thu May 16 11:22:00 CEST 2024 (1715851320667)
2024-10-05 18:23:06,452 [FATAL] Updater:308 - Updater called before beeing initialized
2024-10-05 18:23:06,517 [WARN] DetailPanel:346 - Failed to get advertising image, set to default
2024-10-05 18:23:06,588 [FATAL] Updater:308 - Updater called before beeing initialized
2024-10-05 18:23:06,590 [FATAL] Updater:308 - Updater called before beeing initialized
2024-10-05 18:23:06,590 [FATAL] Updater:308 - Updater called before beeing initialized
2024-10-05 18:23:06,590 [WARN] DetailPanel:346 - Failed to get advertising image, set to default
2024-10-05 18:23:06,591 [FATAL] Updater:308 - Updater called before beeing initialized
2024-10-05 18:23:06,639 [ERROR] Updater:1120 - MainUpdater not yet initialized. External WinMGr cannot be set.
2024-10-05 18:23:06,647 [INFO] Updater:1056 - Updater Version found : 6.11.1
2024-10-05 18:23:06,663 [INFO] ApplicationProperties:184 - Using Application install path: C:\ST\STM32CubeIDE_1.13.2\STM32CubeIDE\plugins\com.st.stm32cube.common.mx_6.11.1.202404110753
2024-10-05 18:23:07,490 [INFO] ThirdPartyUpdaterWithRetryManager:70 - Updater plugin not ready yet. [2/15]
2024-10-05 18:23:08,238 [ERROR] LogOutputStream:75 - [STDERR_REDIRECT] Oct 05, 2024 6:23:08 PM java.util.prefs.WindowsPreferences <init>
2024-10-05 18:23:08,239 [ERROR] LogOutputStream:75 - [STDERR_REDIRECT] WARNING: Could not open/create prefs root node Software\JavaSoft\Prefs at root 0xffffffff80000002. Windows RegCreateKeyEx(...) returned error code 5.
2024-10-05 18:23:08,239 [ERROR] LogOutputStream:75 - [STDERR_REDIRECT] 
2024-10-05 18:23:08,508 [INFO] MainUpdater:2873 - connection check result : 10
2024-10-05 18:23:08,508 [INFO] MainUpdater:3567 - Updater definition file requires update
2024-10-05 18:23:08,509 [INFO] MainUpdater:290 - Updater Check For Update Now.
2024-10-05 18:23:08,509 [INFO] MicroXplorer:498 - Change Database Version : DB.6.0.111
2024-10-05 18:23:08,523 [INFO] McuFinderGlobals:63 - Set McuFinder mode to 2 (CubeIDE integrated)
2024-10-05 18:23:08,532 [INFO] UserAuth:415 - Internet connection configuration mode: 1
2024-10-05 18:23:08,548 [INFO] JxBrowserEngine:152 - Initiate JxBrowser Engine with user profile folder
2024-10-05 18:23:08,564 [INFO] ServerAccessManage:473 - Download File updaters.zip
2024-10-05 18:23:08,636 [INFO] FileExtend:240 - Unzip File : updaters.zip
2024-10-05 18:23:08,636 [INFO] FileExtend:255 - Standard Zip Deflate
2024-10-05 18:23:08,977 [INFO] ServerAccessManage:473 - Download File PacksControlFlags.xml
2024-10-05 18:23:09,035 [INFO] ServerAccessManage:473 - Download File cubemx.pidx
2024-10-05 18:23:09,343 [INFO] ServerAccessManage:473 - Download File STMicroelectronics.X-CUBE-AI.pdsc
2024-10-05 18:23:10,209 [INFO] ServerAccessManage:473 - Download File STMicroelectronics.X-CUBE-ISPU.pdsc
2024-10-05 18:23:10,384 [INFO] ServerAccessManage:473 - Download File STMicroelectronics.X-CUBE-IPS.pdsc
2024-10-05 18:23:10,492 [WARN] MainUpdater:1194 - Updater busy. Cannot search thirdparties
2024-10-05 18:23:10,492 [INFO] ThirdPartyUpdaterWithRetryManager:96 - Updater plugin is busy. [1/15]
2024-10-05 18:23:10,570 [INFO] ServerAccessManage:473 - Download File STMicroelectronics.X-CUBE-NFC9.pdsc
2024-10-05 18:23:10,651 [INFO] ServerAccessManage:473 - Download File STMicroelectronics.X-CUBE-NFC10.pdsc
2024-10-05 18:23:10,835 [INFO] ServerAccessManage:473 - Download File STMicroelectronics.X-CUBE-TOUCHGFX.pdsc
2024-10-05 18:23:11,991 [INFO] ServerAccessManage:473 - Download File STMicroelectronics.X-CUBE-WB05N.pdsc
2024-10-05 18:23:12,344 [WARN] PackLoader:240 - Cannot read IP mode file for STMicroelectronics.X-CUBE-AI.9.1.0
2024-10-05 18:23:12,353 [WARN] PackLoader:240 - Cannot read IP mode file for STMicroelectronics.X-CUBE-ISPU.2.1.0
2024-10-05 18:23:12,372 [WARN] PackLoader:240 - Cannot read IP mode file for STMicroelectronics.X-CUBE-IPS.3.0.0
2024-10-05 18:23:12,394 [WARN] PackLoader:240 - Cannot read IP mode file for STMicroelectronics.X-CUBE-NFC9.1.0.0
2024-10-05 18:23:12,404 [WARN] PackLoader:240 - Cannot read IP mode file for STMicroelectronics.X-CUBE-NFC10.1.0.0
2024-10-05 18:23:12,411 [WARN] PackLoader:240 - Cannot read IP mode file for STMicroelectronics.X-CUBE-TOUCHGFX.4.24.1
2024-10-05 18:23:12,417 [WARN] PackLoader:240 - Cannot read IP mode file for STMicroelectronics.X-CUBE-WB05N.1.1.0
2024-10-05 18:23:12,419 [INFO] PopulateThirdPartyThread:66 - Ending populate Thread
2024-10-05 18:23:12,421 [INFO] ThirdParty:1030 - CMSIS Pack Vendor :STMicroelectronics X-CUBE-IPS 3.0.0
2024-10-05 18:23:12,421 [INFO] ThirdParty:1030 - CMSIS Pack Vendor :STMicroelectronics X-CUBE-NFC9 1.0.0
2024-10-05 18:23:12,421 [INFO] ThirdParty:1030 - CMSIS Pack Vendor :STMicroelectronics X-CUBE-AI 9.1.0
2024-10-05 18:23:12,421 [INFO] ThirdParty:1030 - CMSIS Pack Vendor :STMicroelectronics X-CUBE-NFC10 1.0.0
2024-10-05 18:23:12,421 [INFO] ThirdParty:1030 - CMSIS Pack Vendor :STMicroelectronics X-CUBE-TOUCHGFX 4.24.1
2024-10-05 18:23:12,421 [INFO] ThirdParty:1030 - CMSIS Pack Vendor :STMicroelectronics X-CUBE-WB05N 1.1.0
2024-10-05 18:23:12,421 [INFO] ThirdParty:1030 - CMSIS Pack Vendor :STMicroelectronics X-CUBE-ISPU 2.1.0
2024-10-05 18:23:12,421 [INFO] LoadServerUpdatesThread:375 - End of LoadServerUpdate Thread
2024-10-05 18:23:12,448 [INFO] CheckServerUpdateThread:120 - End of CheckServer Thread
2024-10-05 18:23:12,592 [INFO] WebApp:161 - Instantiating new browser for Auth
2024-10-05 18:23:12,995 [INFO] WebApp:779 - Register for checkConnection events
2024-10-05 18:23:12,995 [INFO] WebApp:414 - Apply proxy settings
2024-10-05 18:23:12,995 [INFO] WebApp:499 - Chromium requires no authentication
2024-10-05 18:23:13,001 [INFO] WebApp:442 - Direct internet connection detected
2024-10-05 18:23:13,116 [INFO] WebApp:192 - Starting web application
2024-10-05 18:23:13,116 [INFO] WebApp:544 - Web application path used C:\ST\STM32CubeIDE_1.13.2\STM32CubeIDE\plugins\com.st.stm32cube.common.mx_6.11.1.202404110753\db\plugins\mcufinder\reactClient1\index.html
2024-10-05 18:23:13,635 [WARN] PackLoader:240 - Cannot read IP mode file for STMicroelectronics.FP-SNS-MOTENVWB1.1.4.0
2024-10-05 18:23:13,646 [WARN] PackLoader:240 - Cannot read IP mode file for STMicroelectronics.X-CUBE-SMBUS.2.1.0
2024-10-05 18:23:13,650 [WARN] PackLoader:240 - Cannot read IP mode file for STMicroelectronics.X-CUBE-WB05N.1.1.0
2024-10-05 18:23:13,659 [WARN] PackLoader:240 - Cannot read IP mode file for STMicroelectronics.X-CUBE-TOUCHGFX.4.23.0
2024-10-05 18:23:13,667 [WARN] PackLoader:240 - Cannot read IP mode file for STMicroelectronics.X-CUBE-TOUCHGFX.4.23.2
2024-10-05 18:23:13,690 [WARN] PackLoader:240 - Cannot read IP mode file for STMicroelectronics.X-CUBE-AZRTOS-F7.1.1.0
2024-10-05 18:23:13,704 [WARN] PackLoader:240 - Cannot read IP mode file for STMicroelectronics.FP-SNS-MOTENV1.4.3.2
2024-10-05 18:23:13,750 [WARN] PackLoader:240 - Cannot read IP mode file for STMicroelectronics.X-CUBE-MEMS1.11.0.0
2024-10-05 18:23:13,850 [WARN] PackLoader:240 - Cannot read IP mode file for STMicroelectronics.FP-SNS-FLIGHT1.5.0.2
2024-10-05 18:23:13,864 [WARN] PackLoader:240 - Cannot read IP mode file for STMicroelectronics.X-CUBE-DISPLAY.3.0.0
2024-10-05 18:23:13,877 [WARN] PackLoader:240 - Cannot read IP mode file for STMicroelectronics.X-CUBE-BLE1.7.0.0
2024-10-05 18:23:13,880 [WARN] PackLoader:240 - Cannot read IP mode file for STMicroelectronics.X-CUBE-NFC10.1.0.0
2024-10-05 18:23:13,893 [WARN] PackLoader:240 - Cannot read IP mode file for emotas.I-CUBE-CANOPEN.1.3.0
2024-10-05 18:23:13,904 [WARN] PackLoader:240 - Cannot read IP mode file for STMicroelectronics.X-CUBE-TOUCHGFX.4.22.1
2024-10-05 18:23:13,918 [WARN] PackLoader:240 - Cannot read IP mode file for STMicroelectronics.X-CUBE-BLEMGR.3.1.0
2024-10-05 18:23:13,930 [WARN] PackLoader:240 - Cannot read IP mode file for STMicroelectronics.FP-SNS-SMARTAG2.1.2.0
2024-10-05 18:23:13,948 [INFO] LogOutputStream:77 - [STDOUT_REDIRECT] 1 : Invalid condition id : UX_CORESTACK_Condition cause : null
2024-10-05 18:23:13,949 [INFO] LogOutputStream:77 - [STDOUT_REDIRECT] 1 : Invalid condition id : UX_CORESTACK_Condition cause : null
2024-10-05 18:23:13,950 [INFO] LogOutputStream:77 - [STDOUT_REDIRECT] 1 : Invalid condition id : UX_CORESTACK_Condition cause : null
2024-10-05 18:23:13,951 [INFO] LogOutputStream:77 - [STDOUT_REDIRECT] 1 : Invalid condition id : UX_CORESTACK_Condition cause : null
2024-10-05 18:23:13,952 [INFO] LogOutputStream:77 - [STDOUT_REDIRECT] 1 : Invalid condition id : UX_CORESTACK_Condition cause : null
2024-10-05 18:23:13,955 [WARN] PackLoader:240 - Cannot read IP mode file for STMicroelectronics.X-CUBE-AZRTOS-WL.2.0.0
2024-10-05 18:23:13,978 [WARN] PackLoader:240 - Cannot read IP mode file for STMicroelectronics.FP-SNS-MOTENV1.5.0.0
2024-10-05 18:23:13,988 [WARN] PackLoader:240 - Cannot read IP mode file for wolfSSL.I-CUBE-wolfMQTT.1.19.0
2024-10-05 18:23:14,011 [WARN] PackLoader:240 - Cannot read IP mode file for WES.I-CUBE-Cesium.1.3.0
2024-10-05 18:23:14,025 [WARN] PackLoader:240 - Cannot read IP mode file for STMicroelectronics.X-CUBE-BLE2.3.3.0
2024-10-05 18:23:14,032 [WARN] PackLoader:240 - Cannot read IP mode file for STMicroelectronics.X-CUBE-NFC9.1.0.0
2024-10-05 18:23:14,050 [WARN] PackLoader:240 - Cannot read IP mode file for STMicroelectronics.X-CUBE-TCPP.4.1.0
2024-10-05 18:23:14,069 [WARN] PackLoader:240 - Cannot read IP mode file for STMicroelectronics.X-CUBE-ALGOBUILD.1.3.0
2024-10-05 18:23:14,099 [WARN] PackLoader:240 - Cannot read IP mode file for STMicroelectronics.X-CUBE-AZRTOS-G0.1.1.0
2024-10-05 18:23:14,118 [WARN] PackLoader:240 - Cannot read IP mode file for STMicroelectronics.X-CUBE-SAFEA1.1.2.2
2024-10-05 18:23:14,132 [WARN] PackLoader:240 - Cannot read IP mode file for STMicroelectronics.X-CUBE-NFC4.3.0.0
2024-10-05 18:23:14,143 [WARN] PackLoader:240 - Cannot read IP mode file for wolfSSL.I-CUBE-wolfMQTT.1.18.0
2024-10-05 18:23:14,159 [WARN] PackLoader:240 - Cannot read IP mode file for EmbeddedOffice.I-CUBE-FS-RTOS.1.0.1
2024-10-05 18:23:14,159 [ERROR] ConditionMgr:805 - Attr not supported : Dmpu
2024-10-05 18:23:14,159 [ERROR] ConditionMgr:805 - Attr not supported : Dmpu
2024-10-05 18:23:14,159 [ERROR] ConditionMgr:805 - Attr not supported : Dmpu
2024-10-05 18:23:14,159 [ERROR] ConditionMgr:805 - Attr not supported : Dmpu
2024-10-05 18:23:14,159 [ERROR] ConditionMgr:805 - Attr not supported : Dmpu
2024-10-05 18:23:14,159 [ERROR] ConditionMgr:805 - Attr not supported : Dmpu
2024-10-05 18:23:14,159 [ERROR] ConditionMgr:805 - Attr not supported : Dmpu
2024-10-05 18:23:14,160 [ERROR] ConditionMgr:805 - Attr not supported : Dmpu
2024-10-05 18:23:14,160 [ERROR] ConditionMgr:805 - Attr not supported : Dmpu
2024-10-05 18:23:14,160 [ERROR] ConditionMgr:805 - Attr not supported : Dmpu
2024-10-05 18:23:14,160 [ERROR] ConditionMgr:805 - Attr not supported : Dmpu
2024-10-05 18:23:14,160 [ERROR] ConditionMgr:805 - Attr not supported : Dmpu
2024-10-05 18:23:14,160 [ERROR] ConditionMgr:805 - Attr not supported : Dmpu
2024-10-05 18:23:14,160 [ERROR] ConditionMgr:805 - Attr not supported : Dmpu
2024-10-05 18:23:14,160 [ERROR] ConditionMgr:805 - Attr not supported : Dmpu
2024-10-05 18:23:14,160 [ERROR] ConditionMgr:805 - Attr not supported : Dmpu
2024-10-05 18:23:14,160 [ERROR] ConditionMgr:805 - Attr not supported : Dmpu
2024-10-05 18:23:14,160 [ERROR] ConditionMgr:805 - Attr not supported : Dmpu
2024-10-05 18:23:14,160 [ERROR] ConditionMgr:805 - Attr not supported : Dmpu
2024-10-05 18:23:14,160 [ERROR] ConditionMgr:805 - Attr not supported : Dmpu
2024-10-05 18:23:14,160 [ERROR] ConditionMgr:805 - Attr not supported : Dmpu
2024-10-05 18:23:14,160 [ERROR] ConditionMgr:805 - Attr not supported : Dmpu
2024-10-05 18:23:14,160 [ERROR] ConditionMgr:805 - Attr not supported : Dmpu
2024-10-05 18:23:14,160 [ERROR] ConditionMgr:805 - Attr not supported : Dmpu
2024-10-05 18:23:14,160 [ERROR] ConditionMgr:805 - Attr not supported : Dmpu
2024-10-05 18:23:14,160 [ERROR] ConditionMgr:805 - Attr not supported : Dmpu
2024-10-05 18:23:14,160 [ERROR] ConditionMgr:805 - Attr not supported : Dmpu
2024-10-05 18:23:14,160 [ERROR] ConditionMgr:805 - Attr not supported : Dmpu
2024-10-05 18:23:14,160 [ERROR] ConditionMgr:805 - Attr not supported : Dmpu
2024-10-05 18:23:14,160 [ERROR] ConditionMgr:805 - Attr not supported : Dmpu
2024-10-05 18:23:14,160 [ERROR] ConditionMgr:805 - Attr not supported : Dmpu
2024-10-05 18:23:14,160 [ERROR] ConditionMgr:805 - Attr not supported : Dmpu
2024-10-05 18:23:14,160 [ERROR] ConditionMgr:805 - Attr not supported : Dmpu
2024-10-05 18:23:14,160 [ERROR] ConditionMgr:805 - Attr not supported : Dmpu
2024-10-05 18:23:14,160 [ERROR] ConditionMgr:805 - Attr not supported : Dmpu
2024-10-05 18:23:14,161 [ERROR] ConditionMgr:805 - Attr not supported : Dmpu
2024-10-05 18:23:14,161 [ERROR] ConditionMgr:805 - Attr not supported : Dmpu
2024-10-05 18:23:14,161 [ERROR] ConditionMgr:805 - Attr not supported : Dmpu
2024-10-05 18:23:14,161 [ERROR] ConditionMgr:805 - Attr not supported : Dmpu
2024-10-05 18:23:14,161 [ERROR] ConditionMgr:805 - Attr not supported : Dmpu
2024-10-05 18:23:14,161 [ERROR] ConditionMgr:805 - Attr not supported : Dmpu
2024-10-05 18:23:14,161 [ERROR] ConditionMgr:805 - Attr not supported : Dmpu
2024-10-05 18:23:14,161 [ERROR] ConditionMgr:805 - Attr not supported : Dmpu
2024-10-05 18:23:14,161 [ERROR] ConditionMgr:805 - Attr not supported : Dmpu
2024-10-05 18:23:14,161 [ERROR] ConditionMgr:805 - Attr not supported : Dmpu
2024-10-05 18:23:14,161 [ERROR] ConditionMgr:805 - Attr not supported : Dmpu
2024-10-05 18:23:14,161 [ERROR] ConditionMgr:805 - Attr not supported : Dmpu
2024-10-05 18:23:14,161 [ERROR] ConditionMgr:805 - Attr not supported : Dmpu
2024-10-05 18:23:14,161 [ERROR] ConditionMgr:805 - Attr not supported : Dmpu
2024-10-05 18:23:14,161 [ERROR] ConditionMgr:805 - Attr not supported : Dmpu
2024-10-05 18:23:14,161 [ERROR] ConditionMgr:805 - Attr not supported : Dmpu
2024-10-05 18:23:14,161 [ERROR] ConditionMgr:805 - Attr not supported : Dmpu
2024-10-05 18:23:14,161 [ERROR] ConditionMgr:805 - Attr not supported : Dmpu
2024-10-05 18:23:14,161 [ERROR] ConditionMgr:805 - Attr not supported : Dmpu
2024-10-05 18:23:14,161 [ERROR] ConditionMgr:805 - Attr not supported : Dmpu
2024-10-05 18:23:14,161 [ERROR] ConditionMgr:805 - Attr not supported : Dmpu
2024-10-05 18:23:14,161 [ERROR] ConditionMgr:805 - Attr not supported : Dmpu
2024-10-05 18:23:14,161 [ERROR] ConditionMgr:805 - Attr not supported : Dmpu
2024-10-05 18:23:14,161 [ERROR] ConditionMgr:805 - Attr not supported : Dmpu
2024-10-05 18:23:14,161 [ERROR] ConditionMgr:805 - Attr not supported : Dmpu
2024-10-05 18:23:14,162 [ERROR] ConditionMgr:805 - Attr not supported : Dmpu
2024-10-05 18:23:14,162 [ERROR] ConditionMgr:805 - Attr not supported : Dmpu
2024-10-05 18:23:14,162 [ERROR] ConditionMgr:805 - Attr not supported : Dmpu
2024-10-05 18:23:14,162 [ERROR] ConditionMgr:805 - Attr not supported : Dmpu
2024-10-05 18:23:14,181 [WARN] PackLoader:240 - Cannot read IP mode file for STMicroelectronics.X-CUBE-BLEMGR.3.0.0
2024-10-05 18:23:14,214 [WARN] PackLoader:240 - Cannot read IP mode file for RealThread.X-CUBE-RT-Thread_Nano.4.1.1
2024-10-05 18:23:14,219 [WARN] PackLoader:240 - Cannot read IP mode file for STMicroelectronics.FP-ATR-SIGFOX1.3.2.0
2024-10-05 18:23:14,232 [WARN] PackLoader:240 - Cannot read IP mode file for STMicroelectronics.X-CUBE-EEPRMA1.5.1.0
2024-10-05 18:23:14,269 [WARN] PackLoader:240 - Cannot read IP mode file for SEGGER.I-CUBE-embOS.1.3.1
2024-10-05 18:23:14,317 [WARN] PackLoader:240 - Cannot read IP mode file for STMicroelectronics.X-CUBE-ALGOBUILD.1.4.0
2024-10-05 18:23:14,320 [WARN] PackLoader:240 - Cannot read IP mode file for STMicroelectronics.X-CUBE-AI.9.1.0
2024-10-05 18:23:14,331 [WARN] PackLoader:240 - Cannot read IP mode file for STMicroelectronics.X-CUBE-GNSS1.6.0.0
2024-10-05 18:23:14,356 [WARN] PackLoader:240 - Cannot read IP mode file for STMicroelectronics.X-CUBE-AZRTOS-F4.1.1.0
2024-10-05 18:23:14,373 [WARN] PackLoader:240 - Cannot read IP mode file for wolfSSL.I-CUBE-wolfSSL.5.6.3
2024-10-05 18:23:14,376 [WARN] PackLoader:240 - Cannot read IP mode file for STMicroelectronics.X-CUBE-ISPU.2.1.0
2024-10-05 18:23:14,390 [WARN] PackLoader:240 - Cannot read IP mode file for STMicroelectronics.X-CUBE-FREERTOS.1.2.0
2024-10-05 18:23:14,416 [WARN] PackLoader:240 - Cannot read IP mode file for STMicroelectronics.X-CUBE-AZRTOS-L5.2.0.0
2024-10-05 18:23:14,458 [WARN] PackLoader:240 - Cannot read IP mode file for STMicroelectronics.X-CUBE-MEMS1.9.6.0
2024-10-05 18:23:14,543 [WARN] PackLoader:240 - Cannot read IP mode file for STMicroelectronics.X-CUBE-EEPRMA1.4.2.0
2024-10-05 18:23:14,556 [WARN] PackLoader:240 - Cannot read IP mode file for STMicroelectronics.X-CUBE-NFC6.3.1.0
2024-10-05 18:23:14,568 [WARN] PackLoader:240 - Cannot read IP mode file for ITTIA_DB.I-CUBE-ITTIADB.8.8.0
2024-10-05 18:23:14,581 [WARN] PackLoader:240 - Cannot read IP mode file for STMicroelectronics.X-CUBE-BLEMGR.2.0.0
2024-10-05 18:23:14,594 [WARN] PackLoader:240 - Cannot read IP mode file for STMicroelectronics.X-CUBE-DPower.1.2.0
2024-10-05 18:23:14,606 [WARN] PackLoader:240 - Cannot read IP mode file for STMicroelectronics.X-CUBE-AI.9.0.0
2024-10-05 18:23:14,626 [WARN] ConditionMgr:438 - getConditionDescription Invalid condition id : UX DEVICE CLASS RTOS Condition cause : null
2024-10-05 18:23:14,626 [WARN] ConditionMgr:438 - getConditionDescription Invalid condition id : UX DEVICE CLASS RTOS Condition cause : null
2024-10-05 18:23:14,628 [WARN] PackLoader:240 - Cannot read IP mode file for STMicroelectronics.X-CUBE-AZRTOS-H7.3.1.0
2024-10-05 18:23:14,628 [WARN] ConditionMgr:1039 - genDependencies : Invalid condition id : UX DEVICE CLASS RTOS Condition cause : null
2024-10-05 18:23:14,628 [WARN] ConditionMgr:1039 - genDependencies : Invalid condition id : UX DEVICE CLASS RTOS Condition cause : null
2024-10-05 18:23:14,629 [WARN] ConditionMgr:1039 - genDependencies : Invalid condition id : UX DEVICE CLASS RTOS Condition cause : null
2024-10-05 18:23:14,629 [WARN] ConditionMgr:1039 - genDependencies : Invalid condition id : UX DEVICE CLASS RTOS Condition cause : null
2024-10-05 18:23:14,629 [WARN] ConditionMgr:1039 - genDependencies : Invalid condition id : UX DEVICE CLASS RTOS Condition cause : null
2024-10-05 18:23:14,641 [WARN] PackLoader:240 - Cannot read IP mode file for STMicroelectronics.X-CUBE-NFC7.1.0.1
2024-10-05 18:23:14,646 [WARN] PackLoader:240 - Cannot read IP mode file for wolfSSL.I-CUBE-wolfTPM.3.2.0
2024-10-05 18:23:14,657 [WARN] PackLoader:240 - Cannot read IP mode file for STMicroelectronics.X-CUBE-NFC6.3.0.0
2024-10-05 18:23:14,670 [WARN] PackLoader:240 - Cannot read IP mode file for STMicroelectronics.X-CUBE-EEPRMA1.4.1.0
2024-10-05 18:23:14,682 [WARN] PackLoader:240 - Cannot read IP mode file for STMicroelectronics.X-CUBE-AI.8.1.0
2024-10-05 18:23:14,703 [WARN] ConditionMgr:438 - getConditionDescription Invalid condition id : LAN8742 Phy interface Condition cause : null
2024-10-05 18:23:14,703 [WARN] PackLoader:240 - Cannot read IP mode file for STMicroelectronics.X-CUBE-AZRTOS-L4.2.0.0
2024-10-05 18:23:14,704 [WARN] ConditionMgr:1039 - genDependencies : Invalid condition id : LAN8742 Phy interface Condition cause : null
2024-10-05 18:23:14,704 [WARN] ConditionMgr:1039 - genDependencies : Invalid condition id : LAN8742 Phy interface Condition cause : null
2024-10-05 18:23:14,704 [WARN] ConditionMgr:1039 - genDependencies : Invalid condition id : LAN8742 Phy interface Condition cause : null
2024-10-05 18:23:14,715 [WARN] PackLoader:240 - Cannot read IP mode file for STMicroelectronics.X-CUBE-SFXS2LP1.4.0.0
2024-10-05 18:23:14,726 [WARN] PackLoader:240 - Cannot read IP mode file for STMicroelectronics.X-CUBE-ISPU.1.1.0
2024-10-05 18:23:14,746 [WARN] PackLoader:240 - Cannot read IP mode file for STMicroelectronics.X-CUBE-AZRTOS-H7.3.3.0
2024-10-05 18:23:14,753 [WARN] PackLoader:240 - Cannot read IP mode file for STMicroelectronics.X-CUBE-IPS.3.0.0
2024-10-05 18:23:14,773 [WARN] ConditionMgr:438 - getConditionDescription Invalid condition id : UX DEVICE CLASS RTOS Condition cause : null
2024-10-05 18:23:14,773 [WARN] ConditionMgr:438 - getConditionDescription Invalid condition id : UX DEVICE CLASS RTOS Condition cause : null
2024-10-05 18:23:14,774 [WARN] PackLoader:240 - Cannot read IP mode file for STMicroelectronics.X-CUBE-AZRTOS-WB.2.0.0
2024-10-05 18:23:14,774 [WARN] ConditionMgr:1039 - genDependencies : Invalid condition id : UX DEVICE CLASS RTOS Condition cause : null
2024-10-05 18:23:14,774 [WARN] ConditionMgr:1039 - genDependencies : Invalid condition id : UX DEVICE CLASS RTOS Condition cause : null
2024-10-05 18:23:14,775 [WARN] ConditionMgr:1039 - genDependencies : Invalid condition id : UX DEVICE CLASS RTOS Condition cause : null
2024-10-05 18:23:14,775 [WARN] ConditionMgr:1039 - genDependencies : Invalid condition id : UX DEVICE CLASS RTOS Condition cause : null
2024-10-05 18:23:14,775 [WARN] ConditionMgr:1039 - genDependencies : Invalid condition id : UX DEVICE CLASS RTOS Condition cause : null
2024-10-05 18:23:14,786 [WARN] PackLoader:240 - Cannot read IP mode file for STMicroelectronics.X-CUBE-GNSS1.7.0.0
2024-10-05 18:23:14,802 [WARN] PackLoader:240 - Cannot read IP mode file for STMicroelectronics.FP-SNS-STBOX1.2.0.0
2024-10-05 18:23:14,816 [WARN] PackLoader:240 - Cannot read IP mode file for STMicroelectronics.X-CUBE-SUBG2.5.0.0
2024-10-05 18:23:14,822 [WARN] PackLoader:240 - Cannot read IP mode file for Cesanta.I-CUBE-Mongoose.7.13.0
2024-10-05 18:23:14,835 [WARN] PackLoader:240 - Cannot read IP mode file for STMicroelectronics.X-CUBE-TOF1.3.3.1
2024-10-05 18:23:14,864 [WARN] PackLoader:240 - Cannot read IP mode file for STMicroelectronics.X-CUBE-AZRTOS-G4.2.0.0
2024-10-05 18:23:14,882 [WARN] PackLoader:240 - Cannot read IP mode file for Infineon.AIROC-Wi-Fi-Bluetooth-STM32.1.5.1
2024-10-05 18:23:14,894 [WARN] PackLoader:240 - Cannot read IP mode file for STMicroelectronics.FP-SNS-MOTENVWB1.1.3.0
2024-10-05 18:23:14,918 [WARN] PackLoader:240 - Cannot read IP mode file for STMicroelectronics.FP-SNS-MOTENVWB1.1.3.1
2024-10-05 18:23:14,926 [WARN] PackLoader:240 - Cannot read IP mode file for STMicroelectronics.X-CUBE-ISPU.2.0.0
2024-10-05 18:23:14,934 [WARN] PackLoader:240 - Cannot read IP mode file for STMicroelectronics.X-CUBE-ALS.1.0.2
2024-10-05 18:23:14,961 [WARN] PackLoader:240 - Cannot read IP mode file for STMicroelectronics.X-CUBE-MEMS1.10.0.0
2024-10-05 18:23:15,022 [WARN] PackLoader:240 - Cannot read IP mode file for STMicroelectronics.X-CUBE-FREERTOS.1.1.0
2024-10-05 18:23:15,033 [WARN] PackLoader:240 - Cannot read IP mode file for STMicroelectronics.X-CUBE-TOUCHGFX.4.24.0
2024-10-05 18:23:15,035 [WARN] PackLoader:240 - Cannot read IP mode file for STMicroelectronics.X-CUBE-TOUCHGFX.4.24.1
2024-10-05 18:23:15,047 [WARN] PackLoader:240 - Cannot read IP mode file for portGmbH.I-Cube-SoM-uGOAL.1.1.0
2024-10-05 18:23:15,058 [WARN] PackLoader:240 - Cannot read IP mode file for STMicroelectronics.X-CUBE-ALS.1.0.1
2024-10-05 18:23:15,078 [WARN] PackLoader:240 - Cannot read IP mode file for STMicroelectronics.X-CUBE-AZRTOS-H7RS.1.0.0
2024-10-05 18:23:15,082 [WARN] PackLoader:240 - Cannot read IP mode file for STMicroelectronics.FP-ATR-ASTRA1.2.0.0
2024-10-05 18:23:15,095 [WARN] PackLoader:240 - Cannot read IP mode file for STMicroelectronics.X-CUBE-TOF1.3.4.2
2024-10-05 18:23:15,113 [WARN] PackLoader:240 - Cannot read IP mode file for STMicroelectronics.X-CUBE-TOF1.3.4.0
2024-10-05 18:23:15,130 [WARN] PackLoader:240 - Cannot read IP mode file for STMicroelectronics.X-CUBE-TOF1.3.4.1
2024-10-05 18:23:15,153 [WARN] PackLoader:240 - Cannot read IP mode file for STMicroelectronics.X-CUBE-AZRTOS-H7.3.2.0
2024-10-05 18:23:15,159 [WARN] PackLoader:240 - Cannot read IP mode file for wolfSSL.I-CUBE-wolfSSH.1.4.17
2024-10-05 18:23:15,159 [INFO] ThirdParty:978 - Integrity check success = true
2024-10-05 18:23:15,159 [INFO] IntegrityCheckThread:100 - exiting critical section [integrity check]
2024-10-05 18:23:15,159 [INFO] IntegrityCheckThread:103 - End integrity checks thread
