2024-10-18 18:23:29,324 [INFO] Activator:176 - 


2024-10-18 18:23:29,324 [INFO] Activator:177 - !SESSION log4j initialized
2024-10-18 18:23:33,734 [INFO] LogOutputStream:77 - [STDOUT_REDIRECT] 
2024-10-18 18:23:34,931 [INFO] ApplicationProperties:184 - Using Application install path: C:\ST\STM32CubeIDE_1.13.2\STM32CubeIDE\plugins\com.st.stm32cube.common.mx_6.11.1.202404110753
2024-10-18 18:23:34,946 [INFO] DbMcusXml:78 - Set database path to: C:\ST\STM32CubeIDE_1.13.2\STM32CubeIDE\plugins\com.st.stm32cube.common.mx_6.11.1.202404110753\\db\/mcu/
2024-10-18 18:23:34,946 [INFO] ApiDb:274 - Set plugin database path to: C:\ST\STM32CubeIDE_1.13.2\STM32CubeIDE\plugins\com.st.stm32cube.common.mx_6.11.1.202404110753\\db\/plugins/boardmanager/
2024-10-18 18:23:34,946 [WARN] ApiDb:259 - Overriding images path with different value:  => C:\ST\STM32CubeIDE_1.13.2\STM32CubeIDE\plugins\com.st.stm32cube.common.mx_6.11.1.202404110753\\db\/plugins/mcufinder/images/
2024-10-18 18:23:34,953 [INFO] ApiDb:250 - Set database path to: C:\Users\user\.stmcufinder\plugins\mcufinder//mcu/
2024-10-18 18:23:34,954 [INFO] DbMcusAds:125 - Set database path to: C:\Users\user\.stmcufinder\plugins\mcufinder//mcu/
2024-10-18 18:23:34,955 [INFO] CrossReferenceDbSqlite:203 - Set database path to: C:\Users\user\.stmcufinder\plugins\mcufinder//mcu/cs/
2024-10-18 18:23:35,040 [INFO] RulesReader:64 - Compatibility file has been processed (297 Rules)
2024-10-18 18:23:35,115 [INFO] DbMcusXml:78 - Set database path to: C:\ST\STM32CubeIDE_1.13.2\STM32CubeIDE\plugins\com.st.stm32cube.common.mx_6.11.1.202404110753\\db\/mcu/
2024-10-18 18:23:35,115 [INFO] ApiDb:274 - Set plugin database path to: C:\ST\STM32CubeIDE_1.13.2\STM32CubeIDE\plugins\com.st.stm32cube.common.mx_6.11.1.202404110753\\db\/plugins/boardmanager/
2024-10-18 18:23:35,115 [INFO] ApiDb:261 - Set plugin images path to: C:\ST\STM32CubeIDE_1.13.2\STM32CubeIDE\plugins\com.st.stm32cube.common.mx_6.11.1.202404110753\\db\/plugins/mcufinder/images/
2024-10-18 18:23:35,115 [WARN] DbFile:41 - Overriding database path with different value: C:\Users\user\.stmcufinder\plugins\mcufinder/ => C:\Users\user\.stmcufinder\plugins\mcufinder
2024-10-18 18:23:35,116 [INFO] ApiDb:250 - Set database path to: C:\Users\user\.stmcufinder\plugins\mcufinder//mcu/
2024-10-18 18:23:35,116 [WARN] DbFile:41 - Overriding database path with different value: C:\Users\user\.stmcufinder\plugins\mcufinder/ => C:\Users\user\.stmcufinder\plugins\mcufinder
2024-10-18 18:23:35,116 [INFO] DbMcusAds:125 - Set database path to: C:\Users\user\.stmcufinder\plugins\mcufinder//mcu/
2024-10-18 18:23:35,116 [WARN] DbFile:41 - Overriding database path with different value: C:\Users\user\.stmcufinder\plugins\mcufinder/ => C:\Users\user\.stmcufinder\plugins\mcufinder
2024-10-18 18:23:35,116 [WARN] DbFile:41 - Overriding database path with different value: C:\Users\user\.stmcufinder\plugins\mcufinder/ => C:\Users\user\.stmcufinder\plugins\mcufinder
2024-10-18 18:23:35,116 [INFO] CrossReferenceDbSqlite:203 - Set database path to: C:\Users\user\.stmcufinder\plugins\mcufinder//mcu/cs/
2024-10-18 18:23:35,172 [INFO] MainPanel:264 - HeapMemory: 268435456
2024-10-18 18:23:35,245 [INFO] DbMcusXml:78 - Set database path to: C:\ST\STM32CubeIDE_1.13.2\STM32CubeIDE\plugins\com.st.stm32cube.common.mx_6.11.1.202404110753\\db\/mcu/
2024-10-18 18:23:35,245 [INFO] ApiDb:274 - Set plugin database path to: C:\ST\STM32CubeIDE_1.13.2\STM32CubeIDE\plugins\com.st.stm32cube.common.mx_6.11.1.202404110753\\db\/plugins/boardmanager/
2024-10-18 18:23:35,245 [INFO] ApiDb:261 - Set plugin images path to: C:\ST\STM32CubeIDE_1.13.2\STM32CubeIDE\plugins\com.st.stm32cube.common.mx_6.11.1.202404110753\\db\/plugins/mcufinder/images/
2024-10-18 18:23:35,246 [WARN] DbFile:41 - Overriding database path with different value: C:\Users\user\.stmcufinder\plugins\mcufinder/ => C:\Users\user\.stmcufinder\plugins\mcufinder
2024-10-18 18:23:35,246 [INFO] ApiDb:250 - Set database path to: C:\Users\user\.stmcufinder\plugins\mcufinder//mcu/
2024-10-18 18:23:35,246 [WARN] DbFile:41 - Overriding database path with different value: C:\Users\user\.stmcufinder\plugins\mcufinder/ => C:\Users\user\.stmcufinder\plugins\mcufinder
2024-10-18 18:23:35,246 [INFO] DbMcusAds:125 - Set database path to: C:\Users\user\.stmcufinder\plugins\mcufinder//mcu/
2024-10-18 18:23:35,246 [WARN] DbFile:41 - Overriding database path with different value: C:\Users\user\.stmcufinder\plugins\mcufinder/ => C:\Users\user\.stmcufinder\plugins\mcufinder
2024-10-18 18:23:35,246 [WARN] DbFile:41 - Overriding database path with different value: C:\Users\user\.stmcufinder\plugins\mcufinder/ => C:\Users\user\.stmcufinder\plugins\mcufinder
2024-10-18 18:23:35,246 [INFO] CrossReferenceDbSqlite:203 - Set database path to: C:\Users\user\.stmcufinder\plugins\mcufinder//mcu/cs/
2024-10-18 18:23:35,259 [INFO] ApplicationProperties:184 - Using Application install path: C:\ST\STM32CubeIDE_1.13.2\STM32CubeIDE\plugins\com.st.stm32cube.common.mx_6.11.1.202404110753
2024-10-18 18:23:35,260 [INFO] PluginManage:196 - Search for loadable plugins [exclusion list=, ]
2024-10-18 18:23:35,261 [INFO] PluginManage:310 - Check plugin analytics
2024-10-18 18:23:35,415 [INFO] AnalyticsPlugin:253 - Accepted Software Licenses: 
2024-10-18 18:23:35,416 [INFO] AnalyticsPlugin:255 - Accepted CMSIS Pack Licenses: 
2024-10-18 18:23:35,416 [INFO] AnalyticsPlugin:257 - Accepted Firmware Licenses: FW.F4.1.27.0,FW.F4.1.28.0
2024-10-18 18:23:35,419 [INFO] PluginManage:359 - Loaded plugin analytics (category:tool,tabindex:-1)
2024-10-18 18:23:35,420 [INFO] PluginManage:310 - Check plugin cadmodel
2024-10-18 18:23:35,437 [INFO] CADModel:105 - Init CAD model plugin
2024-10-18 18:23:35,438 [INFO] PluginManage:359 - Loaded plugin cadmodel (category:power,tabindex:5)
2024-10-18 18:23:35,438 [INFO] PluginManage:310 - Check plugin clock
2024-10-18 18:23:35,459 [INFO] PluginManage:359 - Loaded plugin clock (category:base,tabindex:2)
2024-10-18 18:23:35,460 [INFO] PluginManage:310 - Check plugin ddr
2024-10-18 18:23:35,461 [INFO] PluginManage:359 - Loaded plugin ddr (category:tool,tabindex:6)
2024-10-18 18:23:35,462 [INFO] PluginManage:310 - Check plugin filemanager
2024-10-18 18:23:35,592 [INFO] PluginManage:359 - Loaded plugin filemanager (category:base,tabindex:10)
2024-10-18 18:23:35,592 [INFO] PluginManage:310 - Check plugin ipmanager
2024-10-18 18:23:35,599 [INFO] PluginManage:359 - Loaded plugin ipmanager (category:base,tabindex:5)
2024-10-18 18:23:35,600 [INFO] PluginManage:310 - Check plugin lpbam
2024-10-18 18:23:35,617 [INFO] PluginManage:359 - Loaded plugin lpbam (category:base,tabindex:0)
2024-10-18 18:23:35,617 [INFO] PluginManage:310 - Check plugin memorymap
2024-10-18 18:23:35,640 [INFO] PluginManage:359 - Loaded plugin memorymap (category:base,tabindex:4)
2024-10-18 18:23:35,640 [INFO] PluginManage:310 - Check plugin pinoutandconfiguration
2024-10-18 18:23:35,656 [INFO] PluginManage:359 - Loaded plugin pinoutandconfiguration (category:base,tabindex:1)
2024-10-18 18:23:35,656 [INFO] PluginManage:310 - Check plugin pinoutconfig
2024-10-18 18:23:35,741 [WARN] SupportedApi:132 - Cannot load RTOS API schema: s4s-elt-must-match.1: The content of 'definitions' must match (annotation?, (simpleType | complexType)?, (unique | key | keyref)*)). A problem was found starting at: attribute.
2024-10-18 18:23:35,848 [INFO] PluginManage:359 - Loaded plugin pinoutconfig (category:base,tabindex:0)
2024-10-18 18:23:35,848 [INFO] PluginManage:310 - Check plugin power
2024-10-18 18:23:35,864 [INFO] PluginManage:359 - Loaded plugin power (category:power,tabindex:4)
2024-10-18 18:23:35,864 [INFO] PluginManage:310 - Check plugin projectmanager
2024-10-18 18:23:35,877 [INFO] PluginManage:359 - Loaded plugin projectmanager (category:projectmanager,tabindex:3)
2024-10-18 18:23:35,877 [INFO] PluginManage:310 - Check plugin thirdparty
2024-10-18 18:23:36,110 [INFO] PluginManage:359 - Loaded plugin thirdparty (category:base,tabindex:-1)
2024-10-18 18:23:36,110 [WARN] IntegrityCheckThread:84 - waiting for thirdparty lock release [integrity check]
2024-10-18 18:23:36,110 [INFO] PluginManage:310 - Check plugin tools
2024-10-18 18:23:36,110 [INFO] IntegrityCheckThread:86 - entering critical section [integrity check]
2024-10-18 18:23:36,110 [INFO] ThirdPartyUpdaterWithRetryManager:70 - Updater plugin not ready yet. [1/15]
2024-10-18 18:23:36,138 [INFO] PluginManage:359 - Loaded plugin tools (category:base,tabindex:7)
2024-10-18 18:23:36,138 [INFO] PluginManage:310 - Check plugin tutovideos
2024-10-18 18:23:36,314 [INFO] PluginManage:359 - Loaded plugin tutovideos (category:base,tabindex:-1)
2024-10-18 18:23:36,314 [INFO] PluginManage:310 - Check plugin updater
2024-10-18 18:23:36,323 [INFO] PluginManage:359 - Loaded plugin updater (category:base,tabindex:12)
2024-10-18 18:23:36,323 [INFO] PluginManage:310 - Check plugin userauth
2024-10-18 18:23:36,327 [INFO] UserAuth:114 - Init User Auth plugin
2024-10-18 18:23:36,327 [INFO] PluginManage:359 - Loaded plugin userauth (category:base,tabindex:14)
2024-10-18 18:23:36,328 [INFO] PluginManage:283 - PluginManage : Loaded plugins [17]
2024-10-18 18:23:36,519 [INFO] PinOutPanel:1561 - setPackage(No Configuration,No Configuration)
2024-10-18 18:23:36,576 [INFO] CADModel:165 - CPN selected for project level
2024-10-18 18:23:36,576 [INFO] CADModel:114 - Register for checkConnection events
2024-10-18 18:23:36,600 [INFO] IPUIPlugin:80 - create IPUIPlugin
2024-10-18 18:23:36,600 [INFO] PluginManager:220 - loadIPPluginJar : add adc
2024-10-18 18:23:36,629 [INFO] IPUIPlugin:80 - create IPUIPlugin
2024-10-18 18:23:36,629 [INFO] PluginManager:220 - loadIPPluginJar : add aes
2024-10-18 18:23:36,660 [INFO] IPUIPlugin:80 - create IPUIPlugin
2024-10-18 18:23:36,660 [INFO] PluginManager:220 - loadIPPluginJar : add can
2024-10-18 18:23:36,681 [INFO] IPUIPlugin:80 - create IPUIPlugin
2024-10-18 18:23:36,681 [INFO] PluginManager:220 - loadIPPluginJar : add comp
2024-10-18 18:23:36,711 [INFO] IPUIPlugin:80 - create IPUIPlugin
2024-10-18 18:23:36,711 [INFO] PluginManager:220 - loadIPPluginJar : add cryp
2024-10-18 18:23:36,739 [INFO] IPUIPlugin:80 - create IPUIPlugin
2024-10-18 18:23:36,739 [INFO] PluginManager:220 - loadIPPluginJar : add dfsdm
2024-10-18 18:23:36,752 [INFO] IPUIPlugin:80 - create IPUIPlugin
2024-10-18 18:23:36,752 [INFO] PluginManager:220 - loadIPPluginJar : add dma
2024-10-18 18:23:36,788 [INFO] IPUIPlugin:80 - create IPUIPlugin
2024-10-18 18:23:36,788 [INFO] PluginManager:220 - loadIPPluginJar : add dma3
2024-10-18 18:23:36,834 [INFO] IPUIPlugin:80 - create IPUIPlugin
2024-10-18 18:23:36,834 [INFO] PluginManager:220 - loadIPPluginJar : add extmemmanager
2024-10-18 18:23:36,852 [INFO] IPUIPlugin:80 - create IPUIPlugin
2024-10-18 18:23:36,852 [INFO] PluginManager:220 - loadIPPluginJar : add fatfs
2024-10-18 18:23:36,889 [INFO] IPUIPlugin:80 - create IPUIPlugin
2024-10-18 18:23:36,889 [INFO] PluginManager:220 - loadIPPluginJar : add fmc
2024-10-18 18:23:36,899 [INFO] IPUIPlugin:80 - create IPUIPlugin
2024-10-18 18:23:36,899 [INFO] PluginManager:220 - loadIPPluginJar : add freertos
2024-10-18 18:23:36,916 [INFO] IPUIPlugin:80 - create IPUIPlugin
2024-10-18 18:23:36,916 [INFO] PluginManager:220 - loadIPPluginJar : add genericplugin
2024-10-18 18:23:36,980 [INFO] IPUIPlugin:80 - create IPUIPlugin
2024-10-18 18:23:36,980 [INFO] PluginManager:220 - loadIPPluginJar : add gfxmmu
2024-10-18 18:23:37,069 [INFO] IPUIPlugin:80 - create IPUIPlugin
2024-10-18 18:23:37,070 [INFO] PluginManager:220 - loadIPPluginJar : add gic
2024-10-18 18:23:37,079 [INFO] IPUIPlugin:80 - create IPUIPlugin
2024-10-18 18:23:37,079 [INFO] PluginManager:220 - loadIPPluginJar : add gpio
2024-10-18 18:23:37,144 [INFO] IPUIPlugin:80 - create IPUIPlugin
2024-10-18 18:23:37,144 [INFO] PluginManager:220 - loadIPPluginJar : add gtzc
2024-10-18 18:23:37,165 [INFO] IPUIPlugin:80 - create IPUIPlugin
2024-10-18 18:23:37,165 [INFO] PluginManager:220 - loadIPPluginJar : add hash
2024-10-18 18:23:37,201 [INFO] IPUIPlugin:80 - create IPUIPlugin
2024-10-18 18:23:37,202 [INFO] PluginManager:220 - loadIPPluginJar : add i2c
2024-10-18 18:23:37,228 [INFO] IPUIPlugin:80 - create IPUIPlugin
2024-10-18 18:23:37,229 [INFO] PluginManager:220 - loadIPPluginJar : add i2s
2024-10-18 18:23:37,255 [INFO] IPUIPlugin:80 - create IPUIPlugin
2024-10-18 18:23:37,255 [INFO] PluginManager:220 - loadIPPluginJar : add i3c
2024-10-18 18:23:37,325 [INFO] IPUIPlugin:80 - create IPUIPlugin
2024-10-18 18:23:37,325 [INFO] PluginManager:220 - loadIPPluginJar : add ipddr
2024-10-18 18:23:37,387 [INFO] IPUIPlugin:80 - create IPUIPlugin
2024-10-18 18:23:37,389 [INFO] PluginManager:220 - loadIPPluginJar : add linkedlist
2024-10-18 18:23:37,415 [INFO] IPUIPlugin:80 - create IPUIPlugin
2024-10-18 18:23:37,415 [INFO] PluginManager:220 - loadIPPluginJar : add lorawan
2024-10-18 18:23:37,441 [INFO] IPUIPlugin:80 - create IPUIPlugin
2024-10-18 18:23:37,441 [INFO] PluginManager:220 - loadIPPluginJar : add ltdc
2024-10-18 18:23:37,454 [INFO] IPUIPlugin:80 - create IPUIPlugin
2024-10-18 18:23:37,454 [INFO] PluginManager:220 - loadIPPluginJar : add mdma
2024-10-18 18:23:37,463 [INFO] IPUIPlugin:80 - create IPUIPlugin
2024-10-18 18:23:37,463 [INFO] PluginManager:220 - loadIPPluginJar : add nvic
2024-10-18 18:23:37,489 [INFO] IPUIPlugin:80 - create IPUIPlugin
2024-10-18 18:23:37,489 [INFO] PluginManager:220 - loadIPPluginJar : add opamp
2024-10-18 18:23:37,528 [INFO] IPUIPlugin:80 - create IPUIPlugin
2024-10-18 18:23:37,528 [INFO] PluginManager:220 - loadIPPluginJar : add openamp
2024-10-18 18:23:37,556 [INFO] IPUIPlugin:80 - create IPUIPlugin
2024-10-18 18:23:37,556 [INFO] PluginManager:220 - loadIPPluginJar : add pdm2pcm
2024-10-18 18:23:37,567 [INFO] IPUIPlugin:80 - create IPUIPlugin
2024-10-18 18:23:37,569 [INFO] PluginManager:220 - loadIPPluginJar : add plateformsettings
2024-10-18 18:23:37,586 [INFO] IPUIPlugin:80 - create IPUIPlugin
2024-10-18 18:23:37,586 [INFO] PluginManager:220 - loadIPPluginJar : add quadspi
2024-10-18 18:23:37,595 [INFO] IPUIPlugin:80 - create IPUIPlugin
2024-10-18 18:23:37,595 [INFO] PluginManager:220 - loadIPPluginJar : add resmgrutility
2024-10-18 18:23:37,629 [INFO] IPUIPlugin:80 - create IPUIPlugin
2024-10-18 18:23:37,630 [INFO] PluginManager:220 - loadIPPluginJar : add sai
2024-10-18 18:23:37,654 [INFO] IPUIPlugin:80 - create IPUIPlugin
2024-10-18 18:23:37,654 [INFO] PluginManager:220 - loadIPPluginJar : add spi
2024-10-18 18:23:37,702 [INFO] IPUIPlugin:80 - create IPUIPlugin
2024-10-18 18:23:37,702 [INFO] PluginManager:220 - loadIPPluginJar : add stm32_wpan
2024-10-18 18:23:37,718 [INFO] IPUIPlugin:80 - create IPUIPlugin
2024-10-18 18:23:37,718 [INFO] PluginManager:220 - loadIPPluginJar : add tim
2024-10-18 18:23:37,758 [INFO] IPUIPlugin:80 - create IPUIPlugin
2024-10-18 18:23:37,758 [INFO] PluginManager:220 - loadIPPluginJar : add touchsensing
2024-10-18 18:23:37,774 [INFO] IPUIPlugin:80 - create IPUIPlugin
2024-10-18 18:23:37,774 [INFO] PluginManager:220 - loadIPPluginJar : add tracer_emb
2024-10-18 18:23:37,791 [INFO] IPUIPlugin:80 - create IPUIPlugin
2024-10-18 18:23:37,791 [INFO] PluginManager:220 - loadIPPluginJar : add ts
2024-10-18 18:23:37,806 [INFO] IPUIPlugin:80 - create IPUIPlugin
2024-10-18 18:23:37,806 [INFO] PluginManager:220 - loadIPPluginJar : add tsc
2024-10-18 18:23:37,821 [INFO] IPUIPlugin:80 - create IPUIPlugin
2024-10-18 18:23:37,821 [INFO] PluginManager:220 - loadIPPluginJar : add ucpd
2024-10-18 18:23:37,850 [INFO] IPUIPlugin:80 - create IPUIPlugin
2024-10-18 18:23:37,851 [INFO] PluginManager:220 - loadIPPluginJar : add usart
2024-10-18 18:23:37,880 [INFO] IPUIPlugin:80 - create IPUIPlugin
2024-10-18 18:23:37,880 [INFO] PluginManager:220 - loadIPPluginJar : add usbx
2024-10-18 18:23:37,991 [INFO] CADModel:165 - CPN selected for project level
2024-10-18 18:23:37,991 [INFO] CADModel:114 - Register for checkConnection events
2024-10-18 18:23:37,991 [FATAL] Updater:308 - Updater called before beeing initialized
2024-10-18 18:23:37,991 [ERROR] CADModel:125 - Updater not yet initialized, retry later 
2024-10-18 18:23:38,088 [INFO] CADModel:165 - CPN selected for project level
2024-10-18 18:23:38,088 [INFO] CADModel:114 - Register for checkConnection events
2024-10-18 18:23:38,089 [FATAL] Updater:308 - Updater called before beeing initialized
2024-10-18 18:23:38,089 [ERROR] CADModel:125 - Updater not yet initialized, retry later 
2024-10-18 18:23:38,091 [FATAL] Updater:308 - Updater called before beeing initialized
2024-10-18 18:23:38,158 [FATAL] Updater:308 - Updater called before beeing initialized
2024-10-18 18:23:38,170 [INFO] DbMcusAds:53 - JSON generation date=Thu May 16 11:22:00 CEST 2024 (1715851320667)
2024-10-18 18:23:38,170 [FATAL] Updater:308 - Updater called before beeing initialized
2024-10-18 18:23:38,237 [WARN] DetailPanel:346 - Failed to get advertising image, set to default
2024-10-18 18:23:38,296 [FATAL] Updater:308 - Updater called before beeing initialized
2024-10-18 18:23:38,297 [FATAL] Updater:308 - Updater called before beeing initialized
2024-10-18 18:23:38,298 [FATAL] Updater:308 - Updater called before beeing initialized
2024-10-18 18:23:38,298 [WARN] DetailPanel:346 - Failed to get advertising image, set to default
2024-10-18 18:23:38,298 [FATAL] Updater:308 - Updater called before beeing initialized
2024-10-18 18:23:38,341 [ERROR] Updater:1120 - MainUpdater not yet initialized. External WinMGr cannot be set.
2024-10-18 18:23:38,349 [INFO] Updater:1056 - Updater Version found : 6.11.1
2024-10-18 18:23:38,365 [INFO] ApplicationProperties:184 - Using Application install path: C:\ST\STM32CubeIDE_1.13.2\STM32CubeIDE\plugins\com.st.stm32cube.common.mx_6.11.1.202404110753
2024-10-18 18:23:39,112 [INFO] ThirdPartyUpdaterWithRetryManager:70 - Updater plugin not ready yet. [2/15]
2024-10-18 18:23:39,943 [ERROR] LogOutputStream:75 - [STDERR_REDIRECT] Oct 18, 2024 6:23:39 PM java.util.prefs.WindowsPreferences <init>
2024-10-18 18:23:39,943 [ERROR] LogOutputStream:75 - [STDERR_REDIRECT] WARNING: Could not open/create prefs root node Software\JavaSoft\Prefs at root 0xffffffff80000002. Windows RegCreateKeyEx(...) returned error code 5.
2024-10-18 18:23:39,944 [ERROR] LogOutputStream:75 - [STDERR_REDIRECT] 
2024-10-18 18:23:40,223 [INFO] MainUpdater:2873 - connection check result : 10
2024-10-18 18:23:40,223 [INFO] MainUpdater:3567 - Updater definition file requires update
2024-10-18 18:23:40,224 [INFO] MainUpdater:290 - Updater Check For Update Now.
2024-10-18 18:23:40,224 [INFO] MicroXplorer:498 - Change Database Version : DB.6.0.111
2024-10-18 18:23:40,237 [INFO] McuFinderGlobals:63 - Set McuFinder mode to 2 (CubeIDE integrated)
2024-10-18 18:23:40,246 [INFO] UserAuth:415 - Internet connection configuration mode: 1
2024-10-18 18:23:40,263 [INFO] JxBrowserEngine:152 - Initiate JxBrowser Engine with user profile folder
2024-10-18 18:23:40,296 [INFO] ServerAccessManage:473 - Download File updaters.zip
2024-10-18 18:23:40,374 [INFO] FileExtend:240 - Unzip File : updaters.zip
2024-10-18 18:23:40,374 [INFO] FileExtend:255 - Standard Zip Deflate
2024-10-18 18:23:40,668 [INFO] ServerAccessManage:473 - Download File PacksControlFlags.xml
2024-10-18 18:23:40,755 [INFO] ServerAccessManage:473 - Download File cubemx.pidx
2024-10-18 18:23:40,833 [INFO] LoadServerUpdatesThread:375 - End of LoadServerUpdate Thread
2024-10-18 18:23:40,997 [INFO] CheckServerUpdateThread:120 - End of CheckServer Thread
2024-10-18 18:23:42,273 [WARN] PackLoader:240 - Cannot read IP mode file for STMicroelectronics.FP-SNS-MOTENVWB1.1.4.0
2024-10-18 18:23:42,288 [WARN] PackLoader:240 - Cannot read IP mode file for STMicroelectronics.X-CUBE-SMBUS.2.1.0
2024-10-18 18:23:42,303 [WARN] PackLoader:240 - Cannot read IP mode file for STMicroelectronics.X-CUBE-WB05N.1.1.0
2024-10-18 18:23:42,315 [WARN] PackLoader:240 - Cannot read IP mode file for STMicroelectronics.X-CUBE-TOUCHGFX.4.23.0
2024-10-18 18:23:42,324 [WARN] PackLoader:240 - Cannot read IP mode file for STMicroelectronics.X-CUBE-TOUCHGFX.4.23.2
2024-10-18 18:23:42,356 [WARN] PackLoader:240 - Cannot read IP mode file for STMicroelectronics.X-CUBE-AZRTOS-F7.1.1.0
2024-10-18 18:23:42,371 [WARN] PackLoader:240 - Cannot read IP mode file for STMicroelectronics.FP-SNS-MOTENV1.4.3.2
2024-10-18 18:23:42,438 [WARN] PackLoader:240 - Cannot read IP mode file for STMicroelectronics.X-CUBE-MEMS1.11.0.0
2024-10-18 18:23:42,549 [WARN] PackLoader:240 - Cannot read IP mode file for STMicroelectronics.FP-SNS-FLIGHT1.5.0.2
2024-10-18 18:23:42,566 [WARN] PackLoader:240 - Cannot read IP mode file for STMicroelectronics.X-CUBE-DISPLAY.3.0.0
2024-10-18 18:23:42,583 [WARN] PackLoader:240 - Cannot read IP mode file for STMicroelectronics.X-CUBE-BLE1.7.0.0
2024-10-18 18:23:42,600 [WARN] PackLoader:240 - Cannot read IP mode file for STMicroelectronics.X-CUBE-NFC10.1.0.0
2024-10-18 18:23:42,613 [WARN] PackLoader:240 - Cannot read IP mode file for emotas.I-CUBE-CANOPEN.1.3.0
2024-10-18 18:23:42,628 [WARN] PackLoader:240 - Cannot read IP mode file for STMicroelectronics.X-CUBE-TOUCHGFX.4.22.1
2024-10-18 18:23:42,646 [WARN] PackLoader:240 - Cannot read IP mode file for STMicroelectronics.X-CUBE-BLEMGR.3.1.0
2024-10-18 18:23:42,662 [WARN] PackLoader:240 - Cannot read IP mode file for STMicroelectronics.FP-SNS-SMARTAG2.1.2.0
2024-10-18 18:23:42,682 [INFO] LogOutputStream:77 - [STDOUT_REDIRECT] 1 : Invalid condition id : UX_CORESTACK_Condition cause : null
2024-10-18 18:23:42,683 [INFO] LogOutputStream:77 - [STDOUT_REDIRECT] 1 : Invalid condition id : UX_CORESTACK_Condition cause : null
2024-10-18 18:23:42,684 [INFO] LogOutputStream:77 - [STDOUT_REDIRECT] 1 : Invalid condition id : UX_CORESTACK_Condition cause : null
2024-10-18 18:23:42,685 [INFO] LogOutputStream:77 - [STDOUT_REDIRECT] 1 : Invalid condition id : UX_CORESTACK_Condition cause : null
2024-10-18 18:23:42,686 [INFO] LogOutputStream:77 - [STDOUT_REDIRECT] 1 : Invalid condition id : UX_CORESTACK_Condition cause : null
2024-10-18 18:23:42,689 [WARN] PackLoader:240 - Cannot read IP mode file for STMicroelectronics.X-CUBE-AZRTOS-WL.2.0.0
2024-10-18 18:23:42,704 [WARN] PackLoader:240 - Cannot read IP mode file for STMicroelectronics.FP-SNS-MOTENV1.5.0.0
2024-10-18 18:23:42,721 [WARN] PackLoader:240 - Cannot read IP mode file for wolfSSL.I-CUBE-wolfMQTT.1.19.0
2024-10-18 18:23:42,739 [WARN] PackLoader:240 - Cannot read IP mode file for WES.I-CUBE-Cesium.1.3.0
2024-10-18 18:23:42,757 [WARN] PackLoader:240 - Cannot read IP mode file for STMicroelectronics.X-CUBE-BLE2.3.3.0
2024-10-18 18:23:42,773 [WARN] PackLoader:240 - Cannot read IP mode file for STMicroelectronics.X-CUBE-NFC9.1.0.0
2024-10-18 18:23:42,787 [WARN] PackLoader:240 - Cannot read IP mode file for STMicroelectronics.X-CUBE-TCPP.4.1.0
2024-10-18 18:23:42,804 [WARN] PackLoader:240 - Cannot read IP mode file for STMicroelectronics.X-CUBE-ALGOBUILD.1.3.0
2024-10-18 18:23:42,832 [WARN] PackLoader:240 - Cannot read IP mode file for STMicroelectronics.X-CUBE-AZRTOS-G0.1.1.0
2024-10-18 18:23:42,850 [WARN] PackLoader:240 - Cannot read IP mode file for STMicroelectronics.X-CUBE-SAFEA1.1.2.2
2024-10-18 18:23:42,865 [WARN] PackLoader:240 - Cannot read IP mode file for STMicroelectronics.X-CUBE-NFC4.3.0.0
2024-10-18 18:23:42,878 [WARN] PackLoader:240 - Cannot read IP mode file for wolfSSL.I-CUBE-wolfMQTT.1.18.0
2024-10-18 18:23:42,895 [WARN] PackLoader:240 - Cannot read IP mode file for EmbeddedOffice.I-CUBE-FS-RTOS.1.0.1
2024-10-18 18:23:42,896 [ERROR] ConditionMgr:805 - Attr not supported : Dmpu
2024-10-18 18:23:42,896 [ERROR] ConditionMgr:805 - Attr not supported : Dmpu
2024-10-18 18:23:42,896 [ERROR] ConditionMgr:805 - Attr not supported : Dmpu
2024-10-18 18:23:42,896 [ERROR] ConditionMgr:805 - Attr not supported : Dmpu
2024-10-18 18:23:42,897 [ERROR] ConditionMgr:805 - Attr not supported : Dmpu
2024-10-18 18:23:42,897 [ERROR] ConditionMgr:805 - Attr not supported : Dmpu
2024-10-18 18:23:42,897 [ERROR] ConditionMgr:805 - Attr not supported : Dmpu
2024-10-18 18:23:42,897 [ERROR] ConditionMgr:805 - Attr not supported : Dmpu
2024-10-18 18:23:42,897 [ERROR] ConditionMgr:805 - Attr not supported : Dmpu
2024-10-18 18:23:42,897 [ERROR] ConditionMgr:805 - Attr not supported : Dmpu
2024-10-18 18:23:42,897 [ERROR] ConditionMgr:805 - Attr not supported : Dmpu
2024-10-18 18:23:42,897 [ERROR] ConditionMgr:805 - Attr not supported : Dmpu
2024-10-18 18:23:42,897 [ERROR] ConditionMgr:805 - Attr not supported : Dmpu
2024-10-18 18:23:42,897 [ERROR] ConditionMgr:805 - Attr not supported : Dmpu
2024-10-18 18:23:42,897 [ERROR] ConditionMgr:805 - Attr not supported : Dmpu
2024-10-18 18:23:42,897 [ERROR] ConditionMgr:805 - Attr not supported : Dmpu
2024-10-18 18:23:42,897 [ERROR] ConditionMgr:805 - Attr not supported : Dmpu
2024-10-18 18:23:42,897 [ERROR] ConditionMgr:805 - Attr not supported : Dmpu
2024-10-18 18:23:42,897 [ERROR] ConditionMgr:805 - Attr not supported : Dmpu
2024-10-18 18:23:42,897 [ERROR] ConditionMgr:805 - Attr not supported : Dmpu
2024-10-18 18:23:42,897 [ERROR] ConditionMgr:805 - Attr not supported : Dmpu
2024-10-18 18:23:42,897 [ERROR] ConditionMgr:805 - Attr not supported : Dmpu
2024-10-18 18:23:42,897 [ERROR] ConditionMgr:805 - Attr not supported : Dmpu
2024-10-18 18:23:42,898 [ERROR] ConditionMgr:805 - Attr not supported : Dmpu
2024-10-18 18:23:42,898 [ERROR] ConditionMgr:805 - Attr not supported : Dmpu
2024-10-18 18:23:42,898 [ERROR] ConditionMgr:805 - Attr not supported : Dmpu
2024-10-18 18:23:42,898 [ERROR] ConditionMgr:805 - Attr not supported : Dmpu
2024-10-18 18:23:42,898 [ERROR] ConditionMgr:805 - Attr not supported : Dmpu
2024-10-18 18:23:42,898 [ERROR] ConditionMgr:805 - Attr not supported : Dmpu
2024-10-18 18:23:42,898 [ERROR] ConditionMgr:805 - Attr not supported : Dmpu
2024-10-18 18:23:42,898 [ERROR] ConditionMgr:805 - Attr not supported : Dmpu
2024-10-18 18:23:42,898 [ERROR] ConditionMgr:805 - Attr not supported : Dmpu
2024-10-18 18:23:42,898 [ERROR] ConditionMgr:805 - Attr not supported : Dmpu
2024-10-18 18:23:42,898 [ERROR] ConditionMgr:805 - Attr not supported : Dmpu
2024-10-18 18:23:42,898 [ERROR] ConditionMgr:805 - Attr not supported : Dmpu
2024-10-18 18:23:42,898 [ERROR] ConditionMgr:805 - Attr not supported : Dmpu
2024-10-18 18:23:42,898 [ERROR] ConditionMgr:805 - Attr not supported : Dmpu
2024-10-18 18:23:42,898 [ERROR] ConditionMgr:805 - Attr not supported : Dmpu
2024-10-18 18:23:42,898 [ERROR] ConditionMgr:805 - Attr not supported : Dmpu
2024-10-18 18:23:42,898 [ERROR] ConditionMgr:805 - Attr not supported : Dmpu
2024-10-18 18:23:42,898 [ERROR] ConditionMgr:805 - Attr not supported : Dmpu
2024-10-18 18:23:42,898 [ERROR] ConditionMgr:805 - Attr not supported : Dmpu
2024-10-18 18:23:42,898 [ERROR] ConditionMgr:805 - Attr not supported : Dmpu
2024-10-18 18:23:42,898 [ERROR] ConditionMgr:805 - Attr not supported : Dmpu
2024-10-18 18:23:42,899 [ERROR] ConditionMgr:805 - Attr not supported : Dmpu
2024-10-18 18:23:42,899 [ERROR] ConditionMgr:805 - Attr not supported : Dmpu
2024-10-18 18:23:42,899 [ERROR] ConditionMgr:805 - Attr not supported : Dmpu
2024-10-18 18:23:42,899 [ERROR] ConditionMgr:805 - Attr not supported : Dmpu
2024-10-18 18:23:42,899 [ERROR] ConditionMgr:805 - Attr not supported : Dmpu
2024-10-18 18:23:42,899 [ERROR] ConditionMgr:805 - Attr not supported : Dmpu
2024-10-18 18:23:42,899 [ERROR] ConditionMgr:805 - Attr not supported : Dmpu
2024-10-18 18:23:42,899 [ERROR] ConditionMgr:805 - Attr not supported : Dmpu
2024-10-18 18:23:42,899 [ERROR] ConditionMgr:805 - Attr not supported : Dmpu
2024-10-18 18:23:42,899 [ERROR] ConditionMgr:805 - Attr not supported : Dmpu
2024-10-18 18:23:42,899 [ERROR] ConditionMgr:805 - Attr not supported : Dmpu
2024-10-18 18:23:42,899 [ERROR] ConditionMgr:805 - Attr not supported : Dmpu
2024-10-18 18:23:42,899 [ERROR] ConditionMgr:805 - Attr not supported : Dmpu
2024-10-18 18:23:42,899 [ERROR] ConditionMgr:805 - Attr not supported : Dmpu
2024-10-18 18:23:42,899 [ERROR] ConditionMgr:805 - Attr not supported : Dmpu
2024-10-18 18:23:42,899 [ERROR] ConditionMgr:805 - Attr not supported : Dmpu
2024-10-18 18:23:42,899 [ERROR] ConditionMgr:805 - Attr not supported : Dmpu
2024-10-18 18:23:42,899 [ERROR] ConditionMgr:805 - Attr not supported : Dmpu
2024-10-18 18:23:42,900 [ERROR] ConditionMgr:805 - Attr not supported : Dmpu
2024-10-18 18:23:42,900 [ERROR] ConditionMgr:805 - Attr not supported : Dmpu
2024-10-18 18:23:42,916 [WARN] PackLoader:240 - Cannot read IP mode file for STMicroelectronics.X-CUBE-BLEMGR.3.0.0
2024-10-18 18:23:42,932 [WARN] PackLoader:240 - Cannot read IP mode file for RealThread.X-CUBE-RT-Thread_Nano.4.1.1
2024-10-18 18:23:42,944 [WARN] PackLoader:240 - Cannot read IP mode file for STMicroelectronics.FP-ATR-SIGFOX1.3.2.0
2024-10-18 18:23:42,957 [WARN] PackLoader:240 - Cannot read IP mode file for STMicroelectronics.X-CUBE-EEPRMA1.5.1.0
2024-10-18 18:23:42,989 [WARN] PackLoader:240 - Cannot read IP mode file for SEGGER.I-CUBE-embOS.1.3.1
2024-10-18 18:23:43,034 [WARN] PackLoader:240 - Cannot read IP mode file for STMicroelectronics.X-CUBE-ALGOBUILD.1.4.0
2024-10-18 18:23:43,048 [WARN] PackLoader:240 - Cannot read IP mode file for STMicroelectronics.X-CUBE-AI.9.1.0
2024-10-18 18:23:43,064 [WARN] PackLoader:240 - Cannot read IP mode file for STMicroelectronics.X-CUBE-GNSS1.6.0.0
2024-10-18 18:23:43,091 [WARN] PackLoader:240 - Cannot read IP mode file for STMicroelectronics.X-CUBE-AZRTOS-F4.1.1.0
2024-10-18 18:23:43,103 [WARN] PackLoader:240 - Cannot read IP mode file for wolfSSL.I-CUBE-wolfSSL.5.6.3
2024-10-18 18:23:43,113 [WARN] PackLoader:240 - Cannot read IP mode file for STMicroelectronics.X-CUBE-ISPU.2.1.0
2024-10-18 18:23:43,124 [WARN] PackLoader:240 - Cannot read IP mode file for STMicroelectronics.X-CUBE-FREERTOS.1.2.0
2024-10-18 18:23:43,146 [WARN] PackLoader:240 - Cannot read IP mode file for STMicroelectronics.X-CUBE-AZRTOS-L5.2.0.0
2024-10-18 18:23:43,200 [WARN] PackLoader:240 - Cannot read IP mode file for STMicroelectronics.X-CUBE-MEMS1.9.6.0
2024-10-18 18:23:43,307 [WARN] PackLoader:240 - Cannot read IP mode file for STMicroelectronics.X-CUBE-EEPRMA1.4.2.0
2024-10-18 18:23:43,327 [WARN] PackLoader:240 - Cannot read IP mode file for STMicroelectronics.X-CUBE-NFC6.3.1.0
2024-10-18 18:23:43,341 [WARN] PackLoader:240 - Cannot read IP mode file for ITTIA_DB.I-CUBE-ITTIADB.8.8.0
2024-10-18 18:23:43,355 [WARN] PackLoader:240 - Cannot read IP mode file for STMicroelectronics.X-CUBE-BLEMGR.2.0.0
2024-10-18 18:23:43,366 [WARN] PackLoader:240 - Cannot read IP mode file for STMicroelectronics.X-CUBE-DPower.1.2.0
2024-10-18 18:23:43,377 [WARN] PackLoader:240 - Cannot read IP mode file for STMicroelectronics.X-CUBE-AI.9.0.0
2024-10-18 18:23:43,395 [WARN] ConditionMgr:438 - getConditionDescription Invalid condition id : UX DEVICE CLASS RTOS Condition cause : null
2024-10-18 18:23:43,395 [WARN] ConditionMgr:438 - getConditionDescription Invalid condition id : UX DEVICE CLASS RTOS Condition cause : null
2024-10-18 18:23:43,397 [WARN] PackLoader:240 - Cannot read IP mode file for STMicroelectronics.X-CUBE-AZRTOS-H7.3.1.0
2024-10-18 18:23:43,398 [WARN] ConditionMgr:1039 - genDependencies : Invalid condition id : UX DEVICE CLASS RTOS Condition cause : null
2024-10-18 18:23:43,398 [WARN] ConditionMgr:1039 - genDependencies : Invalid condition id : UX DEVICE CLASS RTOS Condition cause : null
2024-10-18 18:23:43,399 [WARN] ConditionMgr:1039 - genDependencies : Invalid condition id : UX DEVICE CLASS RTOS Condition cause : null
2024-10-18 18:23:43,399 [WARN] ConditionMgr:1039 - genDependencies : Invalid condition id : UX DEVICE CLASS RTOS Condition cause : null
2024-10-18 18:23:43,399 [WARN] ConditionMgr:1039 - genDependencies : Invalid condition id : UX DEVICE CLASS RTOS Condition cause : null
2024-10-18 18:23:43,413 [WARN] PackLoader:240 - Cannot read IP mode file for STMicroelectronics.X-CUBE-NFC7.1.0.1
2024-10-18 18:23:43,423 [WARN] PackLoader:240 - Cannot read IP mode file for wolfSSL.I-CUBE-wolfTPM.3.2.0
2024-10-18 18:23:43,433 [WARN] PackLoader:240 - Cannot read IP mode file for STMicroelectronics.X-CUBE-NFC6.3.0.0
2024-10-18 18:23:43,445 [WARN] PackLoader:240 - Cannot read IP mode file for STMicroelectronics.X-CUBE-EEPRMA1.4.1.0
2024-10-18 18:23:43,456 [WARN] PackLoader:240 - Cannot read IP mode file for STMicroelectronics.X-CUBE-AI.8.1.0
2024-10-18 18:23:43,473 [WARN] ConditionMgr:438 - getConditionDescription Invalid condition id : LAN8742 Phy interface Condition cause : null
2024-10-18 18:23:43,473 [WARN] PackLoader:240 - Cannot read IP mode file for STMicroelectronics.X-CUBE-AZRTOS-L4.2.0.0
2024-10-18 18:23:43,474 [WARN] ConditionMgr:1039 - genDependencies : Invalid condition id : LAN8742 Phy interface Condition cause : null
2024-10-18 18:23:43,474 [WARN] ConditionMgr:1039 - genDependencies : Invalid condition id : LAN8742 Phy interface Condition cause : null
2024-10-18 18:23:43,475 [WARN] ConditionMgr:1039 - genDependencies : Invalid condition id : LAN8742 Phy interface Condition cause : null
2024-10-18 18:23:43,492 [WARN] PackLoader:240 - Cannot read IP mode file for STMicroelectronics.X-CUBE-SFXS2LP1.4.0.0
2024-10-18 18:23:43,502 [WARN] PackLoader:240 - Cannot read IP mode file for STMicroelectronics.X-CUBE-ISPU.1.1.0
2024-10-18 18:23:43,522 [WARN] PackLoader:240 - Cannot read IP mode file for STMicroelectronics.X-CUBE-AZRTOS-H7.3.3.0
2024-10-18 18:23:43,536 [WARN] PackLoader:240 - Cannot read IP mode file for STMicroelectronics.X-CUBE-IPS.3.0.0
2024-10-18 18:23:43,554 [WARN] ConditionMgr:438 - getConditionDescription Invalid condition id : UX DEVICE CLASS RTOS Condition cause : null
2024-10-18 18:23:43,554 [WARN] ConditionMgr:438 - getConditionDescription Invalid condition id : UX DEVICE CLASS RTOS Condition cause : null
2024-10-18 18:23:43,555 [WARN] PackLoader:240 - Cannot read IP mode file for STMicroelectronics.X-CUBE-AZRTOS-WB.2.0.0
2024-10-18 18:23:43,555 [WARN] ConditionMgr:1039 - genDependencies : Invalid condition id : UX DEVICE CLASS RTOS Condition cause : null
2024-10-18 18:23:43,555 [WARN] ConditionMgr:1039 - genDependencies : Invalid condition id : UX DEVICE CLASS RTOS Condition cause : null
2024-10-18 18:23:43,556 [WARN] ConditionMgr:1039 - genDependencies : Invalid condition id : UX DEVICE CLASS RTOS Condition cause : null
2024-10-18 18:23:43,556 [WARN] ConditionMgr:1039 - genDependencies : Invalid condition id : UX DEVICE CLASS RTOS Condition cause : null
2024-10-18 18:23:43,556 [WARN] ConditionMgr:1039 - genDependencies : Invalid condition id : UX DEVICE CLASS RTOS Condition cause : null
2024-10-18 18:23:43,566 [WARN] PackLoader:240 - Cannot read IP mode file for STMicroelectronics.X-CUBE-GNSS1.7.0.0
2024-10-18 18:23:43,576 [WARN] PackLoader:240 - Cannot read IP mode file for STMicroelectronics.FP-SNS-STBOX1.2.0.0
2024-10-18 18:23:43,590 [WARN] PackLoader:240 - Cannot read IP mode file for STMicroelectronics.X-CUBE-SUBG2.5.0.0
2024-10-18 18:23:43,601 [WARN] PackLoader:240 - Cannot read IP mode file for Cesanta.I-CUBE-Mongoose.7.13.0
2024-10-18 18:23:43,612 [WARN] PackLoader:240 - Cannot read IP mode file for STMicroelectronics.X-CUBE-TOF1.3.3.1
2024-10-18 18:23:43,631 [WARN] PackLoader:240 - Cannot read IP mode file for STMicroelectronics.X-CUBE-AZRTOS-G4.2.0.0
2024-10-18 18:23:43,650 [WARN] PackLoader:240 - Cannot read IP mode file for Infineon.AIROC-Wi-Fi-Bluetooth-STM32.1.5.1
2024-10-18 18:23:43,661 [WARN] PackLoader:240 - Cannot read IP mode file for STMicroelectronics.FP-SNS-MOTENVWB1.1.3.0
2024-10-18 18:23:43,671 [WARN] PackLoader:240 - Cannot read IP mode file for STMicroelectronics.FP-SNS-MOTENVWB1.1.3.1
2024-10-18 18:23:43,682 [WARN] PackLoader:240 - Cannot read IP mode file for STMicroelectronics.X-CUBE-ISPU.2.0.0
2024-10-18 18:23:43,692 [WARN] PackLoader:240 - Cannot read IP mode file for STMicroelectronics.X-CUBE-ALS.1.0.2
2024-10-18 18:23:43,726 [WARN] PackLoader:240 - Cannot read IP mode file for STMicroelectronics.X-CUBE-MEMS1.10.0.0
2024-10-18 18:23:43,781 [WARN] PackLoader:240 - Cannot read IP mode file for STMicroelectronics.X-CUBE-FREERTOS.1.1.0
2024-10-18 18:23:43,789 [WARN] PackLoader:240 - Cannot read IP mode file for STMicroelectronics.X-CUBE-TOUCHGFX.4.24.0
2024-10-18 18:23:43,797 [WARN] PackLoader:240 - Cannot read IP mode file for STMicroelectronics.X-CUBE-TOUCHGFX.4.24.1
2024-10-18 18:23:43,806 [WARN] PackLoader:240 - Cannot read IP mode file for portGmbH.I-Cube-SoM-uGOAL.1.1.0
2024-10-18 18:23:43,815 [WARN] PackLoader:240 - Cannot read IP mode file for STMicroelectronics.X-CUBE-ALS.1.0.1
2024-10-18 18:23:43,833 [WARN] PackLoader:240 - Cannot read IP mode file for STMicroelectronics.X-CUBE-AZRTOS-H7RS.1.0.0
2024-10-18 18:23:43,855 [WARN] PackLoader:240 - Cannot read IP mode file for STMicroelectronics.FP-ATR-ASTRA1.2.0.0
2024-10-18 18:23:43,867 [WARN] PackLoader:240 - Cannot read IP mode file for STMicroelectronics.X-CUBE-TOF1.3.4.2
2024-10-18 18:23:43,884 [WARN] PackLoader:240 - Cannot read IP mode file for STMicroelectronics.X-CUBE-TOF1.3.4.0
2024-10-18 18:23:43,900 [WARN] PackLoader:240 - Cannot read IP mode file for STMicroelectronics.X-CUBE-TOF1.3.4.1
2024-10-18 18:23:43,923 [WARN] PackLoader:240 - Cannot read IP mode file for STMicroelectronics.X-CUBE-AZRTOS-H7.3.2.0
2024-10-18 18:23:43,933 [WARN] PackLoader:240 - Cannot read IP mode file for wolfSSL.I-CUBE-wolfSSH.1.4.17
2024-10-18 18:23:43,934 [INFO] ThirdParty:978 - Integrity check success = true
2024-10-18 18:23:43,934 [INFO] IntegrityCheckThread:100 - exiting critical section [integrity check]
2024-10-18 18:23:43,934 [INFO] IntegrityCheckThread:103 - End integrity checks thread
2024-10-18 18:23:46,256 [INFO] WebApp:161 - Instantiating new browser for Auth
2024-10-18 18:23:46,713 [INFO] WebApp:779 - Register for checkConnection events
2024-10-18 18:23:46,713 [INFO] WebApp:414 - Apply proxy settings
2024-10-18 18:23:46,714 [INFO] WebApp:499 - Chromium requires no authentication
2024-10-18 18:23:46,719 [INFO] WebApp:442 - Direct internet connection detected
2024-10-18 18:23:46,835 [INFO] WebApp:192 - Starting web application
2024-10-18 18:23:46,835 [INFO] WebApp:544 - Web application path used C:\ST\STM32CubeIDE_1.13.2\STM32CubeIDE\plugins\com.st.stm32cube.common.mx_6.11.1.202404110753\db\plugins\mcufinder\reactClient1\index.html
