2024-12-15 06:34:09,786 [ERROR] LogOutputStream:75 - [STDERR_REDIRECT] 
2024-12-15 11:47:37,771 [INFO] Activator:176 - 


2024-12-15 11:47:37,772 [INFO] Activator:177 - !SESSION log4j initialized
2024-12-15 11:47:42,263 [INFO] LogOutputStream:77 - [STDOUT_REDIRECT] 
2024-12-15 11:47:43,737 [INFO] ApplicationProperties:184 - Using Application install path: C:\ST\STM32CubeIDE_1.13.2\STM32CubeIDE\plugins\com.st.stm32cube.common.mx_6.11.1.202404110753
2024-12-15 11:47:43,752 [INFO] DbMcusXml:78 - Set database path to: C:\ST\STM32CubeIDE_1.13.2\STM32CubeIDE\plugins\com.st.stm32cube.common.mx_6.11.1.202404110753\\db\/mcu/
2024-12-15 11:47:43,752 [INFO] ApiDb:274 - Set plugin database path to: C:\ST\STM32CubeIDE_1.13.2\STM32CubeIDE\plugins\com.st.stm32cube.common.mx_6.11.1.202404110753\\db\/plugins/boardmanager/
2024-12-15 11:47:43,752 [WARN] ApiDb:259 - Overriding images path with different value:  => C:\ST\STM32CubeIDE_1.13.2\STM32CubeIDE\plugins\com.st.stm32cube.common.mx_6.11.1.202404110753\\db\/plugins/mcufinder/images/
2024-12-15 11:47:43,758 [INFO] ApiDb:250 - Set database path to: C:\Users\user\.stmcufinder\plugins\mcufinder//mcu/
2024-12-15 11:47:43,759 [INFO] DbMcusAds:125 - Set database path to: C:\Users\user\.stmcufinder\plugins\mcufinder//mcu/
2024-12-15 11:47:43,760 [INFO] CrossReferenceDbSqlite:203 - Set database path to: C:\Users\user\.stmcufinder\plugins\mcufinder//mcu/cs/
2024-12-15 11:47:43,844 [INFO] RulesReader:64 - Compatibility file has been processed (297 Rules)
2024-12-15 11:47:43,913 [INFO] DbMcusXml:78 - Set database path to: C:\ST\STM32CubeIDE_1.13.2\STM32CubeIDE\plugins\com.st.stm32cube.common.mx_6.11.1.202404110753\\db\/mcu/
2024-12-15 11:47:43,913 [INFO] ApiDb:274 - Set plugin database path to: C:\ST\STM32CubeIDE_1.13.2\STM32CubeIDE\plugins\com.st.stm32cube.common.mx_6.11.1.202404110753\\db\/plugins/boardmanager/
2024-12-15 11:47:43,914 [INFO] ApiDb:261 - Set plugin images path to: C:\ST\STM32CubeIDE_1.13.2\STM32CubeIDE\plugins\com.st.stm32cube.common.mx_6.11.1.202404110753\\db\/plugins/mcufinder/images/
2024-12-15 11:47:43,914 [WARN] DbFile:41 - Overriding database path with different value: C:\Users\user\.stmcufinder\plugins\mcufinder/ => C:\Users\user\.stmcufinder\plugins\mcufinder
2024-12-15 11:47:43,914 [INFO] ApiDb:250 - Set database path to: C:\Users\user\.stmcufinder\plugins\mcufinder//mcu/
2024-12-15 11:47:43,914 [WARN] DbFile:41 - Overriding database path with different value: C:\Users\user\.stmcufinder\plugins\mcufinder/ => C:\Users\user\.stmcufinder\plugins\mcufinder
2024-12-15 11:47:43,914 [INFO] DbMcusAds:125 - Set database path to: C:\Users\user\.stmcufinder\plugins\mcufinder//mcu/
2024-12-15 11:47:43,914 [WARN] DbFile:41 - Overriding database path with different value: C:\Users\user\.stmcufinder\plugins\mcufinder/ => C:\Users\user\.stmcufinder\plugins\mcufinder
2024-12-15 11:47:43,914 [WARN] DbFile:41 - Overriding database path with different value: C:\Users\user\.stmcufinder\plugins\mcufinder/ => C:\Users\user\.stmcufinder\plugins\mcufinder
2024-12-15 11:47:43,914 [INFO] CrossReferenceDbSqlite:203 - Set database path to: C:\Users\user\.stmcufinder\plugins\mcufinder//mcu/cs/
2024-12-15 11:47:43,966 [INFO] MainPanel:264 - HeapMemory: 268435456
2024-12-15 11:47:44,032 [INFO] DbMcusXml:78 - Set database path to: C:\ST\STM32CubeIDE_1.13.2\STM32CubeIDE\plugins\com.st.stm32cube.common.mx_6.11.1.202404110753\\db\/mcu/
2024-12-15 11:47:44,032 [INFO] ApiDb:274 - Set plugin database path to: C:\ST\STM32CubeIDE_1.13.2\STM32CubeIDE\plugins\com.st.stm32cube.common.mx_6.11.1.202404110753\\db\/plugins/boardmanager/
2024-12-15 11:47:44,032 [INFO] ApiDb:261 - Set plugin images path to: C:\ST\STM32CubeIDE_1.13.2\STM32CubeIDE\plugins\com.st.stm32cube.common.mx_6.11.1.202404110753\\db\/plugins/mcufinder/images/
2024-12-15 11:47:44,032 [WARN] DbFile:41 - Overriding database path with different value: C:\Users\user\.stmcufinder\plugins\mcufinder/ => C:\Users\user\.stmcufinder\plugins\mcufinder
2024-12-15 11:47:44,033 [INFO] ApiDb:250 - Set database path to: C:\Users\user\.stmcufinder\plugins\mcufinder//mcu/
2024-12-15 11:47:44,033 [WARN] DbFile:41 - Overriding database path with different value: C:\Users\user\.stmcufinder\plugins\mcufinder/ => C:\Users\user\.stmcufinder\plugins\mcufinder
2024-12-15 11:47:44,033 [INFO] DbMcusAds:125 - Set database path to: C:\Users\user\.stmcufinder\plugins\mcufinder//mcu/
2024-12-15 11:47:44,033 [WARN] DbFile:41 - Overriding database path with different value: C:\Users\user\.stmcufinder\plugins\mcufinder/ => C:\Users\user\.stmcufinder\plugins\mcufinder
2024-12-15 11:47:44,033 [WARN] DbFile:41 - Overriding database path with different value: C:\Users\user\.stmcufinder\plugins\mcufinder/ => C:\Users\user\.stmcufinder\plugins\mcufinder
2024-12-15 11:47:44,033 [INFO] CrossReferenceDbSqlite:203 - Set database path to: C:\Users\user\.stmcufinder\plugins\mcufinder//mcu/cs/
2024-12-15 11:47:44,046 [INFO] ApplicationProperties:184 - Using Application install path: C:\ST\STM32CubeIDE_1.13.2\STM32CubeIDE\plugins\com.st.stm32cube.common.mx_6.11.1.202404110753
2024-12-15 11:47:44,048 [INFO] PluginManage:196 - Search for loadable plugins [exclusion list=, ]
2024-12-15 11:47:44,049 [INFO] PluginManage:310 - Check plugin analytics
2024-12-15 11:47:44,168 [INFO] AnalyticsPlugin:253 - Accepted Software Licenses: 
2024-12-15 11:47:44,169 [INFO] AnalyticsPlugin:255 - Accepted CMSIS Pack Licenses: 
2024-12-15 11:47:44,169 [INFO] AnalyticsPlugin:257 - Accepted Firmware Licenses: FW.F4.1.27.0,FW.F4.1.28.0
2024-12-15 11:47:44,171 [INFO] PluginManage:359 - Loaded plugin analytics (category:tool,tabindex:-1)
2024-12-15 11:47:44,171 [INFO] PluginManage:310 - Check plugin cadmodel
2024-12-15 11:47:44,188 [INFO] CADModel:105 - Init CAD model plugin
2024-12-15 11:47:44,188 [INFO] PluginManage:359 - Loaded plugin cadmodel (category:power,tabindex:5)
2024-12-15 11:47:44,188 [INFO] PluginManage:310 - Check plugin clock
2024-12-15 11:47:44,207 [INFO] PluginManage:359 - Loaded plugin clock (category:base,tabindex:2)
2024-12-15 11:47:44,207 [INFO] PluginManage:310 - Check plugin ddr
2024-12-15 11:47:44,209 [INFO] PluginManage:359 - Loaded plugin ddr (category:tool,tabindex:6)
2024-12-15 11:47:44,209 [INFO] PluginManage:310 - Check plugin filemanager
2024-12-15 11:47:44,319 [INFO] PluginManage:359 - Loaded plugin filemanager (category:base,tabindex:10)
2024-12-15 11:47:44,319 [INFO] PluginManage:310 - Check plugin ipmanager
2024-12-15 11:47:44,328 [INFO] PluginManage:359 - Loaded plugin ipmanager (category:base,tabindex:5)
2024-12-15 11:47:44,328 [INFO] PluginManage:310 - Check plugin lpbam
2024-12-15 11:47:44,348 [INFO] PluginManage:359 - Loaded plugin lpbam (category:base,tabindex:0)
2024-12-15 11:47:44,348 [INFO] PluginManage:310 - Check plugin memorymap
2024-12-15 11:47:44,370 [INFO] PluginManage:359 - Loaded plugin memorymap (category:base,tabindex:4)
2024-12-15 11:47:44,371 [INFO] PluginManage:310 - Check plugin pinoutandconfiguration
2024-12-15 11:47:44,389 [INFO] PluginManage:359 - Loaded plugin pinoutandconfiguration (category:base,tabindex:1)
2024-12-15 11:47:44,389 [INFO] PluginManage:310 - Check plugin pinoutconfig
2024-12-15 11:47:44,468 [WARN] SupportedApi:132 - Cannot load RTOS API schema: s4s-elt-must-match.1: The content of 'definitions' must match (annotation?, (simpleType | complexType)?, (unique | key | keyref)*)). A problem was found starting at: attribute.
2024-12-15 11:47:44,587 [INFO] PluginManage:359 - Loaded plugin pinoutconfig (category:base,tabindex:0)
2024-12-15 11:47:44,587 [INFO] PluginManage:310 - Check plugin power
2024-12-15 11:47:44,610 [INFO] PluginManage:359 - Loaded plugin power (category:power,tabindex:4)
2024-12-15 11:47:44,611 [INFO] PluginManage:310 - Check plugin projectmanager
2024-12-15 11:47:44,624 [INFO] PluginManage:359 - Loaded plugin projectmanager (category:projectmanager,tabindex:3)
2024-12-15 11:47:44,624 [INFO] PluginManage:310 - Check plugin thirdparty
2024-12-15 11:47:44,888 [INFO] PluginManage:359 - Loaded plugin thirdparty (category:base,tabindex:-1)
2024-12-15 11:47:44,888 [WARN] IntegrityCheckThread:84 - waiting for thirdparty lock release [integrity check]
2024-12-15 11:47:44,888 [INFO] PluginManage:310 - Check plugin tools
2024-12-15 11:47:44,888 [INFO] IntegrityCheckThread:86 - entering critical section [integrity check]
2024-12-15 11:47:44,889 [INFO] ThirdPartyUpdaterWithRetryManager:70 - Updater plugin not ready yet. [1/15]
2024-12-15 11:47:44,922 [INFO] PluginManage:359 - Loaded plugin tools (category:base,tabindex:7)
2024-12-15 11:47:44,923 [INFO] PluginManage:310 - Check plugin tutovideos
2024-12-15 11:47:45,075 [INFO] PluginManage:359 - Loaded plugin tutovideos (category:base,tabindex:-1)
2024-12-15 11:47:45,075 [INFO] PluginManage:310 - Check plugin updater
2024-12-15 11:47:45,084 [INFO] PluginManage:359 - Loaded plugin updater (category:base,tabindex:12)
2024-12-15 11:47:45,084 [INFO] PluginManage:310 - Check plugin userauth
2024-12-15 11:47:45,089 [INFO] UserAuth:114 - Init User Auth plugin
2024-12-15 11:47:45,089 [INFO] PluginManage:359 - Loaded plugin userauth (category:base,tabindex:14)
2024-12-15 11:47:45,090 [INFO] PluginManage:283 - PluginManage : Loaded plugins [17]
2024-12-15 11:47:45,250 [INFO] PinOutPanel:1561 - setPackage(No Configuration,No Configuration)
2024-12-15 11:47:45,304 [INFO] CADModel:165 - CPN selected for project level
2024-12-15 11:47:45,304 [INFO] CADModel:114 - Register for checkConnection events
2024-12-15 11:47:45,324 [INFO] IPUIPlugin:80 - create IPUIPlugin
2024-12-15 11:47:45,324 [INFO] PluginManager:220 - loadIPPluginJar : add adc
2024-12-15 11:47:45,353 [INFO] IPUIPlugin:80 - create IPUIPlugin
2024-12-15 11:47:45,353 [INFO] PluginManager:220 - loadIPPluginJar : add aes
2024-12-15 11:47:45,385 [INFO] IPUIPlugin:80 - create IPUIPlugin
2024-12-15 11:47:45,385 [INFO] PluginManager:220 - loadIPPluginJar : add can
2024-12-15 11:47:45,403 [INFO] IPUIPlugin:80 - create IPUIPlugin
2024-12-15 11:47:45,403 [INFO] PluginManager:220 - loadIPPluginJar : add comp
2024-12-15 11:47:45,431 [INFO] IPUIPlugin:80 - create IPUIPlugin
2024-12-15 11:47:45,432 [INFO] PluginManager:220 - loadIPPluginJar : add cryp
2024-12-15 11:47:45,460 [INFO] IPUIPlugin:80 - create IPUIPlugin
2024-12-15 11:47:45,460 [INFO] PluginManager:220 - loadIPPluginJar : add dfsdm
2024-12-15 11:47:45,474 [INFO] IPUIPlugin:80 - create IPUIPlugin
2024-12-15 11:47:45,474 [INFO] PluginManager:220 - loadIPPluginJar : add dma
2024-12-15 11:47:45,509 [INFO] IPUIPlugin:80 - create IPUIPlugin
2024-12-15 11:47:45,509 [INFO] PluginManager:220 - loadIPPluginJar : add dma3
2024-12-15 11:47:45,545 [INFO] IPUIPlugin:80 - create IPUIPlugin
2024-12-15 11:47:45,545 [INFO] PluginManager:220 - loadIPPluginJar : add extmemmanager
2024-12-15 11:47:45,562 [INFO] IPUIPlugin:80 - create IPUIPlugin
2024-12-15 11:47:45,562 [INFO] PluginManager:220 - loadIPPluginJar : add fatfs
2024-12-15 11:47:45,598 [INFO] IPUIPlugin:80 - create IPUIPlugin
2024-12-15 11:47:45,598 [INFO] PluginManager:220 - loadIPPluginJar : add fmc
2024-12-15 11:47:45,610 [INFO] IPUIPlugin:80 - create IPUIPlugin
2024-12-15 11:47:45,611 [INFO] PluginManager:220 - loadIPPluginJar : add freertos
2024-12-15 11:47:45,630 [INFO] IPUIPlugin:80 - create IPUIPlugin
2024-12-15 11:47:45,630 [INFO] PluginManager:220 - loadIPPluginJar : add genericplugin
2024-12-15 11:47:45,699 [INFO] IPUIPlugin:80 - create IPUIPlugin
2024-12-15 11:47:45,699 [INFO] PluginManager:220 - loadIPPluginJar : add gfxmmu
2024-12-15 11:47:45,790 [INFO] IPUIPlugin:80 - create IPUIPlugin
2024-12-15 11:47:45,790 [INFO] PluginManager:220 - loadIPPluginJar : add gic
2024-12-15 11:47:45,800 [INFO] IPUIPlugin:80 - create IPUIPlugin
2024-12-15 11:47:45,800 [INFO] PluginManager:220 - loadIPPluginJar : add gpio
2024-12-15 11:47:45,867 [INFO] IPUIPlugin:80 - create IPUIPlugin
2024-12-15 11:47:45,867 [INFO] PluginManager:220 - loadIPPluginJar : add gtzc
2024-12-15 11:47:45,890 [INFO] IPUIPlugin:80 - create IPUIPlugin
2024-12-15 11:47:45,891 [INFO] PluginManager:220 - loadIPPluginJar : add hash
2024-12-15 11:47:45,927 [INFO] IPUIPlugin:80 - create IPUIPlugin
2024-12-15 11:47:45,927 [INFO] PluginManager:220 - loadIPPluginJar : add i2c
2024-12-15 11:47:45,955 [INFO] IPUIPlugin:80 - create IPUIPlugin
2024-12-15 11:47:45,955 [INFO] PluginManager:220 - loadIPPluginJar : add i2s
2024-12-15 11:47:45,983 [INFO] IPUIPlugin:80 - create IPUIPlugin
2024-12-15 11:47:45,983 [INFO] PluginManager:220 - loadIPPluginJar : add i3c
2024-12-15 11:47:46,056 [INFO] IPUIPlugin:80 - create IPUIPlugin
2024-12-15 11:47:46,056 [INFO] PluginManager:220 - loadIPPluginJar : add ipddr
2024-12-15 11:47:46,120 [INFO] IPUIPlugin:80 - create IPUIPlugin
2024-12-15 11:47:46,120 [INFO] PluginManager:220 - loadIPPluginJar : add linkedlist
2024-12-15 11:47:46,146 [INFO] IPUIPlugin:80 - create IPUIPlugin
2024-12-15 11:47:46,146 [INFO] PluginManager:220 - loadIPPluginJar : add lorawan
2024-12-15 11:47:46,173 [INFO] IPUIPlugin:80 - create IPUIPlugin
2024-12-15 11:47:46,173 [INFO] PluginManager:220 - loadIPPluginJar : add ltdc
2024-12-15 11:47:46,184 [INFO] IPUIPlugin:80 - create IPUIPlugin
2024-12-15 11:47:46,184 [INFO] PluginManager:220 - loadIPPluginJar : add mdma
2024-12-15 11:47:46,192 [INFO] IPUIPlugin:80 - create IPUIPlugin
2024-12-15 11:47:46,192 [INFO] PluginManager:220 - loadIPPluginJar : add nvic
2024-12-15 11:47:46,218 [INFO] IPUIPlugin:80 - create IPUIPlugin
2024-12-15 11:47:46,218 [INFO] PluginManager:220 - loadIPPluginJar : add opamp
2024-12-15 11:47:46,261 [INFO] IPUIPlugin:80 - create IPUIPlugin
2024-12-15 11:47:46,261 [INFO] PluginManager:220 - loadIPPluginJar : add openamp
2024-12-15 11:47:46,290 [INFO] IPUIPlugin:80 - create IPUIPlugin
2024-12-15 11:47:46,291 [INFO] PluginManager:220 - loadIPPluginJar : add pdm2pcm
2024-12-15 11:47:46,302 [INFO] IPUIPlugin:80 - create IPUIPlugin
2024-12-15 11:47:46,304 [INFO] PluginManager:220 - loadIPPluginJar : add plateformsettings
2024-12-15 11:47:46,329 [INFO] IPUIPlugin:80 - create IPUIPlugin
2024-12-15 11:47:46,329 [INFO] PluginManager:220 - loadIPPluginJar : add quadspi
2024-12-15 11:47:46,341 [INFO] IPUIPlugin:80 - create IPUIPlugin
2024-12-15 11:47:46,341 [INFO] PluginManager:220 - loadIPPluginJar : add resmgrutility
2024-12-15 11:47:46,378 [INFO] IPUIPlugin:80 - create IPUIPlugin
2024-12-15 11:47:46,378 [INFO] PluginManager:220 - loadIPPluginJar : add sai
2024-12-15 11:47:46,408 [INFO] IPUIPlugin:80 - create IPUIPlugin
2024-12-15 11:47:46,408 [INFO] PluginManager:220 - loadIPPluginJar : add spi
2024-12-15 11:47:46,461 [INFO] IPUIPlugin:80 - create IPUIPlugin
2024-12-15 11:47:46,461 [INFO] PluginManager:220 - loadIPPluginJar : add stm32_wpan
2024-12-15 11:47:46,481 [INFO] IPUIPlugin:80 - create IPUIPlugin
2024-12-15 11:47:46,481 [INFO] PluginManager:220 - loadIPPluginJar : add tim
2024-12-15 11:47:46,527 [INFO] IPUIPlugin:80 - create IPUIPlugin
2024-12-15 11:47:46,527 [INFO] PluginManager:220 - loadIPPluginJar : add touchsensing
2024-12-15 11:47:46,545 [INFO] IPUIPlugin:80 - create IPUIPlugin
2024-12-15 11:47:46,545 [INFO] PluginManager:220 - loadIPPluginJar : add tracer_emb
2024-12-15 11:47:46,564 [INFO] IPUIPlugin:80 - create IPUIPlugin
2024-12-15 11:47:46,564 [INFO] PluginManager:220 - loadIPPluginJar : add ts
2024-12-15 11:47:46,582 [INFO] IPUIPlugin:80 - create IPUIPlugin
2024-12-15 11:47:46,582 [INFO] PluginManager:220 - loadIPPluginJar : add tsc
2024-12-15 11:47:46,599 [INFO] IPUIPlugin:80 - create IPUIPlugin
2024-12-15 11:47:46,599 [INFO] PluginManager:220 - loadIPPluginJar : add ucpd
2024-12-15 11:47:46,633 [INFO] IPUIPlugin:80 - create IPUIPlugin
2024-12-15 11:47:46,633 [INFO] PluginManager:220 - loadIPPluginJar : add usart
2024-12-15 11:47:46,666 [INFO] IPUIPlugin:80 - create IPUIPlugin
2024-12-15 11:47:46,666 [INFO] PluginManager:220 - loadIPPluginJar : add usbx
2024-12-15 11:47:46,775 [INFO] CADModel:165 - CPN selected for project level
2024-12-15 11:47:46,775 [INFO] CADModel:114 - Register for checkConnection events
2024-12-15 11:47:46,775 [FATAL] Updater:308 - Updater called before beeing initialized
2024-12-15 11:47:46,775 [ERROR] CADModel:125 - Updater not yet initialized, retry later 
2024-12-15 11:47:46,875 [INFO] CADModel:165 - CPN selected for project level
2024-12-15 11:47:46,875 [INFO] CADModel:114 - Register for checkConnection events
2024-12-15 11:47:46,875 [FATAL] Updater:308 - Updater called before beeing initialized
2024-12-15 11:47:46,875 [ERROR] CADModel:125 - Updater not yet initialized, retry later 
2024-12-15 11:47:46,878 [FATAL] Updater:308 - Updater called before beeing initialized
2024-12-15 11:47:46,964 [FATAL] Updater:308 - Updater called before beeing initialized
2024-12-15 11:47:46,974 [INFO] DbMcusAds:53 - JSON generation date=Thu May 16 11:22:00 CEST 2024 (1715851320667)
2024-12-15 11:47:46,974 [FATAL] Updater:308 - Updater called before beeing initialized
2024-12-15 11:47:47,041 [WARN] DetailPanel:346 - Failed to get advertising image, set to default
2024-12-15 11:47:47,098 [FATAL] Updater:308 - Updater called before beeing initialized
2024-12-15 11:47:47,100 [FATAL] Updater:308 - Updater called before beeing initialized
2024-12-15 11:47:47,100 [FATAL] Updater:308 - Updater called before beeing initialized
2024-12-15 11:47:47,100 [WARN] DetailPanel:346 - Failed to get advertising image, set to default
2024-12-15 11:47:47,101 [FATAL] Updater:308 - Updater called before beeing initialized
2024-12-15 11:47:47,148 [ERROR] Updater:1120 - MainUpdater not yet initialized. External WinMGr cannot be set.
2024-12-15 11:47:47,160 [INFO] Updater:1056 - Updater Version found : 6.11.1
2024-12-15 11:47:47,179 [INFO] ApplicationProperties:184 - Using Application install path: C:\ST\STM32CubeIDE_1.13.2\STM32CubeIDE\plugins\com.st.stm32cube.common.mx_6.11.1.202404110753
2024-12-15 11:47:47,890 [INFO] ThirdPartyUpdaterWithRetryManager:70 - Updater plugin not ready yet. [2/15]
2024-12-15 11:47:48,753 [ERROR] LogOutputStream:75 - [STDERR_REDIRECT] Dec 15, 2024 11:47:48 AM java.util.prefs.WindowsPreferences <init>
2024-12-15 11:47:48,754 [ERROR] LogOutputStream:75 - [STDERR_REDIRECT] WARNING: Could not open/create prefs root node Software\JavaSoft\Prefs at root 0xffffffff80000002. Windows RegCreateKeyEx(...) returned error code 5.
2024-12-15 11:47:48,754 [ERROR] LogOutputStream:75 - [STDERR_REDIRECT] 
2024-12-15 11:47:49,038 [INFO] MainUpdater:2873 - connection check result : 10
2024-12-15 11:47:49,039 [INFO] MainUpdater:290 - Updater Check For Update Now.
2024-12-15 11:47:49,039 [INFO] MicroXplorer:498 - Change Database Version : DB.6.0.111
2024-12-15 11:47:49,059 [INFO] McuFinderGlobals:63 - Set McuFinder mode to 2 (CubeIDE integrated)
2024-12-15 11:47:49,069 [INFO] UserAuth:415 - Internet connection configuration mode: 1
2024-12-15 11:47:49,086 [INFO] JxBrowserEngine:152 - Initiate JxBrowser Engine with user profile folder
2024-12-15 11:47:49,245 [INFO] CheckServerUpdateThread:120 - End of CheckServer Thread
2024-12-15 11:47:51,031 [WARN] PackLoader:240 - Cannot read IP mode file for STMicroelectronics.FP-SNS-MOTENVWB1.1.4.0
2024-12-15 11:47:51,045 [WARN] PackLoader:240 - Cannot read IP mode file for STMicroelectronics.FP-ATR-ASTRA1.2.0.1
2024-12-15 11:47:51,058 [WARN] PackLoader:240 - Cannot read IP mode file for STMicroelectronics.X-CUBE-SMBUS.2.1.0
2024-12-15 11:47:51,072 [WARN] PackLoader:240 - Cannot read IP mode file for STMicroelectronics.X-CUBE-WB05N.1.1.0
2024-12-15 11:47:51,084 [WARN] PackLoader:240 - Cannot read IP mode file for STMicroelectronics.X-CUBE-TOUCHGFX.4.23.0
2024-12-15 11:47:51,093 [WARN] PackLoader:240 - Cannot read IP mode file for STMicroelectronics.X-CUBE-TOUCHGFX.4.23.2
2024-12-15 11:47:51,123 [WARN] PackLoader:240 - Cannot read IP mode file for STMicroelectronics.X-CUBE-AZRTOS-F7.1.1.0
2024-12-15 11:47:51,138 [WARN] PackLoader:240 - Cannot read IP mode file for STMicroelectronics.FP-SNS-MOTENV1.4.3.2
2024-12-15 11:47:51,189 [WARN] PackLoader:240 - Cannot read IP mode file for STMicroelectronics.X-CUBE-MEMS1.11.0.0
2024-12-15 11:47:51,294 [WARN] PackLoader:240 - Cannot read IP mode file for STMicroelectronics.FP-SNS-FLIGHT1.5.0.2
2024-12-15 11:47:51,310 [WARN] PackLoader:240 - Cannot read IP mode file for STMicroelectronics.X-CUBE-DISPLAY.3.0.0
2024-12-15 11:47:51,326 [WARN] PackLoader:240 - Cannot read IP mode file for STMicroelectronics.X-CUBE-BLE1.7.0.0
2024-12-15 11:47:51,341 [WARN] PackLoader:240 - Cannot read IP mode file for STMicroelectronics.X-CUBE-NFC10.1.0.0
2024-12-15 11:47:51,358 [WARN] PackLoader:240 - Cannot read IP mode file for STMicroelectronics.X-CUBE-BLEMGR.4.0.0
2024-12-15 11:47:51,374 [WARN] PackLoader:240 - Cannot read IP mode file for emotas.I-CUBE-CANOPEN.1.3.0
2024-12-15 11:47:51,386 [WARN] PackLoader:240 - Cannot read IP mode file for STMicroelectronics.X-CUBE-TOUCHGFX.4.22.1
2024-12-15 11:47:51,399 [WARN] PackLoader:240 - Cannot read IP mode file for STMicroelectronics.X-CUBE-BLEMGR.3.1.0
2024-12-15 11:47:51,411 [WARN] PackLoader:240 - Cannot read IP mode file for STMicroelectronics.FP-SNS-SMARTAG2.1.2.0
2024-12-15 11:47:51,427 [INFO] LogOutputStream:77 - [STDOUT_REDIRECT] 1 : Invalid condition id : UX_CORESTACK_Condition cause : null
2024-12-15 11:47:51,428 [INFO] LogOutputStream:77 - [STDOUT_REDIRECT] 1 : Invalid condition id : UX_CORESTACK_Condition cause : null
2024-12-15 11:47:51,429 [INFO] LogOutputStream:77 - [STDOUT_REDIRECT] 1 : Invalid condition id : UX_CORESTACK_Condition cause : null
2024-12-15 11:47:51,430 [INFO] LogOutputStream:77 - [STDOUT_REDIRECT] 1 : Invalid condition id : UX_CORESTACK_Condition cause : null
2024-12-15 11:47:51,431 [INFO] LogOutputStream:77 - [STDOUT_REDIRECT] 1 : Invalid condition id : UX_CORESTACK_Condition cause : null
2024-12-15 11:47:51,433 [WARN] PackLoader:240 - Cannot read IP mode file for STMicroelectronics.X-CUBE-AZRTOS-WL.2.0.0
2024-12-15 11:47:51,446 [WARN] PackLoader:240 - Cannot read IP mode file for STMicroelectronics.FP-SNS-MOTENV1.5.0.0
2024-12-15 11:47:51,461 [WARN] PackLoader:240 - Cannot read IP mode file for wolfSSL.I-CUBE-wolfMQTT.1.19.0
2024-12-15 11:47:51,482 [WARN] PackLoader:240 - Cannot read IP mode file for WES.I-CUBE-Cesium.1.3.0
2024-12-15 11:47:51,504 [WARN] PackLoader:240 - Cannot read IP mode file for STMicroelectronics.X-CUBE-BLE2.3.3.0
2024-12-15 11:47:51,520 [WARN] PackLoader:240 - Cannot read IP mode file for STMicroelectronics.X-CUBE-NFC9.1.0.0
2024-12-15 11:47:51,539 [WARN] PackLoader:240 - Cannot read IP mode file for STMicroelectronics.X-CUBE-TCPP.4.1.0
2024-12-15 11:47:51,561 [WARN] PackLoader:240 - Cannot read IP mode file for STMicroelectronics.X-CUBE-ALGOBUILD.1.3.0
2024-12-15 11:47:51,592 [WARN] PackLoader:240 - Cannot read IP mode file for STMicroelectronics.X-CUBE-AZRTOS-G0.1.1.0
2024-12-15 11:47:51,610 [WARN] PackLoader:240 - Cannot read IP mode file for STMicroelectronics.X-CUBE-SAFEA1.1.2.2
2024-12-15 11:47:51,639 [WARN] PackLoader:240 - Cannot read IP mode file for STMicroelectronics.X-CUBE-NFC4.3.0.0
2024-12-15 11:47:51,676 [WARN] PackLoader:240 - Cannot read IP mode file for wolfSSL.I-CUBE-wolfMQTT.1.18.0
2024-12-15 11:47:51,709 [WARN] PackLoader:240 - Cannot read IP mode file for EmbeddedOffice.I-CUBE-FS-RTOS.1.0.1
2024-12-15 11:47:51,710 [ERROR] ConditionMgr:805 - Attr not supported : Dmpu
2024-12-15 11:47:51,711 [ERROR] ConditionMgr:805 - Attr not supported : Dmpu
2024-12-15 11:47:51,711 [ERROR] ConditionMgr:805 - Attr not supported : Dmpu
2024-12-15 11:47:51,711 [ERROR] ConditionMgr:805 - Attr not supported : Dmpu
2024-12-15 11:47:51,711 [ERROR] ConditionMgr:805 - Attr not supported : Dmpu
2024-12-15 11:47:51,711 [ERROR] ConditionMgr:805 - Attr not supported : Dmpu
2024-12-15 11:47:51,712 [ERROR] ConditionMgr:805 - Attr not supported : Dmpu
2024-12-15 11:47:51,712 [ERROR] ConditionMgr:805 - Attr not supported : Dmpu
2024-12-15 11:47:51,712 [ERROR] ConditionMgr:805 - Attr not supported : Dmpu
2024-12-15 11:47:51,712 [ERROR] ConditionMgr:805 - Attr not supported : Dmpu
2024-12-15 11:47:51,712 [ERROR] ConditionMgr:805 - Attr not supported : Dmpu
2024-12-15 11:47:51,713 [ERROR] ConditionMgr:805 - Attr not supported : Dmpu
2024-12-15 11:47:51,713 [ERROR] ConditionMgr:805 - Attr not supported : Dmpu
2024-12-15 11:47:51,713 [ERROR] ConditionMgr:805 - Attr not supported : Dmpu
2024-12-15 11:47:51,713 [ERROR] ConditionMgr:805 - Attr not supported : Dmpu
2024-12-15 11:47:51,713 [ERROR] ConditionMgr:805 - Attr not supported : Dmpu
2024-12-15 11:47:51,714 [ERROR] ConditionMgr:805 - Attr not supported : Dmpu
2024-12-15 11:47:51,714 [ERROR] ConditionMgr:805 - Attr not supported : Dmpu
2024-12-15 11:47:51,714 [ERROR] ConditionMgr:805 - Attr not supported : Dmpu
2024-12-15 11:47:51,714 [ERROR] ConditionMgr:805 - Attr not supported : Dmpu
2024-12-15 11:47:51,715 [ERROR] ConditionMgr:805 - Attr not supported : Dmpu
2024-12-15 11:47:51,715 [ERROR] ConditionMgr:805 - Attr not supported : Dmpu
2024-12-15 11:47:51,715 [ERROR] ConditionMgr:805 - Attr not supported : Dmpu
2024-12-15 11:47:51,715 [ERROR] ConditionMgr:805 - Attr not supported : Dmpu
2024-12-15 11:47:51,715 [ERROR] ConditionMgr:805 - Attr not supported : Dmpu
2024-12-15 11:47:51,715 [ERROR] ConditionMgr:805 - Attr not supported : Dmpu
2024-12-15 11:47:51,715 [ERROR] ConditionMgr:805 - Attr not supported : Dmpu
2024-12-15 11:47:51,715 [ERROR] ConditionMgr:805 - Attr not supported : Dmpu
2024-12-15 11:47:51,715 [ERROR] ConditionMgr:805 - Attr not supported : Dmpu
2024-12-15 11:47:51,716 [ERROR] ConditionMgr:805 - Attr not supported : Dmpu
2024-12-15 11:47:51,716 [ERROR] ConditionMgr:805 - Attr not supported : Dmpu
2024-12-15 11:47:51,716 [ERROR] ConditionMgr:805 - Attr not supported : Dmpu
2024-12-15 11:47:51,716 [ERROR] ConditionMgr:805 - Attr not supported : Dmpu
2024-12-15 11:47:51,716 [ERROR] ConditionMgr:805 - Attr not supported : Dmpu
2024-12-15 11:47:51,716 [ERROR] ConditionMgr:805 - Attr not supported : Dmpu
2024-12-15 11:47:51,716 [ERROR] ConditionMgr:805 - Attr not supported : Dmpu
2024-12-15 11:47:51,716 [ERROR] ConditionMgr:805 - Attr not supported : Dmpu
2024-12-15 11:47:51,716 [ERROR] ConditionMgr:805 - Attr not supported : Dmpu
2024-12-15 11:47:51,717 [ERROR] ConditionMgr:805 - Attr not supported : Dmpu
2024-12-15 11:47:51,717 [ERROR] ConditionMgr:805 - Attr not supported : Dmpu
2024-12-15 11:47:51,717 [ERROR] ConditionMgr:805 - Attr not supported : Dmpu
2024-12-15 11:47:51,717 [ERROR] ConditionMgr:805 - Attr not supported : Dmpu
2024-12-15 11:47:51,717 [ERROR] ConditionMgr:805 - Attr not supported : Dmpu
2024-12-15 11:47:51,717 [ERROR] ConditionMgr:805 - Attr not supported : Dmpu
2024-12-15 11:47:51,717 [ERROR] ConditionMgr:805 - Attr not supported : Dmpu
2024-12-15 11:47:51,717 [ERROR] ConditionMgr:805 - Attr not supported : Dmpu
2024-12-15 11:47:51,717 [ERROR] ConditionMgr:805 - Attr not supported : Dmpu
2024-12-15 11:47:51,717 [ERROR] ConditionMgr:805 - Attr not supported : Dmpu
2024-12-15 11:47:51,717 [ERROR] ConditionMgr:805 - Attr not supported : Dmpu
2024-12-15 11:47:51,717 [ERROR] ConditionMgr:805 - Attr not supported : Dmpu
2024-12-15 11:47:51,717 [ERROR] ConditionMgr:805 - Attr not supported : Dmpu
2024-12-15 11:47:51,717 [ERROR] ConditionMgr:805 - Attr not supported : Dmpu
2024-12-15 11:47:51,718 [ERROR] ConditionMgr:805 - Attr not supported : Dmpu
2024-12-15 11:47:51,718 [ERROR] ConditionMgr:805 - Attr not supported : Dmpu
2024-12-15 11:47:51,718 [ERROR] ConditionMgr:805 - Attr not supported : Dmpu
2024-12-15 11:47:51,718 [ERROR] ConditionMgr:805 - Attr not supported : Dmpu
2024-12-15 11:47:51,718 [ERROR] ConditionMgr:805 - Attr not supported : Dmpu
2024-12-15 11:47:51,718 [ERROR] ConditionMgr:805 - Attr not supported : Dmpu
2024-12-15 11:47:51,718 [ERROR] ConditionMgr:805 - Attr not supported : Dmpu
2024-12-15 11:47:51,718 [ERROR] ConditionMgr:805 - Attr not supported : Dmpu
2024-12-15 11:47:51,718 [ERROR] ConditionMgr:805 - Attr not supported : Dmpu
2024-12-15 11:47:51,718 [ERROR] ConditionMgr:805 - Attr not supported : Dmpu
2024-12-15 11:47:51,718 [ERROR] ConditionMgr:805 - Attr not supported : Dmpu
2024-12-15 11:47:51,718 [ERROR] ConditionMgr:805 - Attr not supported : Dmpu
2024-12-15 11:47:51,748 [WARN] PackLoader:240 - Cannot read IP mode file for STMicroelectronics.X-CUBE-BLEMGR.3.0.0
2024-12-15 11:47:51,764 [ERROR] Engine:466 - C:\Users\user\.stm32cubemx\thirdparties\pdsc\STMicroelectronics.X-CUBE-TCPP.4.2.0.pdsc: PDSC version is not supported
2024-12-15 11:47:51,783 [WARN] PackLoader:240 - Cannot read IP mode file for RealThread.X-CUBE-RT-Thread_Nano.4.1.1
2024-12-15 11:47:51,800 [WARN] PackLoader:240 - Cannot read IP mode file for STMicroelectronics.FP-ATR-SIGFOX1.3.2.0
2024-12-15 11:47:51,812 [WARN] ConditionMgr:438 - getConditionDescription Invalid condition id : Cortex-A Device cause : null
2024-12-15 11:47:51,851 [WARN] ConditionMgr:1039 - genDependencies : Invalid condition id : Cortex-A Device cause : null
2024-12-15 11:47:51,851 [WARN] ConditionMgr:1039 - genDependencies : Invalid condition id : Cortex-A Device cause : null
2024-12-15 11:47:51,851 [WARN] ConditionMgr:1039 - genDependencies : Invalid condition id : Cortex-A Device cause : null
2024-12-15 11:47:51,869 [WARN] PackLoader:240 - Cannot read IP mode file for STMicroelectronics.X-CUBE-EEPRMA1.5.1.0
2024-12-15 11:47:51,906 [WARN] PackLoader:240 - Cannot read IP mode file for SEGGER.I-CUBE-embOS.1.3.1
2024-12-15 11:47:51,976 [WARN] PackLoader:240 - Cannot read IP mode file for STMicroelectronics.X-CUBE-ALGOBUILD.1.4.0
2024-12-15 11:47:51,998 [WARN] PackLoader:240 - Cannot read IP mode file for STMicroelectronics.X-CUBE-AI.9.1.0
2024-12-15 11:47:52,018 [WARN] PackLoader:240 - Cannot read IP mode file for STMicroelectronics.X-CUBE-GNSS1.6.0.0
2024-12-15 11:47:52,048 [WARN] PackLoader:240 - Cannot read IP mode file for STMicroelectronics.X-CUBE-AZRTOS-F4.1.1.0
2024-12-15 11:47:52,066 [WARN] PackLoader:240 - Cannot read IP mode file for wolfSSL.I-CUBE-wolfSSL.5.6.3
2024-12-15 11:47:52,078 [WARN] PackLoader:240 - Cannot read IP mode file for STMicroelectronics.X-CUBE-ISPU.2.1.0
2024-12-15 11:47:52,090 [WARN] PackLoader:240 - Cannot read IP mode file for STMicroelectronics.X-CUBE-FREERTOS.1.2.0
2024-12-15 11:47:52,112 [WARN] PackLoader:240 - Cannot read IP mode file for STMicroelectronics.X-CUBE-AZRTOS-L5.2.0.0
2024-12-15 11:47:52,151 [WARN] PackLoader:240 - Cannot read IP mode file for STMicroelectronics.X-CUBE-MEMS1.9.6.0
2024-12-15 11:47:52,239 [WARN] PackLoader:240 - Cannot read IP mode file for STMicroelectronics.X-CUBE-EEPRMA1.4.2.0
2024-12-15 11:47:52,261 [WARN] PackLoader:240 - Cannot read IP mode file for STMicroelectronics.X-CUBE-NFC6.3.1.0
2024-12-15 11:47:52,278 [WARN] PackLoader:240 - Cannot read IP mode file for ITTIA_DB.I-CUBE-ITTIADB.8.8.0
2024-12-15 11:47:52,296 [WARN] PackLoader:240 - Cannot read IP mode file for STMicroelectronics.X-CUBE-BLEMGR.2.0.0
2024-12-15 11:47:52,312 [WARN] PackLoader:240 - Cannot read IP mode file for STMicroelectronics.X-CUBE-DPower.1.2.0
2024-12-15 11:47:52,326 [WARN] PackLoader:240 - Cannot read IP mode file for STMicroelectronics.X-CUBE-AI.9.0.0
2024-12-15 11:47:52,352 [WARN] ConditionMgr:438 - getConditionDescription Invalid condition id : UX DEVICE CLASS RTOS Condition cause : null
2024-12-15 11:47:52,352 [WARN] ConditionMgr:438 - getConditionDescription Invalid condition id : UX DEVICE CLASS RTOS Condition cause : null
2024-12-15 11:47:52,354 [WARN] PackLoader:240 - Cannot read IP mode file for STMicroelectronics.X-CUBE-AZRTOS-H7.3.1.0
2024-12-15 11:47:52,354 [WARN] ConditionMgr:1039 - genDependencies : Invalid condition id : UX DEVICE CLASS RTOS Condition cause : null
2024-12-15 11:47:52,354 [WARN] ConditionMgr:1039 - genDependencies : Invalid condition id : UX DEVICE CLASS RTOS Condition cause : null
2024-12-15 11:47:52,355 [WARN] ConditionMgr:1039 - genDependencies : Invalid condition id : UX DEVICE CLASS RTOS Condition cause : null
2024-12-15 11:47:52,355 [WARN] ConditionMgr:1039 - genDependencies : Invalid condition id : UX DEVICE CLASS RTOS Condition cause : null
2024-12-15 11:47:52,355 [WARN] ConditionMgr:1039 - genDependencies : Invalid condition id : UX DEVICE CLASS RTOS Condition cause : null
2024-12-15 11:47:52,368 [WARN] PackLoader:240 - Cannot read IP mode file for STMicroelectronics.X-CUBE-FREERTOS.1.3.0
2024-12-15 11:47:52,380 [WARN] PackLoader:240 - Cannot read IP mode file for STMicroelectronics.X-CUBE-NFC7.1.0.1
2024-12-15 11:47:52,391 [WARN] PackLoader:240 - Cannot read IP mode file for wolfSSL.I-CUBE-wolfTPM.3.2.0
2024-12-15 11:47:52,403 [WARN] PackLoader:240 - Cannot read IP mode file for STMicroelectronics.X-CUBE-NFC6.3.0.0
2024-12-15 11:47:52,416 [WARN] PackLoader:240 - Cannot read IP mode file for STMicroelectronics.X-CUBE-EEPRMA1.4.1.0
2024-12-15 11:47:52,427 [WARN] PackLoader:240 - Cannot read IP mode file for STMicroelectronics.X-CUBE-AI.8.1.0
2024-12-15 11:47:52,447 [WARN] ConditionMgr:438 - getConditionDescription Invalid condition id : LAN8742 Phy interface Condition cause : null
2024-12-15 11:47:52,448 [WARN] PackLoader:240 - Cannot read IP mode file for STMicroelectronics.X-CUBE-AZRTOS-L4.2.0.0
2024-12-15 11:47:52,448 [WARN] ConditionMgr:1039 - genDependencies : Invalid condition id : LAN8742 Phy interface Condition cause : null
2024-12-15 11:47:52,449 [WARN] ConditionMgr:1039 - genDependencies : Invalid condition id : LAN8742 Phy interface Condition cause : null
2024-12-15 11:47:52,449 [WARN] ConditionMgr:1039 - genDependencies : Invalid condition id : LAN8742 Phy interface Condition cause : null
2024-12-15 11:47:52,465 [WARN] PackLoader:240 - Cannot read IP mode file for STMicroelectronics.X-CUBE-SFXS2LP1.4.0.0
2024-12-15 11:47:52,477 [WARN] PackLoader:240 - Cannot read IP mode file for STMicroelectronics.X-CUBE-ISPU.1.1.0
2024-12-15 11:47:52,498 [WARN] PackLoader:240 - Cannot read IP mode file for STMicroelectronics.X-CUBE-AZRTOS-H7.3.3.0
2024-12-15 11:47:52,514 [WARN] PackLoader:240 - Cannot read IP mode file for STMicroelectronics.X-CUBE-IPS.3.0.0
2024-12-15 11:47:52,535 [WARN] ConditionMgr:438 - getConditionDescription Invalid condition id : UX DEVICE CLASS RTOS Condition cause : null
2024-12-15 11:47:52,535 [WARN] ConditionMgr:438 - getConditionDescription Invalid condition id : UX DEVICE CLASS RTOS Condition cause : null
2024-12-15 11:47:52,536 [WARN] PackLoader:240 - Cannot read IP mode file for STMicroelectronics.X-CUBE-AZRTOS-WB.2.0.0
2024-12-15 11:47:52,537 [WARN] ConditionMgr:1039 - genDependencies : Invalid condition id : UX DEVICE CLASS RTOS Condition cause : null
2024-12-15 11:47:52,537 [WARN] ConditionMgr:1039 - genDependencies : Invalid condition id : UX DEVICE CLASS RTOS Condition cause : null
2024-12-15 11:47:52,537 [WARN] ConditionMgr:1039 - genDependencies : Invalid condition id : UX DEVICE CLASS RTOS Condition cause : null
2024-12-15 11:47:52,537 [WARN] ConditionMgr:1039 - genDependencies : Invalid condition id : UX DEVICE CLASS RTOS Condition cause : null
2024-12-15 11:47:52,537 [WARN] ConditionMgr:1039 - genDependencies : Invalid condition id : UX DEVICE CLASS RTOS Condition cause : null
2024-12-15 11:47:52,549 [WARN] PackLoader:240 - Cannot read IP mode file for STMicroelectronics.X-CUBE-GNSS1.7.0.0
2024-12-15 11:47:52,561 [WARN] PackLoader:240 - Cannot read IP mode file for STMicroelectronics.FP-SNS-STBOX1.2.0.0
2024-12-15 11:47:52,577 [WARN] PackLoader:240 - Cannot read IP mode file for STMicroelectronics.X-CUBE-SUBG2.5.0.0
2024-12-15 11:47:52,589 [WARN] PackLoader:240 - Cannot read IP mode file for Cesanta.I-CUBE-Mongoose.7.13.0
2024-12-15 11:47:52,602 [WARN] PackLoader:240 - Cannot read IP mode file for STMicroelectronics.X-CUBE-TOF1.3.3.1
2024-12-15 11:47:52,624 [WARN] PackLoader:240 - Cannot read IP mode file for STMicroelectronics.X-CUBE-AZRTOS-G4.2.0.0
2024-12-15 11:47:52,645 [WARN] PackLoader:240 - Cannot read IP mode file for Infineon.AIROC-Wi-Fi-Bluetooth-STM32.1.5.1
2024-12-15 11:47:52,656 [WARN] PackLoader:240 - Cannot read IP mode file for STMicroelectronics.FP-SNS-MOTENVWB1.1.3.0
2024-12-15 11:47:52,666 [WARN] PackLoader:240 - Cannot read IP mode file for STMicroelectronics.FP-SNS-MOTENVWB1.1.3.1
2024-12-15 11:47:52,675 [WARN] PackLoader:240 - Cannot read IP mode file for STMicroelectronics.X-CUBE-ISPU.2.0.0
2024-12-15 11:47:52,684 [WARN] PackLoader:240 - Cannot read IP mode file for STMicroelectronics.X-CUBE-ALS.1.0.2
2024-12-15 11:47:52,716 [WARN] PackLoader:240 - Cannot read IP mode file for STMicroelectronics.X-CUBE-MEMS1.10.0.0
2024-12-15 11:47:52,774 [WARN] PackLoader:240 - Cannot read IP mode file for STMicroelectronics.X-CUBE-FREERTOS.1.1.0
2024-12-15 11:47:52,784 [WARN] PackLoader:240 - Cannot read IP mode file for STMicroelectronics.X-CUBE-TOUCHGFX.4.24.0
2024-12-15 11:47:52,793 [WARN] PackLoader:240 - Cannot read IP mode file for STMicroelectronics.X-CUBE-TOUCHGFX.4.24.1
2024-12-15 11:47:52,803 [WARN] PackLoader:240 - Cannot read IP mode file for portGmbH.I-Cube-SoM-uGOAL.1.1.0
2024-12-15 11:47:52,813 [WARN] PackLoader:240 - Cannot read IP mode file for STMicroelectronics.X-CUBE-ALS.1.0.1
2024-12-15 11:47:52,832 [WARN] PackLoader:240 - Cannot read IP mode file for STMicroelectronics.X-CUBE-AZRTOS-H7RS.1.0.0
2024-12-15 11:47:52,842 [WARN] PackLoader:240 - Cannot read IP mode file for STMicroelectronics.FP-ATR-ASTRA1.2.0.0
2024-12-15 11:47:52,856 [WARN] PackLoader:240 - Cannot read IP mode file for STMicroelectronics.X-CUBE-TOF1.3.4.2
2024-12-15 11:47:52,873 [WARN] PackLoader:240 - Cannot read IP mode file for STMicroelectronics.X-CUBE-TOF1.3.4.0
2024-12-15 11:47:52,889 [WARN] PackLoader:240 - Cannot read IP mode file for STMicroelectronics.X-CUBE-TOF1.3.4.1
2024-12-15 11:47:52,923 [WARN] PackLoader:240 - Cannot read IP mode file for STMicroelectronics.X-CUBE-AZRTOS-H7.3.2.0
2024-12-15 11:47:52,933 [WARN] PackLoader:240 - Cannot read IP mode file for wolfSSL.I-CUBE-wolfSSH.1.4.17
2024-12-15 11:47:52,934 [INFO] ThirdParty:978 - Integrity check success = true
2024-12-15 11:47:52,934 [INFO] IntegrityCheckThread:100 - exiting critical section [integrity check]
2024-12-15 11:47:52,934 [INFO] IntegrityCheckThread:103 - End integrity checks thread
2024-12-15 11:47:54,977 [INFO] WebApp:161 - Instantiating new browser for Auth
2024-12-15 11:47:55,406 [INFO] WebApp:779 - Register for checkConnection events
2024-12-15 11:47:55,406 [INFO] WebApp:414 - Apply proxy settings
2024-12-15 11:47:55,406 [INFO] WebApp:499 - Chromium requires no authentication
2024-12-15 11:47:55,411 [INFO] WebApp:442 - Direct internet connection detected
2024-12-15 11:47:55,627 [INFO] WebApp:192 - Starting web application
2024-12-15 11:47:55,627 [INFO] WebApp:544 - Web application path used C:\ST\STM32CubeIDE_1.13.2\STM32CubeIDE\plugins\com.st.stm32cube.common.mx_6.11.1.202404110753\db\plugins\mcufinder\reactClient1\index.html
