2024-12-16 06:47:11,594 [ERROR] LogOutputStream:75 - [STDERR_REDIRECT] 
2024-12-16 15:37:09,484 [INFO] Activator:176 - 


2024-12-16 15:37:09,484 [INFO] Activator:177 - !SESSION log4j initialized
2024-12-16 15:37:13,240 [INFO] LogOutputStream:77 - [STDOUT_REDIRECT] 
2024-12-16 15:37:14,811 [INFO] ApplicationProperties:184 - Using Application install path: C:\ST\STM32CubeIDE_1.13.2\STM32CubeIDE\plugins\com.st.stm32cube.common.mx_6.11.1.202404110753
2024-12-16 15:37:14,827 [INFO] DbMcusXml:78 - Set database path to: C:\ST\STM32CubeIDE_1.13.2\STM32CubeIDE\plugins\com.st.stm32cube.common.mx_6.11.1.202404110753\\db\/mcu/
2024-12-16 15:37:14,827 [INFO] ApiDb:274 - Set plugin database path to: C:\ST\STM32CubeIDE_1.13.2\STM32CubeIDE\plugins\com.st.stm32cube.common.mx_6.11.1.202404110753\\db\/plugins/boardmanager/
2024-12-16 15:37:14,828 [WARN] ApiDb:259 - Overriding images path with different value:  => C:\ST\STM32CubeIDE_1.13.2\STM32CubeIDE\plugins\com.st.stm32cube.common.mx_6.11.1.202404110753\\db\/plugins/mcufinder/images/
2024-12-16 15:37:14,834 [INFO] ApiDb:250 - Set database path to: C:\Users\user\.stmcufinder\plugins\mcufinder//mcu/
2024-12-16 15:37:14,834 [INFO] DbMcusAds:125 - Set database path to: C:\Users\user\.stmcufinder\plugins\mcufinder//mcu/
2024-12-16 15:37:14,836 [INFO] CrossReferenceDbSqlite:203 - Set database path to: C:\Users\user\.stmcufinder\plugins\mcufinder//mcu/cs/
2024-12-16 15:37:14,939 [INFO] RulesReader:64 - Compatibility file has been processed (297 Rules)
2024-12-16 15:37:15,033 [INFO] DbMcusXml:78 - Set database path to: C:\ST\STM32CubeIDE_1.13.2\STM32CubeIDE\plugins\com.st.stm32cube.common.mx_6.11.1.202404110753\\db\/mcu/
2024-12-16 15:37:15,033 [INFO] ApiDb:274 - Set plugin database path to: C:\ST\STM32CubeIDE_1.13.2\STM32CubeIDE\plugins\com.st.stm32cube.common.mx_6.11.1.202404110753\\db\/plugins/boardmanager/
2024-12-16 15:37:15,033 [INFO] ApiDb:261 - Set plugin images path to: C:\ST\STM32CubeIDE_1.13.2\STM32CubeIDE\plugins\com.st.stm32cube.common.mx_6.11.1.202404110753\\db\/plugins/mcufinder/images/
2024-12-16 15:37:15,033 [WARN] DbFile:41 - Overriding database path with different value: C:\Users\user\.stmcufinder\plugins\mcufinder/ => C:\Users\user\.stmcufinder\plugins\mcufinder
2024-12-16 15:37:15,033 [INFO] ApiDb:250 - Set database path to: C:\Users\user\.stmcufinder\plugins\mcufinder//mcu/
2024-12-16 15:37:15,033 [WARN] DbFile:41 - Overriding database path with different value: C:\Users\user\.stmcufinder\plugins\mcufinder/ => C:\Users\user\.stmcufinder\plugins\mcufinder
2024-12-16 15:37:15,033 [INFO] DbMcusAds:125 - Set database path to: C:\Users\user\.stmcufinder\plugins\mcufinder//mcu/
2024-12-16 15:37:15,033 [WARN] DbFile:41 - Overriding database path with different value: C:\Users\user\.stmcufinder\plugins\mcufinder/ => C:\Users\user\.stmcufinder\plugins\mcufinder
2024-12-16 15:37:15,033 [WARN] DbFile:41 - Overriding database path with different value: C:\Users\user\.stmcufinder\plugins\mcufinder/ => C:\Users\user\.stmcufinder\plugins\mcufinder
2024-12-16 15:37:15,034 [INFO] CrossReferenceDbSqlite:203 - Set database path to: C:\Users\user\.stmcufinder\plugins\mcufinder//mcu/cs/
2024-12-16 15:37:15,101 [INFO] MainPanel:264 - HeapMemory: 268435456
2024-12-16 15:37:15,166 [INFO] DbMcusXml:78 - Set database path to: C:\ST\STM32CubeIDE_1.13.2\STM32CubeIDE\plugins\com.st.stm32cube.common.mx_6.11.1.202404110753\\db\/mcu/
2024-12-16 15:37:15,166 [INFO] ApiDb:274 - Set plugin database path to: C:\ST\STM32CubeIDE_1.13.2\STM32CubeIDE\plugins\com.st.stm32cube.common.mx_6.11.1.202404110753\\db\/plugins/boardmanager/
2024-12-16 15:37:15,166 [INFO] ApiDb:261 - Set plugin images path to: C:\ST\STM32CubeIDE_1.13.2\STM32CubeIDE\plugins\com.st.stm32cube.common.mx_6.11.1.202404110753\\db\/plugins/mcufinder/images/
2024-12-16 15:37:15,167 [WARN] DbFile:41 - Overriding database path with different value: C:\Users\user\.stmcufinder\plugins\mcufinder/ => C:\Users\user\.stmcufinder\plugins\mcufinder
2024-12-16 15:37:15,167 [INFO] ApiDb:250 - Set database path to: C:\Users\user\.stmcufinder\plugins\mcufinder//mcu/
2024-12-16 15:37:15,167 [WARN] DbFile:41 - Overriding database path with different value: C:\Users\user\.stmcufinder\plugins\mcufinder/ => C:\Users\user\.stmcufinder\plugins\mcufinder
2024-12-16 15:37:15,167 [INFO] DbMcusAds:125 - Set database path to: C:\Users\user\.stmcufinder\plugins\mcufinder//mcu/
2024-12-16 15:37:15,167 [WARN] DbFile:41 - Overriding database path with different value: C:\Users\user\.stmcufinder\plugins\mcufinder/ => C:\Users\user\.stmcufinder\plugins\mcufinder
2024-12-16 15:37:15,167 [WARN] DbFile:41 - Overriding database path with different value: C:\Users\user\.stmcufinder\plugins\mcufinder/ => C:\Users\user\.stmcufinder\plugins\mcufinder
2024-12-16 15:37:15,167 [INFO] CrossReferenceDbSqlite:203 - Set database path to: C:\Users\user\.stmcufinder\plugins\mcufinder//mcu/cs/
2024-12-16 15:37:15,180 [INFO] ApplicationProperties:184 - Using Application install path: C:\ST\STM32CubeIDE_1.13.2\STM32CubeIDE\plugins\com.st.stm32cube.common.mx_6.11.1.202404110753
2024-12-16 15:37:15,181 [INFO] PluginManage:196 - Search for loadable plugins [exclusion list=, ]
2024-12-16 15:37:15,182 [INFO] PluginManage:310 - Check plugin analytics
2024-12-16 15:37:15,312 [INFO] AnalyticsPlugin:253 - Accepted Software Licenses: 
2024-12-16 15:37:15,312 [INFO] AnalyticsPlugin:255 - Accepted CMSIS Pack Licenses: 
2024-12-16 15:37:15,312 [INFO] AnalyticsPlugin:257 - Accepted Firmware Licenses: FW.F4.1.27.0,FW.F4.1.28.0
2024-12-16 15:37:15,314 [INFO] PluginManage:359 - Loaded plugin analytics (category:tool,tabindex:-1)
2024-12-16 15:37:15,314 [INFO] PluginManage:310 - Check plugin cadmodel
2024-12-16 15:37:15,329 [INFO] CADModel:105 - Init CAD model plugin
2024-12-16 15:37:15,329 [INFO] PluginManage:359 - Loaded plugin cadmodel (category:power,tabindex:5)
2024-12-16 15:37:15,329 [INFO] PluginManage:310 - Check plugin clock
2024-12-16 15:37:15,345 [INFO] PluginManage:359 - Loaded plugin clock (category:base,tabindex:2)
2024-12-16 15:37:15,345 [INFO] PluginManage:310 - Check plugin ddr
2024-12-16 15:37:15,346 [INFO] PluginManage:359 - Loaded plugin ddr (category:tool,tabindex:6)
2024-12-16 15:37:15,346 [INFO] PluginManage:310 - Check plugin filemanager
2024-12-16 15:37:15,442 [INFO] PluginManage:359 - Loaded plugin filemanager (category:base,tabindex:10)
2024-12-16 15:37:15,442 [INFO] PluginManage:310 - Check plugin ipmanager
2024-12-16 15:37:15,447 [INFO] PluginManage:359 - Loaded plugin ipmanager (category:base,tabindex:5)
2024-12-16 15:37:15,448 [INFO] PluginManage:310 - Check plugin lpbam
2024-12-16 15:37:15,463 [INFO] PluginManage:359 - Loaded plugin lpbam (category:base,tabindex:0)
2024-12-16 15:37:15,463 [INFO] PluginManage:310 - Check plugin memorymap
2024-12-16 15:37:15,484 [INFO] PluginManage:359 - Loaded plugin memorymap (category:base,tabindex:4)
2024-12-16 15:37:15,485 [INFO] PluginManage:310 - Check plugin pinoutandconfiguration
2024-12-16 15:37:15,502 [INFO] PluginManage:359 - Loaded plugin pinoutandconfiguration (category:base,tabindex:1)
2024-12-16 15:37:15,503 [INFO] PluginManage:310 - Check plugin pinoutconfig
2024-12-16 15:37:15,578 [WARN] SupportedApi:132 - Cannot load RTOS API schema: s4s-elt-must-match.1: The content of 'definitions' must match (annotation?, (simpleType | complexType)?, (unique | key | keyref)*)). A problem was found starting at: attribute.
2024-12-16 15:37:15,687 [INFO] PluginManage:359 - Loaded plugin pinoutconfig (category:base,tabindex:0)
2024-12-16 15:37:15,687 [INFO] PluginManage:310 - Check plugin power
2024-12-16 15:37:15,705 [INFO] PluginManage:359 - Loaded plugin power (category:power,tabindex:4)
2024-12-16 15:37:15,705 [INFO] PluginManage:310 - Check plugin projectmanager
2024-12-16 15:37:15,719 [INFO] PluginManage:359 - Loaded plugin projectmanager (category:projectmanager,tabindex:3)
2024-12-16 15:37:15,719 [INFO] PluginManage:310 - Check plugin thirdparty
2024-12-16 15:37:16,072 [INFO] PluginManage:359 - Loaded plugin thirdparty (category:base,tabindex:-1)
2024-12-16 15:37:16,073 [INFO] PluginManage:310 - Check plugin tools
2024-12-16 15:37:16,073 [WARN] IntegrityCheckThread:84 - waiting for thirdparty lock release [integrity check]
2024-12-16 15:37:16,073 [INFO] IntegrityCheckThread:86 - entering critical section [integrity check]
2024-12-16 15:37:16,073 [INFO] ThirdPartyUpdaterWithRetryManager:70 - Updater plugin not ready yet. [1/15]
2024-12-16 15:37:16,120 [INFO] PluginManage:359 - Loaded plugin tools (category:base,tabindex:7)
2024-12-16 15:37:16,121 [INFO] PluginManage:310 - Check plugin tutovideos
2024-12-16 15:37:16,347 [INFO] PluginManage:359 - Loaded plugin tutovideos (category:base,tabindex:-1)
2024-12-16 15:37:16,347 [INFO] PluginManage:310 - Check plugin updater
2024-12-16 15:37:16,358 [INFO] PluginManage:359 - Loaded plugin updater (category:base,tabindex:12)
2024-12-16 15:37:16,359 [INFO] PluginManage:310 - Check plugin userauth
2024-12-16 15:37:16,365 [INFO] UserAuth:114 - Init User Auth plugin
2024-12-16 15:37:16,365 [INFO] PluginManage:359 - Loaded plugin userauth (category:base,tabindex:14)
2024-12-16 15:37:16,366 [INFO] PluginManage:283 - PluginManage : Loaded plugins [17]
2024-12-16 15:37:16,630 [INFO] PinOutPanel:1561 - setPackage(No Configuration,No Configuration)
2024-12-16 15:37:16,700 [INFO] CADModel:165 - CPN selected for project level
2024-12-16 15:37:16,700 [INFO] CADModel:114 - Register for checkConnection events
2024-12-16 15:37:16,723 [INFO] IPUIPlugin:80 - create IPUIPlugin
2024-12-16 15:37:16,724 [INFO] PluginManager:220 - loadIPPluginJar : add adc
2024-12-16 15:37:16,758 [INFO] IPUIPlugin:80 - create IPUIPlugin
2024-12-16 15:37:16,758 [INFO] PluginManager:220 - loadIPPluginJar : add aes
2024-12-16 15:37:16,799 [INFO] IPUIPlugin:80 - create IPUIPlugin
2024-12-16 15:37:16,799 [INFO] PluginManager:220 - loadIPPluginJar : add can
2024-12-16 15:37:16,822 [INFO] IPUIPlugin:80 - create IPUIPlugin
2024-12-16 15:37:16,822 [INFO] PluginManager:220 - loadIPPluginJar : add comp
2024-12-16 15:37:16,856 [INFO] IPUIPlugin:80 - create IPUIPlugin
2024-12-16 15:37:16,856 [INFO] PluginManager:220 - loadIPPluginJar : add cryp
2024-12-16 15:37:16,883 [INFO] IPUIPlugin:80 - create IPUIPlugin
2024-12-16 15:37:16,883 [INFO] PluginManager:220 - loadIPPluginJar : add dfsdm
2024-12-16 15:37:16,899 [INFO] IPUIPlugin:80 - create IPUIPlugin
2024-12-16 15:37:16,899 [INFO] PluginManager:220 - loadIPPluginJar : add dma
2024-12-16 15:37:16,959 [INFO] IPUIPlugin:80 - create IPUIPlugin
2024-12-16 15:37:16,959 [INFO] PluginManager:220 - loadIPPluginJar : add dma3
2024-12-16 15:37:17,009 [INFO] IPUIPlugin:80 - create IPUIPlugin
2024-12-16 15:37:17,010 [INFO] PluginManager:220 - loadIPPluginJar : add extmemmanager
2024-12-16 15:37:17,036 [INFO] IPUIPlugin:80 - create IPUIPlugin
2024-12-16 15:37:17,036 [INFO] PluginManager:220 - loadIPPluginJar : add fatfs
2024-12-16 15:37:17,088 [INFO] IPUIPlugin:80 - create IPUIPlugin
2024-12-16 15:37:17,088 [INFO] PluginManager:220 - loadIPPluginJar : add fmc
2024-12-16 15:37:17,106 [INFO] IPUIPlugin:80 - create IPUIPlugin
2024-12-16 15:37:17,107 [INFO] PluginManager:220 - loadIPPluginJar : add freertos
2024-12-16 15:37:17,131 [INFO] IPUIPlugin:80 - create IPUIPlugin
2024-12-16 15:37:17,131 [INFO] PluginManager:220 - loadIPPluginJar : add genericplugin
2024-12-16 15:37:17,239 [INFO] IPUIPlugin:80 - create IPUIPlugin
2024-12-16 15:37:17,239 [INFO] PluginManager:220 - loadIPPluginJar : add gfxmmu
2024-12-16 15:37:17,382 [INFO] IPUIPlugin:80 - create IPUIPlugin
2024-12-16 15:37:17,382 [INFO] PluginManager:220 - loadIPPluginJar : add gic
2024-12-16 15:37:17,395 [INFO] IPUIPlugin:80 - create IPUIPlugin
2024-12-16 15:37:17,395 [INFO] PluginManager:220 - loadIPPluginJar : add gpio
2024-12-16 15:37:17,490 [INFO] IPUIPlugin:80 - create IPUIPlugin
2024-12-16 15:37:17,490 [INFO] PluginManager:220 - loadIPPluginJar : add gtzc
2024-12-16 15:37:17,524 [INFO] IPUIPlugin:80 - create IPUIPlugin
2024-12-16 15:37:17,524 [INFO] PluginManager:220 - loadIPPluginJar : add hash
2024-12-16 15:37:17,577 [INFO] IPUIPlugin:80 - create IPUIPlugin
2024-12-16 15:37:17,577 [INFO] PluginManager:220 - loadIPPluginJar : add i2c
2024-12-16 15:37:17,616 [INFO] IPUIPlugin:80 - create IPUIPlugin
2024-12-16 15:37:17,617 [INFO] PluginManager:220 - loadIPPluginJar : add i2s
2024-12-16 15:37:17,658 [INFO] IPUIPlugin:80 - create IPUIPlugin
2024-12-16 15:37:17,658 [INFO] PluginManager:220 - loadIPPluginJar : add i3c
2024-12-16 15:37:17,745 [INFO] IPUIPlugin:80 - create IPUIPlugin
2024-12-16 15:37:17,745 [INFO] PluginManager:220 - loadIPPluginJar : add ipddr
2024-12-16 15:37:17,829 [INFO] IPUIPlugin:80 - create IPUIPlugin
2024-12-16 15:37:17,829 [INFO] PluginManager:220 - loadIPPluginJar : add linkedlist
2024-12-16 15:37:17,861 [INFO] IPUIPlugin:80 - create IPUIPlugin
2024-12-16 15:37:17,861 [INFO] PluginManager:220 - loadIPPluginJar : add lorawan
2024-12-16 15:37:17,895 [INFO] IPUIPlugin:80 - create IPUIPlugin
2024-12-16 15:37:17,896 [INFO] PluginManager:220 - loadIPPluginJar : add ltdc
2024-12-16 15:37:17,911 [INFO] IPUIPlugin:80 - create IPUIPlugin
2024-12-16 15:37:17,911 [INFO] PluginManager:220 - loadIPPluginJar : add mdma
2024-12-16 15:37:17,924 [INFO] IPUIPlugin:80 - create IPUIPlugin
2024-12-16 15:37:17,924 [INFO] PluginManager:220 - loadIPPluginJar : add nvic
2024-12-16 15:37:17,961 [INFO] IPUIPlugin:80 - create IPUIPlugin
2024-12-16 15:37:17,962 [INFO] PluginManager:220 - loadIPPluginJar : add opamp
2024-12-16 15:37:18,013 [INFO] IPUIPlugin:80 - create IPUIPlugin
2024-12-16 15:37:18,014 [INFO] PluginManager:220 - loadIPPluginJar : add openamp
2024-12-16 15:37:18,052 [INFO] IPUIPlugin:80 - create IPUIPlugin
2024-12-16 15:37:18,052 [INFO] PluginManager:220 - loadIPPluginJar : add pdm2pcm
2024-12-16 15:37:18,064 [INFO] IPUIPlugin:80 - create IPUIPlugin
2024-12-16 15:37:18,066 [INFO] PluginManager:220 - loadIPPluginJar : add plateformsettings
2024-12-16 15:37:18,086 [INFO] IPUIPlugin:80 - create IPUIPlugin
2024-12-16 15:37:18,086 [INFO] PluginManager:220 - loadIPPluginJar : add quadspi
2024-12-16 15:37:18,097 [INFO] IPUIPlugin:80 - create IPUIPlugin
2024-12-16 15:37:18,097 [INFO] PluginManager:220 - loadIPPluginJar : add resmgrutility
2024-12-16 15:37:18,133 [INFO] IPUIPlugin:80 - create IPUIPlugin
2024-12-16 15:37:18,134 [INFO] PluginManager:220 - loadIPPluginJar : add sai
2024-12-16 15:37:18,164 [INFO] IPUIPlugin:80 - create IPUIPlugin
2024-12-16 15:37:18,164 [INFO] PluginManager:220 - loadIPPluginJar : add spi
2024-12-16 15:37:18,213 [INFO] IPUIPlugin:80 - create IPUIPlugin
2024-12-16 15:37:18,213 [INFO] PluginManager:220 - loadIPPluginJar : add stm32_wpan
2024-12-16 15:37:18,230 [INFO] IPUIPlugin:80 - create IPUIPlugin
2024-12-16 15:37:18,231 [INFO] PluginManager:220 - loadIPPluginJar : add tim
2024-12-16 15:37:18,281 [INFO] IPUIPlugin:80 - create IPUIPlugin
2024-12-16 15:37:18,282 [INFO] PluginManager:220 - loadIPPluginJar : add touchsensing
2024-12-16 15:37:18,305 [INFO] IPUIPlugin:80 - create IPUIPlugin
2024-12-16 15:37:18,305 [INFO] PluginManager:220 - loadIPPluginJar : add tracer_emb
2024-12-16 15:37:18,330 [INFO] IPUIPlugin:80 - create IPUIPlugin
2024-12-16 15:37:18,330 [INFO] PluginManager:220 - loadIPPluginJar : add ts
2024-12-16 15:37:18,353 [INFO] IPUIPlugin:80 - create IPUIPlugin
2024-12-16 15:37:18,354 [INFO] PluginManager:220 - loadIPPluginJar : add tsc
2024-12-16 15:37:18,375 [INFO] IPUIPlugin:80 - create IPUIPlugin
2024-12-16 15:37:18,375 [INFO] PluginManager:220 - loadIPPluginJar : add ucpd
2024-12-16 15:37:18,423 [INFO] IPUIPlugin:80 - create IPUIPlugin
2024-12-16 15:37:18,423 [INFO] PluginManager:220 - loadIPPluginJar : add usart
2024-12-16 15:37:18,472 [INFO] IPUIPlugin:80 - create IPUIPlugin
2024-12-16 15:37:18,472 [INFO] PluginManager:220 - loadIPPluginJar : add usbx
2024-12-16 15:37:18,584 [INFO] CADModel:165 - CPN selected for project level
2024-12-16 15:37:18,584 [INFO] CADModel:114 - Register for checkConnection events
2024-12-16 15:37:18,584 [FATAL] Updater:308 - Updater called before beeing initialized
2024-12-16 15:37:18,584 [ERROR] CADModel:125 - Updater not yet initialized, retry later 
2024-12-16 15:37:18,682 [INFO] CADModel:165 - CPN selected for project level
2024-12-16 15:37:18,682 [INFO] CADModel:114 - Register for checkConnection events
2024-12-16 15:37:18,682 [FATAL] Updater:308 - Updater called before beeing initialized
2024-12-16 15:37:18,682 [ERROR] CADModel:125 - Updater not yet initialized, retry later 
2024-12-16 15:37:18,684 [FATAL] Updater:308 - Updater called before beeing initialized
2024-12-16 15:37:18,773 [FATAL] Updater:308 - Updater called before beeing initialized
2024-12-16 15:37:18,784 [INFO] DbMcusAds:53 - JSON generation date=Thu May 16 11:22:00 CEST 2024 (1715851320667)
2024-12-16 15:37:18,784 [FATAL] Updater:308 - Updater called before beeing initialized
2024-12-16 15:37:18,848 [WARN] DetailPanel:346 - Failed to get advertising image, set to default
2024-12-16 15:37:18,922 [FATAL] Updater:308 - Updater called before beeing initialized
2024-12-16 15:37:18,924 [FATAL] Updater:308 - Updater called before beeing initialized
2024-12-16 15:37:18,924 [FATAL] Updater:308 - Updater called before beeing initialized
2024-12-16 15:37:18,924 [WARN] DetailPanel:346 - Failed to get advertising image, set to default
2024-12-16 15:37:18,924 [FATAL] Updater:308 - Updater called before beeing initialized
2024-12-16 15:37:18,974 [ERROR] Updater:1120 - MainUpdater not yet initialized. External WinMGr cannot be set.
2024-12-16 15:37:18,986 [INFO] Updater:1056 - Updater Version found : 6.11.1
2024-12-16 15:37:19,013 [INFO] ApplicationProperties:184 - Using Application install path: C:\ST\STM32CubeIDE_1.13.2\STM32CubeIDE\plugins\com.st.stm32cube.common.mx_6.11.1.202404110753
2024-12-16 15:37:19,076 [INFO] ThirdPartyUpdaterWithRetryManager:70 - Updater plugin not ready yet. [2/15]
2024-12-16 15:37:20,600 [ERROR] LogOutputStream:75 - [STDERR_REDIRECT] Dec 16, 2024 3:37:20 PM java.util.prefs.WindowsPreferences <init>
2024-12-16 15:37:20,601 [ERROR] LogOutputStream:75 - [STDERR_REDIRECT] WARNING: Could not open/create prefs root node Software\JavaSoft\Prefs at root 0xffffffff80000002. Windows RegCreateKeyEx(...) returned error code 5.
2024-12-16 15:37:20,601 [ERROR] LogOutputStream:75 - [STDERR_REDIRECT] 
2024-12-16 15:37:20,886 [INFO] MainUpdater:2873 - connection check result : 10
2024-12-16 15:37:20,886 [INFO] MainUpdater:290 - Updater Check For Update Now.
2024-12-16 15:37:20,886 [INFO] MicroXplorer:498 - Change Database Version : DB.6.0.111
2024-12-16 15:37:20,900 [INFO] McuFinderGlobals:63 - Set McuFinder mode to 2 (CubeIDE integrated)
2024-12-16 15:37:20,911 [INFO] UserAuth:415 - Internet connection configuration mode: 1
2024-12-16 15:37:20,930 [INFO] JxBrowserEngine:152 - Initiate JxBrowser Engine with user profile folder
2024-12-16 15:37:21,092 [INFO] CheckServerUpdateThread:120 - End of CheckServer Thread
2024-12-16 15:37:22,217 [WARN] PackLoader:240 - Cannot read IP mode file for STMicroelectronics.FP-SNS-MOTENVWB1.1.4.0
2024-12-16 15:37:22,234 [WARN] PackLoader:240 - Cannot read IP mode file for STMicroelectronics.FP-ATR-ASTRA1.2.0.1
2024-12-16 15:37:22,245 [WARN] PackLoader:240 - Cannot read IP mode file for STMicroelectronics.X-CUBE-SMBUS.2.1.0
2024-12-16 15:37:22,256 [WARN] PackLoader:240 - Cannot read IP mode file for STMicroelectronics.X-CUBE-WB05N.1.1.0
2024-12-16 15:37:22,266 [WARN] PackLoader:240 - Cannot read IP mode file for STMicroelectronics.X-CUBE-TOUCHGFX.4.23.0
2024-12-16 15:37:22,274 [WARN] PackLoader:240 - Cannot read IP mode file for STMicroelectronics.X-CUBE-TOUCHGFX.4.23.2
2024-12-16 15:37:22,300 [WARN] PackLoader:240 - Cannot read IP mode file for STMicroelectronics.X-CUBE-AZRTOS-F7.1.1.0
2024-12-16 15:37:22,317 [WARN] PackLoader:240 - Cannot read IP mode file for STMicroelectronics.FP-SNS-MOTENV1.4.3.2
2024-12-16 15:37:22,368 [WARN] PackLoader:240 - Cannot read IP mode file for STMicroelectronics.X-CUBE-MEMS1.11.0.0
2024-12-16 15:37:22,601 [WARN] PackLoader:240 - Cannot read IP mode file for STMicroelectronics.FP-SNS-FLIGHT1.5.0.2
2024-12-16 15:37:22,634 [WARN] PackLoader:240 - Cannot read IP mode file for STMicroelectronics.X-CUBE-DISPLAY.3.0.0
2024-12-16 15:37:22,668 [WARN] PackLoader:240 - Cannot read IP mode file for STMicroelectronics.X-CUBE-BLE1.7.0.0
2024-12-16 15:37:22,693 [WARN] PackLoader:240 - Cannot read IP mode file for STMicroelectronics.X-CUBE-NFC10.1.0.0
2024-12-16 15:37:22,723 [WARN] PackLoader:240 - Cannot read IP mode file for STMicroelectronics.X-CUBE-BLEMGR.4.0.0
2024-12-16 15:37:22,755 [WARN] PackLoader:240 - Cannot read IP mode file for emotas.I-CUBE-CANOPEN.1.3.0
2024-12-16 15:37:22,786 [WARN] PackLoader:240 - Cannot read IP mode file for STMicroelectronics.X-CUBE-TOUCHGFX.4.22.1
2024-12-16 15:37:22,823 [WARN] PackLoader:240 - Cannot read IP mode file for STMicroelectronics.X-CUBE-BLEMGR.3.1.0
2024-12-16 15:37:22,850 [WARN] PackLoader:240 - Cannot read IP mode file for STMicroelectronics.FP-SNS-SMARTAG2.1.2.0
2024-12-16 15:37:22,889 [INFO] LogOutputStream:77 - [STDOUT_REDIRECT] 1 : Invalid condition id : UX_CORESTACK_Condition cause : null
2024-12-16 15:37:22,890 [INFO] LogOutputStream:77 - [STDOUT_REDIRECT] 1 : Invalid condition id : UX_CORESTACK_Condition cause : null
2024-12-16 15:37:22,891 [INFO] LogOutputStream:77 - [STDOUT_REDIRECT] 1 : Invalid condition id : UX_CORESTACK_Condition cause : null
2024-12-16 15:37:22,892 [INFO] LogOutputStream:77 - [STDOUT_REDIRECT] 1 : Invalid condition id : UX_CORESTACK_Condition cause : null
2024-12-16 15:37:22,893 [INFO] LogOutputStream:77 - [STDOUT_REDIRECT] 1 : Invalid condition id : UX_CORESTACK_Condition cause : null
2024-12-16 15:37:22,896 [WARN] PackLoader:240 - Cannot read IP mode file for STMicroelectronics.X-CUBE-AZRTOS-WL.2.0.0
2024-12-16 15:37:22,924 [WARN] PackLoader:240 - Cannot read IP mode file for STMicroelectronics.FP-SNS-MOTENV1.5.0.0
2024-12-16 15:37:22,951 [WARN] PackLoader:240 - Cannot read IP mode file for wolfSSL.I-CUBE-wolfMQTT.1.19.0
2024-12-16 15:37:22,983 [WARN] PackLoader:240 - Cannot read IP mode file for WES.I-CUBE-Cesium.1.3.0
2024-12-16 15:37:23,003 [WARN] PackLoader:240 - Cannot read IP mode file for STMicroelectronics.X-CUBE-BLE2.3.3.0
2024-12-16 15:37:23,025 [WARN] PackLoader:240 - Cannot read IP mode file for STMicroelectronics.X-CUBE-NFC9.1.0.0
2024-12-16 15:37:23,045 [WARN] PackLoader:240 - Cannot read IP mode file for STMicroelectronics.X-CUBE-TCPP.4.1.0
2024-12-16 15:37:23,076 [WARN] PackLoader:240 - Cannot read IP mode file for STMicroelectronics.X-CUBE-ALGOBUILD.1.3.0
2024-12-16 15:37:23,115 [WARN] PackLoader:240 - Cannot read IP mode file for STMicroelectronics.X-CUBE-AZRTOS-G0.1.1.0
2024-12-16 15:37:23,142 [WARN] PackLoader:240 - Cannot read IP mode file for STMicroelectronics.X-CUBE-SAFEA1.1.2.2
2024-12-16 15:37:23,174 [WARN] PackLoader:240 - Cannot read IP mode file for STMicroelectronics.X-CUBE-NFC4.3.0.0
2024-12-16 15:37:23,197 [WARN] PackLoader:240 - Cannot read IP mode file for wolfSSL.I-CUBE-wolfMQTT.1.18.0
2024-12-16 15:37:23,228 [WARN] PackLoader:240 - Cannot read IP mode file for EmbeddedOffice.I-CUBE-FS-RTOS.1.0.1
2024-12-16 15:37:23,229 [ERROR] ConditionMgr:805 - Attr not supported : Dmpu
2024-12-16 15:37:23,230 [ERROR] ConditionMgr:805 - Attr not supported : Dmpu
2024-12-16 15:37:23,230 [ERROR] ConditionMgr:805 - Attr not supported : Dmpu
2024-12-16 15:37:23,230 [ERROR] ConditionMgr:805 - Attr not supported : Dmpu
2024-12-16 15:37:23,230 [ERROR] ConditionMgr:805 - Attr not supported : Dmpu
2024-12-16 15:37:23,230 [ERROR] ConditionMgr:805 - Attr not supported : Dmpu
2024-12-16 15:37:23,230 [ERROR] ConditionMgr:805 - Attr not supported : Dmpu
2024-12-16 15:37:23,230 [ERROR] ConditionMgr:805 - Attr not supported : Dmpu
2024-12-16 15:37:23,230 [ERROR] ConditionMgr:805 - Attr not supported : Dmpu
2024-12-16 15:37:23,230 [ERROR] ConditionMgr:805 - Attr not supported : Dmpu
2024-12-16 15:37:23,230 [ERROR] ConditionMgr:805 - Attr not supported : Dmpu
2024-12-16 15:37:23,230 [ERROR] ConditionMgr:805 - Attr not supported : Dmpu
2024-12-16 15:37:23,230 [ERROR] ConditionMgr:805 - Attr not supported : Dmpu
2024-12-16 15:37:23,231 [ERROR] ConditionMgr:805 - Attr not supported : Dmpu
2024-12-16 15:37:23,231 [ERROR] ConditionMgr:805 - Attr not supported : Dmpu
2024-12-16 15:37:23,231 [ERROR] ConditionMgr:805 - Attr not supported : Dmpu
2024-12-16 15:37:23,231 [ERROR] ConditionMgr:805 - Attr not supported : Dmpu
2024-12-16 15:37:23,231 [ERROR] ConditionMgr:805 - Attr not supported : Dmpu
2024-12-16 15:37:23,231 [ERROR] ConditionMgr:805 - Attr not supported : Dmpu
2024-12-16 15:37:23,231 [ERROR] ConditionMgr:805 - Attr not supported : Dmpu
2024-12-16 15:37:23,231 [ERROR] ConditionMgr:805 - Attr not supported : Dmpu
2024-12-16 15:37:23,231 [ERROR] ConditionMgr:805 - Attr not supported : Dmpu
2024-12-16 15:37:23,231 [ERROR] ConditionMgr:805 - Attr not supported : Dmpu
2024-12-16 15:37:23,231 [ERROR] ConditionMgr:805 - Attr not supported : Dmpu
2024-12-16 15:37:23,231 [ERROR] ConditionMgr:805 - Attr not supported : Dmpu
2024-12-16 15:37:23,231 [ERROR] ConditionMgr:805 - Attr not supported : Dmpu
2024-12-16 15:37:23,231 [ERROR] ConditionMgr:805 - Attr not supported : Dmpu
2024-12-16 15:37:23,231 [ERROR] ConditionMgr:805 - Attr not supported : Dmpu
2024-12-16 15:37:23,231 [ERROR] ConditionMgr:805 - Attr not supported : Dmpu
2024-12-16 15:37:23,231 [ERROR] ConditionMgr:805 - Attr not supported : Dmpu
2024-12-16 15:37:23,232 [ERROR] ConditionMgr:805 - Attr not supported : Dmpu
2024-12-16 15:37:23,232 [ERROR] ConditionMgr:805 - Attr not supported : Dmpu
2024-12-16 15:37:23,232 [ERROR] ConditionMgr:805 - Attr not supported : Dmpu
2024-12-16 15:37:23,232 [ERROR] ConditionMgr:805 - Attr not supported : Dmpu
2024-12-16 15:37:23,232 [ERROR] ConditionMgr:805 - Attr not supported : Dmpu
2024-12-16 15:37:23,232 [ERROR] ConditionMgr:805 - Attr not supported : Dmpu
2024-12-16 15:37:23,232 [ERROR] ConditionMgr:805 - Attr not supported : Dmpu
2024-12-16 15:37:23,232 [ERROR] ConditionMgr:805 - Attr not supported : Dmpu
2024-12-16 15:37:23,232 [ERROR] ConditionMgr:805 - Attr not supported : Dmpu
2024-12-16 15:37:23,232 [ERROR] ConditionMgr:805 - Attr not supported : Dmpu
2024-12-16 15:37:23,232 [ERROR] ConditionMgr:805 - Attr not supported : Dmpu
2024-12-16 15:37:23,232 [ERROR] ConditionMgr:805 - Attr not supported : Dmpu
2024-12-16 15:37:23,232 [ERROR] ConditionMgr:805 - Attr not supported : Dmpu
2024-12-16 15:37:23,233 [ERROR] ConditionMgr:805 - Attr not supported : Dmpu
2024-12-16 15:37:23,233 [ERROR] ConditionMgr:805 - Attr not supported : Dmpu
2024-12-16 15:37:23,233 [ERROR] ConditionMgr:805 - Attr not supported : Dmpu
2024-12-16 15:37:23,233 [ERROR] ConditionMgr:805 - Attr not supported : Dmpu
2024-12-16 15:37:23,233 [ERROR] ConditionMgr:805 - Attr not supported : Dmpu
2024-12-16 15:37:23,233 [ERROR] ConditionMgr:805 - Attr not supported : Dmpu
2024-12-16 15:37:23,233 [ERROR] ConditionMgr:805 - Attr not supported : Dmpu
2024-12-16 15:37:23,233 [ERROR] ConditionMgr:805 - Attr not supported : Dmpu
2024-12-16 15:37:23,233 [ERROR] ConditionMgr:805 - Attr not supported : Dmpu
2024-12-16 15:37:23,233 [ERROR] ConditionMgr:805 - Attr not supported : Dmpu
2024-12-16 15:37:23,233 [ERROR] ConditionMgr:805 - Attr not supported : Dmpu
2024-12-16 15:37:23,233 [ERROR] ConditionMgr:805 - Attr not supported : Dmpu
2024-12-16 15:37:23,233 [ERROR] ConditionMgr:805 - Attr not supported : Dmpu
2024-12-16 15:37:23,233 [ERROR] ConditionMgr:805 - Attr not supported : Dmpu
2024-12-16 15:37:23,233 [ERROR] ConditionMgr:805 - Attr not supported : Dmpu
2024-12-16 15:37:23,233 [ERROR] ConditionMgr:805 - Attr not supported : Dmpu
2024-12-16 15:37:23,234 [ERROR] ConditionMgr:805 - Attr not supported : Dmpu
2024-12-16 15:37:23,234 [ERROR] ConditionMgr:805 - Attr not supported : Dmpu
2024-12-16 15:37:23,234 [ERROR] ConditionMgr:805 - Attr not supported : Dmpu
2024-12-16 15:37:23,234 [ERROR] ConditionMgr:805 - Attr not supported : Dmpu
2024-12-16 15:37:23,234 [ERROR] ConditionMgr:805 - Attr not supported : Dmpu
2024-12-16 15:37:23,258 [WARN] PackLoader:240 - Cannot read IP mode file for STMicroelectronics.X-CUBE-BLEMGR.3.0.0
2024-12-16 15:37:23,278 [ERROR] Engine:466 - C:\Users\user\.stm32cubemx\thirdparties\pdsc\STMicroelectronics.X-CUBE-TCPP.4.2.0.pdsc: PDSC version is not supported
2024-12-16 15:37:23,302 [WARN] PackLoader:240 - Cannot read IP mode file for RealThread.X-CUBE-RT-Thread_Nano.4.1.1
2024-12-16 15:37:23,315 [WARN] PackLoader:240 - Cannot read IP mode file for STMicroelectronics.FP-ATR-SIGFOX1.3.2.0
2024-12-16 15:37:23,329 [WARN] ConditionMgr:438 - getConditionDescription Invalid condition id : Cortex-A Device cause : null
2024-12-16 15:37:23,353 [WARN] ConditionMgr:1039 - genDependencies : Invalid condition id : Cortex-A Device cause : null
2024-12-16 15:37:23,354 [WARN] ConditionMgr:1039 - genDependencies : Invalid condition id : Cortex-A Device cause : null
2024-12-16 15:37:23,354 [WARN] ConditionMgr:1039 - genDependencies : Invalid condition id : Cortex-A Device cause : null
2024-12-16 15:37:23,373 [WARN] PackLoader:240 - Cannot read IP mode file for STMicroelectronics.X-CUBE-EEPRMA1.5.1.0
2024-12-16 15:37:23,408 [WARN] PackLoader:240 - Cannot read IP mode file for SEGGER.I-CUBE-embOS.1.3.1
2024-12-16 15:37:23,462 [WARN] PackLoader:240 - Cannot read IP mode file for STMicroelectronics.X-CUBE-ALGOBUILD.1.4.0
2024-12-16 15:37:23,484 [WARN] PackLoader:240 - Cannot read IP mode file for STMicroelectronics.X-CUBE-AI.9.1.0
2024-12-16 15:37:23,506 [WARN] PackLoader:240 - Cannot read IP mode file for STMicroelectronics.X-CUBE-GNSS1.6.0.0
2024-12-16 15:37:23,543 [WARN] PackLoader:240 - Cannot read IP mode file for STMicroelectronics.X-CUBE-AZRTOS-F4.1.1.0
2024-12-16 15:37:23,574 [WARN] PackLoader:240 - Cannot read IP mode file for wolfSSL.I-CUBE-wolfSSL.5.6.3
2024-12-16 15:37:23,599 [WARN] PackLoader:240 - Cannot read IP mode file for STMicroelectronics.X-CUBE-ISPU.2.1.0
2024-12-16 15:37:23,628 [WARN] PackLoader:240 - Cannot read IP mode file for STMicroelectronics.X-CUBE-FREERTOS.1.2.0
2024-12-16 15:37:23,679 [WARN] PackLoader:240 - Cannot read IP mode file for STMicroelectronics.X-CUBE-AZRTOS-L5.2.0.0
2024-12-16 15:37:23,758 [WARN] PackLoader:240 - Cannot read IP mode file for STMicroelectronics.X-CUBE-MEMS1.9.6.0
2024-12-16 15:37:23,924 [WARN] PackLoader:240 - Cannot read IP mode file for STMicroelectronics.X-CUBE-EEPRMA1.4.2.0
2024-12-16 15:37:23,951 [WARN] PackLoader:240 - Cannot read IP mode file for STMicroelectronics.X-CUBE-NFC6.3.1.0
2024-12-16 15:37:23,970 [WARN] PackLoader:240 - Cannot read IP mode file for ITTIA_DB.I-CUBE-ITTIADB.8.8.0
2024-12-16 15:37:23,994 [WARN] PackLoader:240 - Cannot read IP mode file for STMicroelectronics.X-CUBE-BLEMGR.2.0.0
2024-12-16 15:37:24,018 [WARN] PackLoader:240 - Cannot read IP mode file for STMicroelectronics.X-CUBE-DPower.1.2.0
2024-12-16 15:37:24,035 [WARN] PackLoader:240 - Cannot read IP mode file for STMicroelectronics.X-CUBE-AI.9.0.0
2024-12-16 15:37:24,064 [WARN] ConditionMgr:438 - getConditionDescription Invalid condition id : UX DEVICE CLASS RTOS Condition cause : null
2024-12-16 15:37:24,064 [WARN] ConditionMgr:438 - getConditionDescription Invalid condition id : UX DEVICE CLASS RTOS Condition cause : null
2024-12-16 15:37:24,066 [WARN] PackLoader:240 - Cannot read IP mode file for STMicroelectronics.X-CUBE-AZRTOS-H7.3.1.0
2024-12-16 15:37:24,067 [WARN] ConditionMgr:1039 - genDependencies : Invalid condition id : UX DEVICE CLASS RTOS Condition cause : null
2024-12-16 15:37:24,067 [WARN] ConditionMgr:1039 - genDependencies : Invalid condition id : UX DEVICE CLASS RTOS Condition cause : null
2024-12-16 15:37:24,068 [WARN] ConditionMgr:1039 - genDependencies : Invalid condition id : UX DEVICE CLASS RTOS Condition cause : null
2024-12-16 15:37:24,068 [WARN] ConditionMgr:1039 - genDependencies : Invalid condition id : UX DEVICE CLASS RTOS Condition cause : null
2024-12-16 15:37:24,068 [WARN] ConditionMgr:1039 - genDependencies : Invalid condition id : UX DEVICE CLASS RTOS Condition cause : null
2024-12-16 15:37:24,087 [WARN] PackLoader:240 - Cannot read IP mode file for STMicroelectronics.X-CUBE-FREERTOS.1.3.0
2024-12-16 15:37:24,105 [WARN] PackLoader:240 - Cannot read IP mode file for STMicroelectronics.X-CUBE-NFC7.1.0.1
2024-12-16 15:37:24,131 [WARN] PackLoader:240 - Cannot read IP mode file for wolfSSL.I-CUBE-wolfTPM.3.2.0
2024-12-16 15:37:24,157 [WARN] PackLoader:240 - Cannot read IP mode file for STMicroelectronics.X-CUBE-NFC6.3.0.0
2024-12-16 15:37:24,185 [WARN] PackLoader:240 - Cannot read IP mode file for STMicroelectronics.X-CUBE-EEPRMA1.4.1.0
2024-12-16 15:37:24,210 [WARN] PackLoader:240 - Cannot read IP mode file for STMicroelectronics.X-CUBE-AI.8.1.0
2024-12-16 15:37:24,252 [WARN] ConditionMgr:438 - getConditionDescription Invalid condition id : LAN8742 Phy interface Condition cause : null
2024-12-16 15:37:24,253 [WARN] PackLoader:240 - Cannot read IP mode file for STMicroelectronics.X-CUBE-AZRTOS-L4.2.0.0
2024-12-16 15:37:24,254 [WARN] ConditionMgr:1039 - genDependencies : Invalid condition id : LAN8742 Phy interface Condition cause : null
2024-12-16 15:37:24,255 [WARN] ConditionMgr:1039 - genDependencies : Invalid condition id : LAN8742 Phy interface Condition cause : null
2024-12-16 15:37:24,255 [WARN] ConditionMgr:1039 - genDependencies : Invalid condition id : LAN8742 Phy interface Condition cause : null
2024-12-16 15:37:24,284 [WARN] PackLoader:240 - Cannot read IP mode file for STMicroelectronics.X-CUBE-SFXS2LP1.4.0.0
2024-12-16 15:37:24,312 [WARN] PackLoader:240 - Cannot read IP mode file for STMicroelectronics.X-CUBE-ISPU.1.1.0
2024-12-16 15:37:24,349 [WARN] PackLoader:240 - Cannot read IP mode file for STMicroelectronics.X-CUBE-AZRTOS-H7.3.3.0
2024-12-16 15:37:24,370 [WARN] PackLoader:240 - Cannot read IP mode file for STMicroelectronics.X-CUBE-IPS.3.0.0
2024-12-16 15:37:24,410 [WARN] ConditionMgr:438 - getConditionDescription Invalid condition id : UX DEVICE CLASS RTOS Condition cause : null
2024-12-16 15:37:24,411 [WARN] ConditionMgr:438 - getConditionDescription Invalid condition id : UX DEVICE CLASS RTOS Condition cause : null
2024-12-16 15:37:24,413 [WARN] PackLoader:240 - Cannot read IP mode file for STMicroelectronics.X-CUBE-AZRTOS-WB.2.0.0
2024-12-16 15:37:24,413 [WARN] ConditionMgr:1039 - genDependencies : Invalid condition id : UX DEVICE CLASS RTOS Condition cause : null
2024-12-16 15:37:24,413 [WARN] ConditionMgr:1039 - genDependencies : Invalid condition id : UX DEVICE CLASS RTOS Condition cause : null
2024-12-16 15:37:24,413 [WARN] ConditionMgr:1039 - genDependencies : Invalid condition id : UX DEVICE CLASS RTOS Condition cause : null
2024-12-16 15:37:24,414 [WARN] ConditionMgr:1039 - genDependencies : Invalid condition id : UX DEVICE CLASS RTOS Condition cause : null
2024-12-16 15:37:24,414 [WARN] ConditionMgr:1039 - genDependencies : Invalid condition id : UX DEVICE CLASS RTOS Condition cause : null
2024-12-16 15:37:24,437 [WARN] PackLoader:240 - Cannot read IP mode file for STMicroelectronics.X-CUBE-GNSS1.7.0.0
2024-12-16 15:37:24,457 [WARN] PackLoader:240 - Cannot read IP mode file for STMicroelectronics.FP-SNS-STBOX1.2.0.0
2024-12-16 15:37:24,478 [WARN] PackLoader:240 - Cannot read IP mode file for STMicroelectronics.X-CUBE-SUBG2.5.0.0
2024-12-16 15:37:24,496 [WARN] PackLoader:240 - Cannot read IP mode file for Cesanta.I-CUBE-Mongoose.7.13.0
2024-12-16 15:37:24,510 [WARN] PackLoader:240 - Cannot read IP mode file for STMicroelectronics.X-CUBE-TOF1.3.3.1
2024-12-16 15:37:24,538 [WARN] PackLoader:240 - Cannot read IP mode file for STMicroelectronics.X-CUBE-AZRTOS-G4.2.0.0
2024-12-16 15:37:24,561 [WARN] PackLoader:240 - Cannot read IP mode file for Infineon.AIROC-Wi-Fi-Bluetooth-STM32.1.5.1
2024-12-16 15:37:24,577 [WARN] PackLoader:240 - Cannot read IP mode file for STMicroelectronics.FP-SNS-MOTENVWB1.1.3.0
2024-12-16 15:37:24,597 [WARN] PackLoader:240 - Cannot read IP mode file for STMicroelectronics.FP-SNS-MOTENVWB1.1.3.1
2024-12-16 15:37:24,619 [WARN] PackLoader:240 - Cannot read IP mode file for STMicroelectronics.X-CUBE-ISPU.2.0.0
2024-12-16 15:37:24,631 [WARN] PackLoader:240 - Cannot read IP mode file for STMicroelectronics.X-CUBE-ALS.1.0.2
2024-12-16 15:37:24,682 [WARN] PackLoader:240 - Cannot read IP mode file for STMicroelectronics.X-CUBE-MEMS1.10.0.0
2024-12-16 15:37:24,784 [WARN] PackLoader:240 - Cannot read IP mode file for STMicroelectronics.X-CUBE-FREERTOS.1.1.0
2024-12-16 15:37:24,799 [WARN] PackLoader:240 - Cannot read IP mode file for STMicroelectronics.X-CUBE-TOUCHGFX.4.24.0
2024-12-16 15:37:24,815 [WARN] PackLoader:240 - Cannot read IP mode file for STMicroelectronics.X-CUBE-TOUCHGFX.4.24.1
2024-12-16 15:37:24,827 [WARN] PackLoader:240 - Cannot read IP mode file for portGmbH.I-Cube-SoM-uGOAL.1.1.0
2024-12-16 15:37:24,839 [WARN] PackLoader:240 - Cannot read IP mode file for STMicroelectronics.X-CUBE-ALS.1.0.1
2024-12-16 15:37:24,862 [WARN] PackLoader:240 - Cannot read IP mode file for STMicroelectronics.X-CUBE-AZRTOS-H7RS.1.0.0
2024-12-16 15:37:24,875 [WARN] PackLoader:240 - Cannot read IP mode file for STMicroelectronics.FP-ATR-ASTRA1.2.0.0
2024-12-16 15:37:24,889 [WARN] PackLoader:240 - Cannot read IP mode file for STMicroelectronics.X-CUBE-TOF1.3.4.2
2024-12-16 15:37:24,907 [WARN] PackLoader:240 - Cannot read IP mode file for STMicroelectronics.X-CUBE-TOF1.3.4.0
2024-12-16 15:37:24,933 [WARN] PackLoader:240 - Cannot read IP mode file for STMicroelectronics.X-CUBE-TOF1.3.4.1
2024-12-16 15:37:24,967 [WARN] PackLoader:240 - Cannot read IP mode file for STMicroelectronics.X-CUBE-AZRTOS-H7.3.2.0
2024-12-16 15:37:24,986 [WARN] PackLoader:240 - Cannot read IP mode file for wolfSSL.I-CUBE-wolfSSH.1.4.17
2024-12-16 15:37:24,987 [INFO] ThirdParty:978 - Integrity check success = true
2024-12-16 15:37:24,987 [INFO] IntegrityCheckThread:100 - exiting critical section [integrity check]
2024-12-16 15:37:24,987 [INFO] IntegrityCheckThread:103 - End integrity checks thread
2024-12-16 15:37:28,186 [INFO] WebApp:161 - Instantiating new browser for Auth
2024-12-16 15:37:28,958 [INFO] WebApp:779 - Register for checkConnection events
2024-12-16 15:37:28,959 [INFO] WebApp:414 - Apply proxy settings
2024-12-16 15:37:28,959 [INFO] WebApp:499 - Chromium requires no authentication
2024-12-16 15:37:28,970 [INFO] WebApp:442 - Direct internet connection detected
2024-12-16 15:37:29,133 [INFO] WebApp:192 - Starting web application
2024-12-16 15:37:29,133 [INFO] WebApp:544 - Web application path used C:\ST\STM32CubeIDE_1.13.2\STM32CubeIDE\plugins\com.st.stm32cube.common.mx_6.11.1.202404110753\db\plugins\mcufinder\reactClient1\index.html
